2023-09-10 22:42:37,804 [INFO] Activator:176 - 


2023-09-10 22:42:37,805 [INFO] Activator:177 - !SESSION log4j initialized
2023-09-10 22:42:40,197 [INFO] LogOutputStream:77 - [STDOUT_REDIRECT] 
2023-09-10 22:42:42,047 [INFO] ApplicationProperties:184 - Using Application install path: C:\ST\STM32CubeIDE_1.13.0\STM32CubeIDE\plugins\com.st.stm32cube.common.mx_6.9.0.202307051724
2023-09-10 22:42:42,064 [INFO] DbMcusXml:78 - Set database path to: C:\ST\STM32CubeIDE_1.13.0\STM32CubeIDE\plugins\com.st.stm32cube.common.mx_6.9.0.202307051724\\db\/mcu/
2023-09-10 22:42:42,065 [INFO] ApiDb:274 - Set plugin database path to: C:\ST\STM32CubeIDE_1.13.0\STM32CubeIDE\plugins\com.st.stm32cube.common.mx_6.9.0.202307051724\\db\/plugins/boardmanager/
2023-09-10 22:42:42,065 [WARN] ApiDb:259 - Overriding images path with different value:  => C:\ST\STM32CubeIDE_1.13.0\STM32CubeIDE\plugins\com.st.stm32cube.common.mx_6.9.0.202307051724\\db\/plugins/mcufinder/images/
2023-09-10 22:42:42,072 [INFO] ApiDb:250 - Set database path to: C:\Users\honho\.stmcufinder\plugins\mcufinder//mcu/
2023-09-10 22:42:42,073 [INFO] DbMcusAds:125 - Set database path to: C:\Users\honho\.stmcufinder\plugins\mcufinder//mcu/
2023-09-10 22:42:42,074 [INFO] CrossReferenceDbSqlite:203 - Set database path to: C:\Users\honho\.stmcufinder\plugins\mcufinder//mcu/cs/
2023-09-10 22:42:42,164 [INFO] RulesReader:64 - Compatibility file has been processed (293 Rules)
2023-09-10 22:42:42,231 [INFO] DbMcusXml:78 - Set database path to: C:\ST\STM32CubeIDE_1.13.0\STM32CubeIDE\plugins\com.st.stm32cube.common.mx_6.9.0.202307051724\\db\/mcu/
2023-09-10 22:42:42,231 [INFO] ApiDb:274 - Set plugin database path to: C:\ST\STM32CubeIDE_1.13.0\STM32CubeIDE\plugins\com.st.stm32cube.common.mx_6.9.0.202307051724\\db\/plugins/boardmanager/
2023-09-10 22:42:42,231 [INFO] ApiDb:261 - Set plugin images path to: C:\ST\STM32CubeIDE_1.13.0\STM32CubeIDE\plugins\com.st.stm32cube.common.mx_6.9.0.202307051724\\db\/plugins/mcufinder/images/
2023-09-10 22:42:42,231 [WARN] DbFile:41 - Overriding database path with different value: C:\Users\honho\.stmcufinder\plugins\mcufinder/ => C:\Users\honho\.stmcufinder\plugins\mcufinder
2023-09-10 22:42:42,231 [INFO] ApiDb:250 - Set database path to: C:\Users\honho\.stmcufinder\plugins\mcufinder//mcu/
2023-09-10 22:42:42,232 [WARN] DbFile:41 - Overriding database path with different value: C:\Users\honho\.stmcufinder\plugins\mcufinder/ => C:\Users\honho\.stmcufinder\plugins\mcufinder
2023-09-10 22:42:42,232 [INFO] DbMcusAds:125 - Set database path to: C:\Users\honho\.stmcufinder\plugins\mcufinder//mcu/
2023-09-10 22:42:42,232 [WARN] DbFile:41 - Overriding database path with different value: C:\Users\honho\.stmcufinder\plugins\mcufinder/ => C:\Users\honho\.stmcufinder\plugins\mcufinder
2023-09-10 22:42:42,232 [WARN] DbFile:41 - Overriding database path with different value: C:\Users\honho\.stmcufinder\plugins\mcufinder/ => C:\Users\honho\.stmcufinder\plugins\mcufinder
2023-09-10 22:42:42,232 [INFO] CrossReferenceDbSqlite:203 - Set database path to: C:\Users\honho\.stmcufinder\plugins\mcufinder//mcu/cs/
2023-09-10 22:42:42,292 [INFO] MainPanel:262 - HeapMemory: 268435456
2023-09-10 22:42:42,353 [INFO] DbMcusXml:78 - Set database path to: C:\ST\STM32CubeIDE_1.13.0\STM32CubeIDE\plugins\com.st.stm32cube.common.mx_6.9.0.202307051724\\db\/mcu/
2023-09-10 22:42:42,353 [INFO] ApiDb:274 - Set plugin database path to: C:\ST\STM32CubeIDE_1.13.0\STM32CubeIDE\plugins\com.st.stm32cube.common.mx_6.9.0.202307051724\\db\/plugins/boardmanager/
2023-09-10 22:42:42,353 [INFO] ApiDb:261 - Set plugin images path to: C:\ST\STM32CubeIDE_1.13.0\STM32CubeIDE\plugins\com.st.stm32cube.common.mx_6.9.0.202307051724\\db\/plugins/mcufinder/images/
2023-09-10 22:42:42,354 [WARN] DbFile:41 - Overriding database path with different value: C:\Users\honho\.stmcufinder\plugins\mcufinder/ => C:\Users\honho\.stmcufinder\plugins\mcufinder
2023-09-10 22:42:42,354 [INFO] ApiDb:250 - Set database path to: C:\Users\honho\.stmcufinder\plugins\mcufinder//mcu/
2023-09-10 22:42:42,354 [WARN] DbFile:41 - Overriding database path with different value: C:\Users\honho\.stmcufinder\plugins\mcufinder/ => C:\Users\honho\.stmcufinder\plugins\mcufinder
2023-09-10 22:42:42,354 [INFO] DbMcusAds:125 - Set database path to: C:\Users\honho\.stmcufinder\plugins\mcufinder//mcu/
2023-09-10 22:42:42,354 [WARN] DbFile:41 - Overriding database path with different value: C:\Users\honho\.stmcufinder\plugins\mcufinder/ => C:\Users\honho\.stmcufinder\plugins\mcufinder
2023-09-10 22:42:42,354 [WARN] DbFile:41 - Overriding database path with different value: C:\Users\honho\.stmcufinder\plugins\mcufinder/ => C:\Users\honho\.stmcufinder\plugins\mcufinder
2023-09-10 22:42:42,354 [INFO] CrossReferenceDbSqlite:203 - Set database path to: C:\Users\honho\.stmcufinder\plugins\mcufinder//mcu/cs/
2023-09-10 22:42:42,367 [INFO] ApplicationProperties:184 - Using Application install path: C:\ST\STM32CubeIDE_1.13.0\STM32CubeIDE\plugins\com.st.stm32cube.common.mx_6.9.0.202307051724
2023-09-10 22:42:42,368 [INFO] PluginManage:196 - Search for loadable plugins [exclusion list=, ]
2023-09-10 22:42:42,369 [INFO] PluginManage:310 - Check plugin analytics
2023-09-10 22:42:42,490 [INFO] AnalyticsPlugin:253 - Accepted Software Licenses: 
2023-09-10 22:42:42,490 [INFO] AnalyticsPlugin:255 - Accepted CMSIS Pack Licenses: 
2023-09-10 22:42:42,490 [INFO] AnalyticsPlugin:257 - Accepted Firmware Licenses: FW.F7.1.17.0
2023-09-10 22:42:42,492 [INFO] PluginManage:359 - Loaded plugin analytics (category:tool,tabindex:-1)
2023-09-10 22:42:42,492 [INFO] PluginManage:310 - Check plugin cadmodel
2023-09-10 22:42:42,504 [INFO] CADModel:105 - Init CAD model plugin
2023-09-10 22:42:42,504 [INFO] PluginManage:359 - Loaded plugin cadmodel (category:power,tabindex:5)
2023-09-10 22:42:42,505 [INFO] PluginManage:310 - Check plugin clock
2023-09-10 22:42:42,521 [INFO] PluginManage:359 - Loaded plugin clock (category:base,tabindex:2)
2023-09-10 22:42:42,521 [INFO] PluginManage:310 - Check plugin ddr
2023-09-10 22:42:42,522 [INFO] PluginManage:359 - Loaded plugin ddr (category:tool,tabindex:6)
2023-09-10 22:42:42,522 [INFO] PluginManage:310 - Check plugin filemanager
2023-09-10 22:42:42,624 [INFO] PluginManage:359 - Loaded plugin filemanager (category:base,tabindex:10)
2023-09-10 22:42:42,624 [INFO] PluginManage:310 - Check plugin ipmanager
2023-09-10 22:42:42,629 [INFO] PluginManage:359 - Loaded plugin ipmanager (category:base,tabindex:5)
2023-09-10 22:42:42,629 [INFO] PluginManage:310 - Check plugin lpbam
2023-09-10 22:42:42,641 [INFO] PluginManage:359 - Loaded plugin lpbam (category:base,tabindex:0)
2023-09-10 22:42:42,641 [INFO] PluginManage:310 - Check plugin memorymap
2023-09-10 22:42:42,656 [INFO] PluginManage:359 - Loaded plugin memorymap (category:base,tabindex:4)
2023-09-10 22:42:42,656 [INFO] PluginManage:310 - Check plugin pinoutandconfiguration
2023-09-10 22:42:42,667 [INFO] PluginManage:359 - Loaded plugin pinoutandconfiguration (category:base,tabindex:1)
2023-09-10 22:42:42,667 [INFO] PluginManage:310 - Check plugin pinoutconfig
2023-09-10 22:42:42,735 [WARN] SupportedApi:132 - Cannot load RTOS API schema: s4s-elt-must-match.1: The content of 'definitions' must match (annotation?, (simpleType | complexType)?, (unique | key | keyref)*)). A problem was found starting at: attribute.
2023-09-10 22:42:42,845 [INFO] PluginManage:359 - Loaded plugin pinoutconfig (category:base,tabindex:0)
2023-09-10 22:42:42,845 [INFO] PluginManage:310 - Check plugin power
2023-09-10 22:42:42,865 [INFO] PluginManage:359 - Loaded plugin power (category:power,tabindex:4)
2023-09-10 22:42:42,865 [INFO] PluginManage:310 - Check plugin projectmanager
2023-09-10 22:42:42,876 [INFO] PluginManage:359 - Loaded plugin projectmanager (category:projectmanager,tabindex:3)
2023-09-10 22:42:42,876 [INFO] PluginManage:310 - Check plugin thirdparty
2023-09-10 22:42:43,074 [WARN] IntegrityCheckThread:84 - waiting for thirdparty lock release [integrity check]
2023-09-10 22:42:43,074 [INFO] IntegrityCheckThread:86 - entering critical section [integrity check]
2023-09-10 22:42:43,075 [INFO] PluginManage:359 - Loaded plugin thirdparty (category:base,tabindex:-1)
2023-09-10 22:42:43,075 [INFO] ThirdPartyUpdaterWithRetryManager:70 - Updater plugin not ready yet. [1/15]
2023-09-10 22:42:43,075 [INFO] PluginManage:310 - Check plugin tools
2023-09-10 22:42:43,101 [INFO] PluginManage:359 - Loaded plugin tools (category:base,tabindex:7)
2023-09-10 22:42:43,101 [INFO] PluginManage:310 - Check plugin tutovideos
2023-09-10 22:42:43,281 [INFO] PluginManage:359 - Loaded plugin tutovideos (category:base,tabindex:-1)
2023-09-10 22:42:43,281 [INFO] PluginManage:310 - Check plugin updater
2023-09-10 22:42:43,288 [INFO] PluginManage:359 - Loaded plugin updater (category:base,tabindex:12)
2023-09-10 22:42:43,288 [INFO] PluginManage:310 - Check plugin userauth
2023-09-10 22:42:43,292 [INFO] UserAuth:113 - Init User Auth plugin
2023-09-10 22:42:43,292 [INFO] PluginManage:359 - Loaded plugin userauth (category:base,tabindex:14)
2023-09-10 22:42:43,292 [INFO] PluginManage:283 - PluginManage : Loaded plugins [17]
2023-09-10 22:42:43,438 [INFO] PinOutPanel:1499 - setPackage(No Configuration,No Configuration)
2023-09-10 22:42:43,512 [INFO] CADModel:165 - CPN selected for project level
2023-09-10 22:42:43,512 [INFO] CADModel:114 - Register for checkConnection events
2023-09-10 22:42:43,531 [INFO] IPUIPlugin:80 - create IPUIPlugin
2023-09-10 22:42:43,531 [INFO] PluginManager:220 - loadIPPluginJar : add adc
2023-09-10 22:42:43,556 [INFO] IPUIPlugin:80 - create IPUIPlugin
2023-09-10 22:42:43,556 [INFO] PluginManager:220 - loadIPPluginJar : add aes
2023-09-10 22:42:43,584 [INFO] IPUIPlugin:80 - create IPUIPlugin
2023-09-10 22:42:43,584 [INFO] PluginManager:220 - loadIPPluginJar : add can
2023-09-10 22:42:43,598 [INFO] IPUIPlugin:80 - create IPUIPlugin
2023-09-10 22:42:43,598 [INFO] PluginManager:220 - loadIPPluginJar : add comp
2023-09-10 22:42:43,620 [INFO] IPUIPlugin:80 - create IPUIPlugin
2023-09-10 22:42:43,620 [INFO] PluginManager:220 - loadIPPluginJar : add cryp
2023-09-10 22:42:43,639 [INFO] IPUIPlugin:80 - create IPUIPlugin
2023-09-10 22:42:43,639 [INFO] PluginManager:220 - loadIPPluginJar : add dfsdm
2023-09-10 22:42:43,649 [INFO] IPUIPlugin:80 - create IPUIPlugin
2023-09-10 22:42:43,650 [INFO] PluginManager:220 - loadIPPluginJar : add dma
2023-09-10 22:42:43,678 [INFO] IPUIPlugin:80 - create IPUIPlugin
2023-09-10 22:42:43,678 [INFO] PluginManager:220 - loadIPPluginJar : add dma3
2023-09-10 22:42:43,690 [INFO] IPUIPlugin:80 - create IPUIPlugin
2023-09-10 22:42:43,690 [INFO] PluginManager:220 - loadIPPluginJar : add fatfs
2023-09-10 22:42:43,721 [INFO] IPUIPlugin:80 - create IPUIPlugin
2023-09-10 22:42:43,721 [INFO] PluginManager:220 - loadIPPluginJar : add fmc
2023-09-10 22:42:43,731 [INFO] IPUIPlugin:80 - create IPUIPlugin
2023-09-10 22:42:43,731 [INFO] PluginManager:220 - loadIPPluginJar : add freertos
2023-09-10 22:42:43,745 [INFO] IPUIPlugin:80 - create IPUIPlugin
2023-09-10 22:42:43,745 [INFO] PluginManager:220 - loadIPPluginJar : add genericplugin
2023-09-10 22:42:43,804 [INFO] IPUIPlugin:80 - create IPUIPlugin
2023-09-10 22:42:43,804 [INFO] PluginManager:220 - loadIPPluginJar : add gfxmmu
2023-09-10 22:42:43,889 [INFO] IPUIPlugin:80 - create IPUIPlugin
2023-09-10 22:42:43,890 [INFO] PluginManager:220 - loadIPPluginJar : add gic
2023-09-10 22:42:43,898 [INFO] IPUIPlugin:80 - create IPUIPlugin
2023-09-10 22:42:43,898 [INFO] PluginManager:220 - loadIPPluginJar : add gpio
2023-09-10 22:42:43,960 [INFO] IPUIPlugin:80 - create IPUIPlugin
2023-09-10 22:42:43,960 [INFO] PluginManager:220 - loadIPPluginJar : add gtzc
2023-09-10 22:42:43,982 [INFO] IPUIPlugin:80 - create IPUIPlugin
2023-09-10 22:42:43,982 [INFO] PluginManager:220 - loadIPPluginJar : add hash
2023-09-10 22:42:44,018 [INFO] IPUIPlugin:80 - create IPUIPlugin
2023-09-10 22:42:44,018 [INFO] PluginManager:220 - loadIPPluginJar : add i2c
2023-09-10 22:42:44,046 [INFO] IPUIPlugin:80 - create IPUIPlugin
2023-09-10 22:42:44,046 [INFO] PluginManager:220 - loadIPPluginJar : add i2s
2023-09-10 22:42:44,075 [INFO] IPUIPlugin:80 - create IPUIPlugin
2023-09-10 22:42:44,076 [INFO] PluginManager:220 - loadIPPluginJar : add i3c
2023-09-10 22:42:44,148 [INFO] IPUIPlugin:80 - create IPUIPlugin
2023-09-10 22:42:44,148 [INFO] PluginManager:220 - loadIPPluginJar : add ipddr
2023-09-10 22:42:44,210 [INFO] IPUIPlugin:80 - create IPUIPlugin
2023-09-10 22:42:44,211 [INFO] PluginManager:220 - loadIPPluginJar : add linkedlist
2023-09-10 22:42:44,235 [INFO] IPUIPlugin:80 - create IPUIPlugin
2023-09-10 22:42:44,235 [INFO] PluginManager:220 - loadIPPluginJar : add lorawan
2023-09-10 22:42:44,261 [INFO] IPUIPlugin:80 - create IPUIPlugin
2023-09-10 22:42:44,261 [INFO] PluginManager:220 - loadIPPluginJar : add ltdc
2023-09-10 22:42:44,271 [INFO] IPUIPlugin:80 - create IPUIPlugin
2023-09-10 22:42:44,271 [INFO] PluginManager:220 - loadIPPluginJar : add mdma
2023-09-10 22:42:44,280 [INFO] IPUIPlugin:80 - create IPUIPlugin
2023-09-10 22:42:44,280 [INFO] PluginManager:220 - loadIPPluginJar : add nvic
2023-09-10 22:42:44,305 [INFO] IPUIPlugin:80 - create IPUIPlugin
2023-09-10 22:42:44,305 [INFO] PluginManager:220 - loadIPPluginJar : add opamp
2023-09-10 22:42:44,345 [INFO] IPUIPlugin:80 - create IPUIPlugin
2023-09-10 22:42:44,345 [INFO] PluginManager:220 - loadIPPluginJar : add openamp
2023-09-10 22:42:44,373 [INFO] IPUIPlugin:80 - create IPUIPlugin
2023-09-10 22:42:44,373 [INFO] PluginManager:220 - loadIPPluginJar : add pdm2pcm
2023-09-10 22:42:44,383 [INFO] IPUIPlugin:80 - create IPUIPlugin
2023-09-10 22:42:44,385 [INFO] PluginManager:220 - loadIPPluginJar : add plateformsettings
2023-09-10 22:42:44,401 [INFO] IPUIPlugin:80 - create IPUIPlugin
2023-09-10 22:42:44,401 [INFO] PluginManager:220 - loadIPPluginJar : add quadspi
2023-09-10 22:42:44,409 [INFO] IPUIPlugin:80 - create IPUIPlugin
2023-09-10 22:42:44,409 [INFO] PluginManager:220 - loadIPPluginJar : add resmgrutility
2023-09-10 22:42:44,440 [INFO] IPUIPlugin:80 - create IPUIPlugin
2023-09-10 22:42:44,440 [INFO] PluginManager:220 - loadIPPluginJar : add sai
2023-09-10 22:42:44,466 [INFO] IPUIPlugin:80 - create IPUIPlugin
2023-09-10 22:42:44,466 [INFO] PluginManager:220 - loadIPPluginJar : add spi
2023-09-10 22:42:44,507 [INFO] IPUIPlugin:80 - create IPUIPlugin
2023-09-10 22:42:44,507 [INFO] PluginManager:220 - loadIPPluginJar : add stm32_wpan
2023-09-10 22:42:44,524 [INFO] IPUIPlugin:80 - create IPUIPlugin
2023-09-10 22:42:44,524 [INFO] PluginManager:220 - loadIPPluginJar : add tim
2023-09-10 22:42:44,563 [INFO] IPUIPlugin:80 - create IPUIPlugin
2023-09-10 22:42:44,563 [INFO] PluginManager:220 - loadIPPluginJar : add touchsensing
2023-09-10 22:42:44,579 [INFO] IPUIPlugin:80 - create IPUIPlugin
2023-09-10 22:42:44,579 [INFO] PluginManager:220 - loadIPPluginJar : add tracer_emb
2023-09-10 22:42:44,595 [INFO] IPUIPlugin:80 - create IPUIPlugin
2023-09-10 22:42:44,596 [INFO] PluginManager:220 - loadIPPluginJar : add ts
2023-09-10 22:42:44,610 [INFO] IPUIPlugin:80 - create IPUIPlugin
2023-09-10 22:42:44,610 [INFO] PluginManager:220 - loadIPPluginJar : add tsc
2023-09-10 22:42:44,625 [INFO] IPUIPlugin:80 - create IPUIPlugin
2023-09-10 22:42:44,626 [INFO] PluginManager:220 - loadIPPluginJar : add ucpd
2023-09-10 22:42:44,656 [INFO] IPUIPlugin:80 - create IPUIPlugin
2023-09-10 22:42:44,656 [INFO] PluginManager:220 - loadIPPluginJar : add usart
2023-09-10 22:42:44,685 [INFO] IPUIPlugin:80 - create IPUIPlugin
2023-09-10 22:42:44,686 [INFO] PluginManager:220 - loadIPPluginJar : add usbx
2023-09-10 22:42:44,800 [INFO] CADModel:165 - CPN selected for project level
2023-09-10 22:42:44,800 [INFO] CADModel:114 - Register for checkConnection events
2023-09-10 22:42:44,800 [FATAL] Updater:308 - Updater called before beeing initialized
2023-09-10 22:42:44,800 [ERROR] CADModel:125 - Updater not yet initialized, retry later 
2023-09-10 22:42:44,943 [INFO] CADModel:165 - CPN selected for project level
2023-09-10 22:42:44,944 [INFO] CADModel:114 - Register for checkConnection events
2023-09-10 22:42:44,944 [FATAL] Updater:308 - Updater called before beeing initialized
2023-09-10 22:42:44,944 [ERROR] CADModel:125 - Updater not yet initialized, retry later 
2023-09-10 22:42:44,946 [FATAL] Updater:308 - Updater called before beeing initialized
2023-09-10 22:42:45,020 [FATAL] Updater:308 - Updater called before beeing initialized
2023-09-10 22:42:45,024 [INFO] DbMcusAds:53 - JSON generation date=Tue Mar 07 15:50:55 ICT 2023 (1678179055114)
2023-09-10 22:42:45,025 [FATAL] Updater:308 - Updater called before beeing initialized
2023-09-10 22:42:45,052 [WARN] DetailPanel:346 - Failed to get advertising image, set to default
2023-09-10 22:42:45,117 [FATAL] Updater:308 - Updater called before beeing initialized
2023-09-10 22:42:45,118 [FATAL] Updater:308 - Updater called before beeing initialized
2023-09-10 22:42:45,118 [FATAL] Updater:308 - Updater called before beeing initialized
2023-09-10 22:42:45,118 [WARN] DetailPanel:346 - Failed to get advertising image, set to default
2023-09-10 22:42:45,119 [FATAL] Updater:308 - Updater called before beeing initialized
2023-09-10 22:42:45,168 [ERROR] Updater:1120 - MainUpdater not yet initialized. External WinMGr cannot be set.
2023-09-10 22:42:45,177 [INFO] Updater:1056 - Updater Version found : 6.9.0
2023-09-10 22:42:45,192 [INFO] ApplicationProperties:184 - Using Application install path: C:\ST\STM32CubeIDE_1.13.0\STM32CubeIDE\plugins\com.st.stm32cube.common.mx_6.9.0.202307051724
2023-09-10 22:42:46,075 [INFO] ThirdPartyUpdaterWithRetryManager:70 - Updater plugin not ready yet. [2/15]
2023-09-10 22:42:46,134 [INFO] MainUpdater:2868 - connection check result : 10
2023-09-10 22:42:46,135 [INFO] MainUpdater:285 - Updater Check For Update Now.
2023-09-10 22:42:46,135 [INFO] MicroXplorer:498 - Change Database Version : DB.6.0.90
2023-09-10 22:42:46,146 [INFO] McuFinderGlobals:63 - Set McuFinder mode to 2 (CubeIDE integrated)
2023-09-10 22:42:46,319 [INFO] CheckServerUpdateThread:120 - End of CheckServer Thread
2023-09-10 22:42:49,215 [WARN] PackLoader:240 - Cannot read IP mode file for STMicroelectronics.X-CUBE-SMBUS.2.1.0
2023-09-10 22:42:49,260 [WARN] PackLoader:240 - Cannot read IP mode file for STMicroelectronics.X-CUBE-AZRTOS-F7.1.1.0
2023-09-10 22:42:49,278 [WARN] PackLoader:240 - Cannot read IP mode file for STMicroelectronics.FP-SNS-MOTENV1.4.3.2
2023-09-10 22:42:49,301 [WARN] PackLoader:240 - Cannot read IP mode file for STMicroelectronics.X-CUBE-BLE1.6.2.4
2023-09-10 22:42:49,312 [WARN] PackLoader:240 - Cannot read IP mode file for STMicroelectronics.FP-SNS-FLIGHT1.5.0.2
2023-09-10 22:42:49,328 [WARN] PackLoader:240 - Cannot read IP mode file for STMicroelectronics.X-CUBE-DISPLAY.3.0.0
2023-09-10 22:42:49,342 [WARN] PackLoader:240 - Cannot read IP mode file for STMicroelectronics.X-CUBE-BLE1.7.0.0
2023-09-10 22:42:49,353 [WARN] PackLoader:240 - Cannot read IP mode file for emotas.I-CUBE-CANOPEN.1.3.0
2023-09-10 22:42:49,367 [WARN] PackLoader:240 - Cannot read IP mode file for STMicroelectronics.X-CUBE-TOUCHGFX.4.22.0
2023-09-10 22:42:49,377 [WARN] PackLoader:240 - Cannot read IP mode file for STMicroelectronics.FP-SNS-SMARTAG2.1.2.0
2023-09-10 22:42:49,399 [INFO] LogOutputStream:77 - [STDOUT_REDIRECT] 1 : Invalid condition id : UX_CORESTACK_Condition cause : null
2023-09-10 22:42:49,401 [INFO] LogOutputStream:77 - [STDOUT_REDIRECT] 1 : Invalid condition id : UX_CORESTACK_Condition cause : null
2023-09-10 22:42:49,402 [INFO] LogOutputStream:77 - [STDOUT_REDIRECT] 1 : Invalid condition id : UX_CORESTACK_Condition cause : null
2023-09-10 22:42:49,403 [INFO] LogOutputStream:77 - [STDOUT_REDIRECT] 1 : Invalid condition id : UX_CORESTACK_Condition cause : null
2023-09-10 22:42:49,405 [INFO] LogOutputStream:77 - [STDOUT_REDIRECT] 1 : Invalid condition id : UX_CORESTACK_Condition cause : null
2023-09-10 22:42:49,407 [WARN] PackLoader:240 - Cannot read IP mode file for STMicroelectronics.X-CUBE-AZRTOS-WL.2.0.0
2023-09-10 22:42:49,634 [WARN] PackLoader:240 - Cannot read IP mode file for WES.I-CUBE-Cesium.1.3.0
2023-09-10 22:42:49,644 [WARN] PackLoader:240 - Cannot read IP mode file for STMicroelectronics.X-CUBE-BLE2.3.3.0
2023-09-10 22:42:49,658 [WARN] PackLoader:240 - Cannot read IP mode file for STMicroelectronics.X-CUBE-ALGOBUILD.1.3.0
2023-09-10 22:42:49,679 [WARN] PackLoader:240 - Cannot read IP mode file for STMicroelectronics.X-CUBE-AZRTOS-G0.1.1.0
2023-09-10 22:42:49,690 [WARN] PackLoader:240 - Cannot read IP mode file for STMicroelectronics.X-CUBE-NFC4.3.0.0
2023-09-10 22:42:49,701 [WARN] PackLoader:240 - Cannot read IP mode file for STMicroelectronics.FP-ATR-SIGFOX1.3.2.0
2023-09-10 22:42:49,738 [WARN] PackLoader:240 - Cannot read IP mode file for SEGGER.I-CUBE-embOS.1.3.1
2023-09-10 22:42:49,771 [WARN] PackLoader:240 - Cannot read IP mode file for STMicroelectronics.X-CUBE-GNSS1.6.0.0
2023-09-10 22:42:49,796 [WARN] PackLoader:240 - Cannot read IP mode file for STMicroelectronics.X-CUBE-AZRTOS-F4.1.1.0
2023-09-10 22:42:49,809 [WARN] PackLoader:240 - Cannot read IP mode file for wolfSSL.I-CUBE-wolfSSL.5.6.3
2023-09-10 22:42:49,833 [WARN] PackLoader:240 - Cannot read IP mode file for STMicroelectronics.X-CUBE-AZRTOS-L5.2.0.0
2023-09-10 22:42:49,870 [WARN] PackLoader:240 - Cannot read IP mode file for STMicroelectronics.X-CUBE-MEMS1.9.6.0
2023-09-10 22:42:49,972 [WARN] PackLoader:240 - Cannot read IP mode file for STMicroelectronics.X-CUBE-BLEMGR.2.0.0
2023-09-10 22:42:49,994 [WARN] ConditionMgr:438 - getConditionDescription Invalid condition id : UX DEVICE CLASS RTOS Condition cause : null
2023-09-10 22:42:49,994 [WARN] ConditionMgr:438 - getConditionDescription Invalid condition id : UX DEVICE CLASS RTOS Condition cause : null
2023-09-10 22:42:49,995 [WARN] PackLoader:240 - Cannot read IP mode file for STMicroelectronics.X-CUBE-AZRTOS-H7.3.1.0
2023-09-10 22:42:49,996 [WARN] ConditionMgr:1039 - genDependencies : Invalid condition id : UX DEVICE CLASS RTOS Condition cause : null
2023-09-10 22:42:49,997 [WARN] ConditionMgr:1039 - genDependencies : Invalid condition id : UX DEVICE CLASS RTOS Condition cause : null
2023-09-10 22:42:49,997 [WARN] ConditionMgr:1039 - genDependencies : Invalid condition id : UX DEVICE CLASS RTOS Condition cause : null
2023-09-10 22:42:49,997 [WARN] ConditionMgr:1039 - genDependencies : Invalid condition id : UX DEVICE CLASS RTOS Condition cause : null
2023-09-10 22:42:49,997 [WARN] ConditionMgr:1039 - genDependencies : Invalid condition id : UX DEVICE CLASS RTOS Condition cause : null
2023-09-10 22:42:50,011 [WARN] PackLoader:240 - Cannot read IP mode file for STMicroelectronics.X-CUBE-NFC7.1.0.1
2023-09-10 22:42:50,029 [WARN] PackLoader:240 - Cannot read IP mode file for STMicroelectronics.X-CUBE-NFC6.3.0.0
2023-09-10 22:42:50,043 [WARN] PackLoader:240 - Cannot read IP mode file for STMicroelectronics.X-CUBE-EEPRMA1.4.1.0
2023-09-10 22:42:50,053 [WARN] PackLoader:240 - Cannot read IP mode file for STMicroelectronics.X-CUBE-AI.8.1.0
2023-09-10 22:42:50,075 [WARN] ConditionMgr:438 - getConditionDescription Invalid condition id : LAN8742 Phy interface Condition cause : null
2023-09-10 22:42:50,075 [WARN] PackLoader:240 - Cannot read IP mode file for STMicroelectronics.X-CUBE-AZRTOS-L4.2.0.0
2023-09-10 22:42:50,076 [WARN] ConditionMgr:1039 - genDependencies : Invalid condition id : LAN8742 Phy interface Condition cause : null
2023-09-10 22:42:50,076 [WARN] ConditionMgr:1039 - genDependencies : Invalid condition id : LAN8742 Phy interface Condition cause : null
2023-09-10 22:42:50,077 [WARN] ConditionMgr:1039 - genDependencies : Invalid condition id : LAN8742 Phy interface Condition cause : null
2023-09-10 22:42:50,091 [WARN] PackLoader:240 - Cannot read IP mode file for STMicroelectronics.X-CUBE-SFXS2LP1.4.0.0
2023-09-10 22:42:50,103 [WARN] PackLoader:240 - Cannot read IP mode file for STMicroelectronics.X-CUBE-ISPU.1.1.0
2023-09-10 22:42:50,126 [WARN] ConditionMgr:438 - getConditionDescription Invalid condition id : UX DEVICE CLASS RTOS Condition cause : null
2023-09-10 22:42:50,126 [WARN] ConditionMgr:438 - getConditionDescription Invalid condition id : UX DEVICE CLASS RTOS Condition cause : null
2023-09-10 22:42:50,127 [WARN] PackLoader:240 - Cannot read IP mode file for STMicroelectronics.X-CUBE-AZRTOS-WB.2.0.0
2023-09-10 22:42:50,127 [WARN] ConditionMgr:1039 - genDependencies : Invalid condition id : UX DEVICE CLASS RTOS Condition cause : null
2023-09-10 22:42:50,128 [WARN] ConditionMgr:1039 - genDependencies : Invalid condition id : UX DEVICE CLASS RTOS Condition cause : null
2023-09-10 22:42:50,128 [WARN] ConditionMgr:1039 - genDependencies : Invalid condition id : UX DEVICE CLASS RTOS Condition cause : null
2023-09-10 22:42:50,128 [WARN] ConditionMgr:1039 - genDependencies : Invalid condition id : UX DEVICE CLASS RTOS Condition cause : null
2023-09-10 22:42:50,128 [WARN] ConditionMgr:1039 - genDependencies : Invalid condition id : UX DEVICE CLASS RTOS Condition cause : null
2023-09-10 22:42:50,141 [WARN] PackLoader:240 - Cannot read IP mode file for STMicroelectronics.X-CUBE-FREERTOS.1.0.1
2023-09-10 22:42:50,163 [WARN] PackLoader:240 - Cannot read IP mode file for STMicroelectronics.X-CUBE-AZRTOS-L5.1.1.0
2023-09-10 22:42:50,188 [WARN] PackLoader:240 - Cannot read IP mode file for STMicroelectronics.X-CUBE-SUBG2.5.0.0
2023-09-10 22:42:50,220 [WARN] PackLoader:240 - Cannot read IP mode file for STMicroelectronics.X-CUBE-TOF1.3.3.1
2023-09-10 22:42:50,268 [WARN] PackLoader:240 - Cannot read IP mode file for STMicroelectronics.X-CUBE-AZRTOS-G4.2.0.0
2023-09-10 22:42:50,298 [WARN] PackLoader:240 - Cannot read IP mode file for STMicroelectronics.X-CUBE-FREERTOS.1.1.0
2023-09-10 22:42:50,326 [WARN] PackLoader:240 - Cannot read IP mode file for portGmbH.I-Cube-SoM-uGOAL.1.1.0
2023-09-10 22:42:50,344 [WARN] PackLoader:240 - Cannot read IP mode file for STMicroelectronics.X-CUBE-ALS.1.0.1
2023-09-10 22:42:50,368 [WARN] PackLoader:240 - Cannot read IP mode file for STMicroelectronics.X-CUBE-AZRTOS-WB.1.1.0
2023-09-10 22:42:50,382 [WARN] PackLoader:240 - Cannot read IP mode file for STMicroelectronics.FP-ATR-ASTRA1.2.0.0
2023-09-10 22:42:50,383 [INFO] ThirdParty:978 - Integrity check success = true
2023-09-10 22:42:50,383 [INFO] IntegrityCheckThread:100 - exiting critical section [integrity check]
2023-09-10 22:42:50,383 [INFO] IntegrityCheckThread:103 - End integrity checks thread
2023-09-10 22:43:07,080 [ERROR] LogOutputStream:75 - [STDERR_REDIRECT] SLF4J: Failed to load class "org.slf4j.impl.StaticLoggerBinder".
2023-09-10 22:43:07,080 [ERROR] LogOutputStream:75 - [STDERR_REDIRECT] SLF4J: Defaulting to no-operation (NOP) logger implementation
2023-09-10 22:43:07,081 [ERROR] LogOutputStream:75 - [STDERR_REDIRECT] SLF4J: See http://www.slf4j.org/codes.html#StaticLoggerBinder for further details.
2023-09-10 22:43:23,477 [INFO] LogOutputStream:77 - [STDOUT_REDIRECT] Unexpected error loading extension: org.eclipse.equinox.p2.metadata.repository.XZedRepository
2023-09-10 22:43:23,480 [ERROR] LogOutputStream:75 - [STDERR_REDIRECT] java.lang.IllegalStateException: Attempt to access stopped agent: org.eclipse.equinox.internal.p2.core.ProvisioningAgent@3f158cd0
2023-09-10 22:43:23,482 [ERROR] LogOutputStream:75 - [STDERR_REDIRECT] 	at org.eclipse.equinox.internal.p2.core.ProvisioningAgent.checkRunning(ProvisioningAgent.java:86)
2023-09-10 22:43:23,483 [ERROR] LogOutputStream:75 - [STDERR_REDIRECT] 	at org.eclipse.equinox.internal.p2.core.ProvisioningAgent.getService(ProvisioningAgent.java:50)
2023-09-10 22:43:23,484 [ERROR] LogOutputStream:75 - [STDERR_REDIRECT] 	at org.eclipse.equinox.p2.core.IProvisioningAgent.getService(IProvisioningAgent.java:86)
2023-09-10 22:43:23,486 [ERROR] LogOutputStream:75 - [STDERR_REDIRECT] 	at org.eclipse.equinox.internal.p2.transport.ecf.RepositoryTransport.download(RepositoryTransport.java:91)
2023-09-10 22:43:23,488 [ERROR] LogOutputStream:75 - [STDERR_REDIRECT] 	at org.eclipse.equinox.internal.p2.repository.CacheManager.updateCache(CacheManager.java:436)
2023-09-10 22:43:23,490 [ERROR] LogOutputStream:75 - [STDERR_REDIRECT] 	at org.eclipse.equinox.internal.p2.repository.CacheManager.createCacheFromFile(CacheManager.java:141)
2023-09-10 22:43:23,492 [ERROR] LogOutputStream:75 - [STDERR_REDIRECT] 	at org.eclipse.equinox.internal.p2.metadata.repository.XZedSimpleMetadataRepositoryFactory.getLocalFile(XZedSimpleMetadataRepositoryFactory.java:60)
2023-09-10 22:43:23,494 [ERROR] LogOutputStream:75 - [STDERR_REDIRECT] 	at org.eclipse.equinox.internal.p2.metadata.repository.XZedSimpleMetadataRepositoryFactory.load(XZedSimpleMetadataRepositoryFactory.java:80)
2023-09-10 22:43:23,496 [ERROR] LogOutputStream:75 - [STDERR_REDIRECT] 	at org.eclipse.equinox.internal.p2.metadata.repository.MetadataRepositoryManager.factoryLoad(MetadataRepositoryManager.java:63)
2023-09-10 22:43:23,498 [ERROR] LogOutputStream:75 - [STDERR_REDIRECT] 	at org.eclipse.equinox.internal.p2.repository.helpers.AbstractRepositoryManager.loadRepository(AbstractRepositoryManager.java:787)
2023-09-10 22:43:23,500 [ERROR] LogOutputStream:75 - [STDERR_REDIRECT] 	at org.eclipse.equinox.internal.p2.repository.helpers.AbstractRepositoryManager.loadRepository(AbstractRepositoryManager.java:685)
2023-09-10 22:43:23,502 [ERROR] LogOutputStream:75 - [STDERR_REDIRECT] 	at org.eclipse.equinox.internal.p2.metadata.repository.MetadataRepositoryManager.loadRepository(MetadataRepositoryManager.java:110)
2023-09-10 22:43:23,504 [ERROR] LogOutputStream:75 - [STDERR_REDIRECT] 	at org.eclipse.equinox.internal.p2.metadata.repository.MetadataRepositoryManager.loadRepository(MetadataRepositoryManager.java:105)
2023-09-10 22:43:23,506 [ERROR] LogOutputStream:75 - [STDERR_REDIRECT] 	at org.eclipse.equinox.internal.p2.metadata.repository.CompositeMetadataRepository.addChild(CompositeMetadataRepository.java:171)
2023-09-10 22:43:23,508 [ERROR] LogOutputStream:75 - [STDERR_REDIRECT] 	at org.eclipse.equinox.internal.p2.metadata.repository.CompositeMetadataRepository.<init>(CompositeMetadataRepository.java:113)
2023-09-10 22:43:23,510 [ERROR] LogOutputStream:75 - [STDERR_REDIRECT] 	at org.eclipse.equinox.internal.p2.metadata.repository.CompositeMetadataRepositoryFactory.load(CompositeMetadataRepositoryFactory.java:124)
2023-09-10 22:43:23,512 [ERROR] LogOutputStream:75 - [STDERR_REDIRECT] 	at org.eclipse.equinox.internal.p2.metadata.repository.MetadataRepositoryManager.factoryLoad(MetadataRepositoryManager.java:63)
2023-09-10 22:43:23,514 [ERROR] LogOutputStream:75 - [STDERR_REDIRECT] 	at org.eclipse.equinox.internal.p2.repository.helpers.AbstractRepositoryManager.loadRepository(AbstractRepositoryManager.java:787)
2023-09-10 22:43:23,515 [ERROR] LogOutputStream:75 - [STDERR_REDIRECT] 	at org.eclipse.equinox.internal.p2.repository.helpers.AbstractRepositoryManager.loadRepository(AbstractRepositoryManager.java:685)
2023-09-10 22:43:23,518 [ERROR] LogOutputStream:75 - [STDERR_REDIRECT] 	at org.eclipse.equinox.internal.p2.metadata.repository.MetadataRepositoryManager.loadRepository(MetadataRepositoryManager.java:110)
2023-09-10 22:43:23,520 [ERROR] LogOutputStream:75 - [STDERR_REDIRECT] 	at org.eclipse.equinox.internal.p2.metadata.repository.MetadataRepositoryManager.loadRepository(MetadataRepositoryManager.java:105)
2023-09-10 22:43:23,521 [ERROR] LogOutputStream:75 - [STDERR_REDIRECT] 	at org.eclipse.equinox.internal.p2.metadata.repository.CompositeMetadataRepository.addChild(CompositeMetadataRepository.java:171)
2023-09-10 22:43:23,523 [ERROR] LogOutputStream:75 - [STDERR_REDIRECT] 	at org.eclipse.equinox.internal.p2.metadata.repository.CompositeMetadataRepository.<init>(CompositeMetadataRepository.java:113)
2023-09-10 22:43:23,525 [ERROR] LogOutputStream:75 - [STDERR_REDIRECT] 	at org.eclipse.equinox.internal.p2.metadata.repository.CompositeMetadataRepositoryFactory.load(CompositeMetadataRepositoryFactory.java:124)
2023-09-10 22:43:23,527 [ERROR] LogOutputStream:75 - [STDERR_REDIRECT] 	at org.eclipse.equinox.internal.p2.metadata.repository.MetadataRepositoryManager.factoryLoad(MetadataRepositoryManager.java:63)
2023-09-10 22:43:23,529 [ERROR] LogOutputStream:75 - [STDERR_REDIRECT] 	at org.eclipse.equinox.internal.p2.repository.helpers.AbstractRepositoryManager.loadRepository(AbstractRepositoryManager.java:787)
2023-09-10 22:43:23,531 [ERROR] LogOutputStream:75 - [STDERR_REDIRECT] 	at org.eclipse.equinox.internal.p2.repository.helpers.AbstractRepositoryManager.loadRepository(AbstractRepositoryManager.java:685)
2023-09-10 22:43:23,533 [ERROR] LogOutputStream:75 - [STDERR_REDIRECT] 	at org.eclipse.equinox.internal.p2.metadata.repository.MetadataRepositoryManager.loadRepository(MetadataRepositoryManager.java:110)
