2023-09-30 15:09:17,036 [INFO] Activator:176 - 


2023-09-30 15:09:17,037 [INFO] Activator:177 - !SESSION log4j initialized
2023-09-30 15:09:20,091 [INFO] LogOutputStream:77 - [STDOUT_REDIRECT] 
2023-09-30 15:09:21,542 [INFO] ApplicationProperties:184 - Using Application install path: C:\ST\STM32CubeIDE_1.13.0\STM32CubeIDE\plugins\com.st.stm32cube.common.mx_6.9.0.202307051724
2023-09-30 15:09:21,557 [INFO] DbMcusXml:78 - Set database path to: C:\ST\STM32CubeIDE_1.13.0\STM32CubeIDE\plugins\com.st.stm32cube.common.mx_6.9.0.202307051724\\db\/mcu/
2023-09-30 15:09:21,557 [INFO] ApiDb:274 - Set plugin database path to: C:\ST\STM32CubeIDE_1.13.0\STM32CubeIDE\plugins\com.st.stm32cube.common.mx_6.9.0.202307051724\\db\/plugins/boardmanager/
2023-09-30 15:09:21,558 [WARN] ApiDb:259 - Overriding images path with different value:  => C:\ST\STM32CubeIDE_1.13.0\STM32CubeIDE\plugins\com.st.stm32cube.common.mx_6.9.0.202307051724\\db\/plugins/mcufinder/images/
2023-09-30 15:09:21,564 [INFO] ApiDb:250 - Set database path to: C:\Users\honho\.stmcufinder\plugins\mcufinder//mcu/
2023-09-30 15:09:21,566 [INFO] DbMcusAds:125 - Set database path to: C:\Users\honho\.stmcufinder\plugins\mcufinder//mcu/
2023-09-30 15:09:21,568 [INFO] CrossReferenceDbSqlite:203 - Set database path to: C:\Users\honho\.stmcufinder\plugins\mcufinder//mcu/cs/
2023-09-30 15:09:21,653 [INFO] RulesReader:64 - Compatibility file has been processed (293 Rules)
2023-09-30 15:09:21,728 [INFO] DbMcusXml:78 - Set database path to: C:\ST\STM32CubeIDE_1.13.0\STM32CubeIDE\plugins\com.st.stm32cube.common.mx_6.9.0.202307051724\\db\/mcu/
2023-09-30 15:09:21,728 [INFO] ApiDb:274 - Set plugin database path to: C:\ST\STM32CubeIDE_1.13.0\STM32CubeIDE\plugins\com.st.stm32cube.common.mx_6.9.0.202307051724\\db\/plugins/boardmanager/
2023-09-30 15:09:21,728 [INFO] ApiDb:261 - Set plugin images path to: C:\ST\STM32CubeIDE_1.13.0\STM32CubeIDE\plugins\com.st.stm32cube.common.mx_6.9.0.202307051724\\db\/plugins/mcufinder/images/
2023-09-30 15:09:21,728 [WARN] DbFile:41 - Overriding database path with different value: C:\Users\honho\.stmcufinder\plugins\mcufinder/ => C:\Users\honho\.stmcufinder\plugins\mcufinder
2023-09-30 15:09:21,728 [INFO] ApiDb:250 - Set database path to: C:\Users\honho\.stmcufinder\plugins\mcufinder//mcu/
2023-09-30 15:09:21,728 [WARN] DbFile:41 - Overriding database path with different value: C:\Users\honho\.stmcufinder\plugins\mcufinder/ => C:\Users\honho\.stmcufinder\plugins\mcufinder
2023-09-30 15:09:21,728 [INFO] DbMcusAds:125 - Set database path to: C:\Users\honho\.stmcufinder\plugins\mcufinder//mcu/
2023-09-30 15:09:21,728 [WARN] DbFile:41 - Overriding database path with different value: C:\Users\honho\.stmcufinder\plugins\mcufinder/ => C:\Users\honho\.stmcufinder\plugins\mcufinder
2023-09-30 15:09:21,728 [WARN] DbFile:41 - Overriding database path with different value: C:\Users\honho\.stmcufinder\plugins\mcufinder/ => C:\Users\honho\.stmcufinder\plugins\mcufinder
2023-09-30 15:09:21,728 [INFO] CrossReferenceDbSqlite:203 - Set database path to: C:\Users\honho\.stmcufinder\plugins\mcufinder//mcu/cs/
2023-09-30 15:09:21,789 [INFO] MainPanel:262 - HeapMemory: 268435456
2023-09-30 15:09:21,839 [INFO] DbMcusXml:78 - Set database path to: C:\ST\STM32CubeIDE_1.13.0\STM32CubeIDE\plugins\com.st.stm32cube.common.mx_6.9.0.202307051724\\db\/mcu/
2023-09-30 15:09:21,839 [INFO] ApiDb:274 - Set plugin database path to: C:\ST\STM32CubeIDE_1.13.0\STM32CubeIDE\plugins\com.st.stm32cube.common.mx_6.9.0.202307051724\\db\/plugins/boardmanager/
2023-09-30 15:09:21,839 [INFO] ApiDb:261 - Set plugin images path to: C:\ST\STM32CubeIDE_1.13.0\STM32CubeIDE\plugins\com.st.stm32cube.common.mx_6.9.0.202307051724\\db\/plugins/mcufinder/images/
2023-09-30 15:09:21,839 [WARN] DbFile:41 - Overriding database path with different value: C:\Users\honho\.stmcufinder\plugins\mcufinder/ => C:\Users\honho\.stmcufinder\plugins\mcufinder
2023-09-30 15:09:21,839 [INFO] ApiDb:250 - Set database path to: C:\Users\honho\.stmcufinder\plugins\mcufinder//mcu/
2023-09-30 15:09:21,840 [WARN] DbFile:41 - Overriding database path with different value: C:\Users\honho\.stmcufinder\plugins\mcufinder/ => C:\Users\honho\.stmcufinder\plugins\mcufinder
2023-09-30 15:09:21,840 [INFO] DbMcusAds:125 - Set database path to: C:\Users\honho\.stmcufinder\plugins\mcufinder//mcu/
2023-09-30 15:09:21,840 [WARN] DbFile:41 - Overriding database path with different value: C:\Users\honho\.stmcufinder\plugins\mcufinder/ => C:\Users\honho\.stmcufinder\plugins\mcufinder
2023-09-30 15:09:21,840 [WARN] DbFile:41 - Overriding database path with different value: C:\Users\honho\.stmcufinder\plugins\mcufinder/ => C:\Users\honho\.stmcufinder\plugins\mcufinder
2023-09-30 15:09:21,840 [INFO] CrossReferenceDbSqlite:203 - Set database path to: C:\Users\honho\.stmcufinder\plugins\mcufinder//mcu/cs/
2023-09-30 15:09:21,851 [INFO] ApplicationProperties:184 - Using Application install path: C:\ST\STM32CubeIDE_1.13.0\STM32CubeIDE\plugins\com.st.stm32cube.common.mx_6.9.0.202307051724
2023-09-30 15:09:21,852 [INFO] PluginManage:196 - Search for loadable plugins [exclusion list=, ]
2023-09-30 15:09:21,852 [INFO] PluginManage:310 - Check plugin analytics
2023-09-30 15:09:21,996 [INFO] AnalyticsPlugin:253 - Accepted Software Licenses: 
2023-09-30 15:09:21,996 [INFO] AnalyticsPlugin:255 - Accepted CMSIS Pack Licenses: 
2023-09-30 15:09:21,996 [INFO] AnalyticsPlugin:257 - Accepted Firmware Licenses: FW.F7.1.17.0
2023-09-30 15:09:22,001 [INFO] PluginManage:359 - Loaded plugin analytics (category:tool,tabindex:-1)
2023-09-30 15:09:22,003 [INFO] PluginManage:310 - Check plugin cadmodel
2023-09-30 15:09:22,009 [INFO] CADModel:105 - Init CAD model plugin
2023-09-30 15:09:22,009 [INFO] PluginManage:359 - Loaded plugin cadmodel (category:power,tabindex:5)
2023-09-30 15:09:22,009 [INFO] PluginManage:310 - Check plugin clock
2023-09-30 15:09:22,023 [INFO] PluginManage:359 - Loaded plugin clock (category:base,tabindex:2)
2023-09-30 15:09:22,023 [INFO] PluginManage:310 - Check plugin ddr
2023-09-30 15:09:22,026 [INFO] PluginManage:359 - Loaded plugin ddr (category:tool,tabindex:6)
2023-09-30 15:09:22,026 [INFO] PluginManage:310 - Check plugin filemanager
2023-09-30 15:09:22,123 [INFO] PluginManage:359 - Loaded plugin filemanager (category:base,tabindex:10)
2023-09-30 15:09:22,124 [INFO] PluginManage:310 - Check plugin ipmanager
2023-09-30 15:09:22,128 [INFO] PluginManage:359 - Loaded plugin ipmanager (category:base,tabindex:5)
2023-09-30 15:09:22,129 [INFO] PluginManage:310 - Check plugin lpbam
2023-09-30 15:09:22,134 [INFO] PluginManage:359 - Loaded plugin lpbam (category:base,tabindex:0)
2023-09-30 15:09:22,134 [INFO] PluginManage:310 - Check plugin memorymap
2023-09-30 15:09:22,141 [INFO] PluginManage:359 - Loaded plugin memorymap (category:base,tabindex:4)
2023-09-30 15:09:22,141 [INFO] PluginManage:310 - Check plugin pinoutandconfiguration
2023-09-30 15:09:22,146 [INFO] PluginManage:359 - Loaded plugin pinoutandconfiguration (category:base,tabindex:1)
2023-09-30 15:09:22,146 [INFO] PluginManage:310 - Check plugin pinoutconfig
2023-09-30 15:09:22,207 [WARN] SupportedApi:132 - Cannot load RTOS API schema: s4s-elt-must-match.1: The content of 'definitions' must match (annotation?, (simpleType | complexType)?, (unique | key | keyref)*)). A problem was found starting at: attribute.
2023-09-30 15:09:22,326 [INFO] PluginManage:359 - Loaded plugin pinoutconfig (category:base,tabindex:0)
2023-09-30 15:09:22,327 [INFO] PluginManage:310 - Check plugin power
2023-09-30 15:09:22,335 [INFO] PluginManage:359 - Loaded plugin power (category:power,tabindex:4)
2023-09-30 15:09:22,335 [INFO] PluginManage:310 - Check plugin projectmanager
2023-09-30 15:09:22,344 [INFO] PluginManage:359 - Loaded plugin projectmanager (category:projectmanager,tabindex:3)
2023-09-30 15:09:22,344 [INFO] PluginManage:310 - Check plugin thirdparty
2023-09-30 15:09:22,445 [WARN] IntegrityCheckThread:84 - waiting for thirdparty lock release [integrity check]
2023-09-30 15:09:22,445 [INFO] IntegrityCheckThread:86 - entering critical section [integrity check]
2023-09-30 15:09:22,446 [INFO] PluginManage:359 - Loaded plugin thirdparty (category:base,tabindex:-1)
2023-09-30 15:09:22,446 [INFO] ThirdPartyUpdaterWithRetryManager:70 - Updater plugin not ready yet. [1/15]
2023-09-30 15:09:22,446 [INFO] PluginManage:310 - Check plugin tools
2023-09-30 15:09:22,451 [INFO] PluginManage:359 - Loaded plugin tools (category:base,tabindex:7)
2023-09-30 15:09:22,451 [INFO] PluginManage:310 - Check plugin tutovideos
2023-09-30 15:09:22,576 [INFO] PluginManage:359 - Loaded plugin tutovideos (category:base,tabindex:-1)
2023-09-30 15:09:22,577 [INFO] PluginManage:310 - Check plugin updater
2023-09-30 15:09:22,585 [INFO] PluginManage:359 - Loaded plugin updater (category:base,tabindex:12)
2023-09-30 15:09:22,585 [INFO] PluginManage:310 - Check plugin userauth
2023-09-30 15:09:22,588 [INFO] UserAuth:113 - Init User Auth plugin
2023-09-30 15:09:22,589 [INFO] PluginManage:359 - Loaded plugin userauth (category:base,tabindex:14)
2023-09-30 15:09:22,589 [INFO] PluginManage:283 - PluginManage : Loaded plugins [17]
2023-09-30 15:09:22,721 [INFO] PinOutPanel:1499 - setPackage(No Configuration,No Configuration)
2023-09-30 15:09:22,791 [INFO] CADModel:165 - CPN selected for project level
2023-09-30 15:09:22,792 [INFO] CADModel:114 - Register for checkConnection events
2023-09-30 15:09:22,803 [INFO] IPUIPlugin:80 - create IPUIPlugin
2023-09-30 15:09:22,803 [INFO] PluginManager:220 - loadIPPluginJar : add adc
2023-09-30 15:09:22,804 [INFO] IPUIPlugin:80 - create IPUIPlugin
2023-09-30 15:09:22,804 [INFO] PluginManager:220 - loadIPPluginJar : add aes
2023-09-30 15:09:22,808 [INFO] IPUIPlugin:80 - create IPUIPlugin
2023-09-30 15:09:22,808 [INFO] PluginManager:220 - loadIPPluginJar : add can
2023-09-30 15:09:22,809 [INFO] IPUIPlugin:80 - create IPUIPlugin
2023-09-30 15:09:22,809 [INFO] PluginManager:220 - loadIPPluginJar : add comp
2023-09-30 15:09:22,810 [INFO] IPUIPlugin:80 - create IPUIPlugin
2023-09-30 15:09:22,810 [INFO] PluginManager:220 - loadIPPluginJar : add cryp
2023-09-30 15:09:22,811 [INFO] IPUIPlugin:80 - create IPUIPlugin
2023-09-30 15:09:22,811 [INFO] PluginManager:220 - loadIPPluginJar : add dfsdm
2023-09-30 15:09:22,815 [INFO] IPUIPlugin:80 - create IPUIPlugin
2023-09-30 15:09:22,815 [INFO] PluginManager:220 - loadIPPluginJar : add dma
2023-09-30 15:09:22,816 [INFO] IPUIPlugin:80 - create IPUIPlugin
2023-09-30 15:09:22,816 [INFO] PluginManager:220 - loadIPPluginJar : add dma3
2023-09-30 15:09:22,817 [INFO] IPUIPlugin:80 - create IPUIPlugin
2023-09-30 15:09:22,817 [INFO] PluginManager:220 - loadIPPluginJar : add fatfs
2023-09-30 15:09:22,820 [INFO] IPUIPlugin:80 - create IPUIPlugin
2023-09-30 15:09:22,820 [INFO] PluginManager:220 - loadIPPluginJar : add fmc
2023-09-30 15:09:22,823 [INFO] IPUIPlugin:80 - create IPUIPlugin
2023-09-30 15:09:22,823 [INFO] PluginManager:220 - loadIPPluginJar : add freertos
2023-09-30 15:09:22,823 [INFO] IPUIPlugin:80 - create IPUIPlugin
2023-09-30 15:09:22,824 [INFO] PluginManager:220 - loadIPPluginJar : add genericplugin
2023-09-30 15:09:22,825 [INFO] IPUIPlugin:80 - create IPUIPlugin
2023-09-30 15:09:22,825 [INFO] PluginManager:220 - loadIPPluginJar : add gfxmmu
2023-09-30 15:09:22,827 [INFO] IPUIPlugin:80 - create IPUIPlugin
2023-09-30 15:09:22,827 [INFO] PluginManager:220 - loadIPPluginJar : add gic
2023-09-30 15:09:22,830 [INFO] IPUIPlugin:80 - create IPUIPlugin
2023-09-30 15:09:22,830 [INFO] PluginManager:220 - loadIPPluginJar : add gpio
2023-09-30 15:09:22,832 [INFO] IPUIPlugin:80 - create IPUIPlugin
2023-09-30 15:09:22,832 [INFO] PluginManager:220 - loadIPPluginJar : add gtzc
2023-09-30 15:09:22,834 [INFO] IPUIPlugin:80 - create IPUIPlugin
2023-09-30 15:09:22,834 [INFO] PluginManager:220 - loadIPPluginJar : add hash
2023-09-30 15:09:22,835 [INFO] IPUIPlugin:80 - create IPUIPlugin
2023-09-30 15:09:22,836 [INFO] PluginManager:220 - loadIPPluginJar : add i2c
2023-09-30 15:09:22,837 [INFO] IPUIPlugin:80 - create IPUIPlugin
2023-09-30 15:09:22,837 [INFO] PluginManager:220 - loadIPPluginJar : add i2s
2023-09-30 15:09:22,839 [INFO] IPUIPlugin:80 - create IPUIPlugin
2023-09-30 15:09:22,839 [INFO] PluginManager:220 - loadIPPluginJar : add i3c
2023-09-30 15:09:22,840 [INFO] IPUIPlugin:80 - create IPUIPlugin
2023-09-30 15:09:22,841 [INFO] PluginManager:220 - loadIPPluginJar : add ipddr
2023-09-30 15:09:22,845 [INFO] IPUIPlugin:80 - create IPUIPlugin
2023-09-30 15:09:22,845 [INFO] PluginManager:220 - loadIPPluginJar : add linkedlist
2023-09-30 15:09:22,847 [INFO] IPUIPlugin:80 - create IPUIPlugin
2023-09-30 15:09:22,847 [INFO] PluginManager:220 - loadIPPluginJar : add lorawan
2023-09-30 15:09:22,848 [INFO] IPUIPlugin:80 - create IPUIPlugin
2023-09-30 15:09:22,848 [INFO] PluginManager:220 - loadIPPluginJar : add ltdc
2023-09-30 15:09:22,852 [INFO] IPUIPlugin:80 - create IPUIPlugin
2023-09-30 15:09:22,852 [INFO] PluginManager:220 - loadIPPluginJar : add mdma
2023-09-30 15:09:22,856 [INFO] IPUIPlugin:80 - create IPUIPlugin
2023-09-30 15:09:22,856 [INFO] PluginManager:220 - loadIPPluginJar : add nvic
2023-09-30 15:09:22,858 [INFO] IPUIPlugin:80 - create IPUIPlugin
2023-09-30 15:09:22,858 [INFO] PluginManager:220 - loadIPPluginJar : add opamp
2023-09-30 15:09:22,859 [INFO] IPUIPlugin:80 - create IPUIPlugin
2023-09-30 15:09:22,859 [INFO] PluginManager:220 - loadIPPluginJar : add openamp
2023-09-30 15:09:22,862 [INFO] IPUIPlugin:80 - create IPUIPlugin
2023-09-30 15:09:22,862 [INFO] PluginManager:220 - loadIPPluginJar : add pdm2pcm
2023-09-30 15:09:22,866 [INFO] IPUIPlugin:80 - create IPUIPlugin
2023-09-30 15:09:22,869 [INFO] PluginManager:220 - loadIPPluginJar : add plateformsettings
2023-09-30 15:09:22,870 [INFO] IPUIPlugin:80 - create IPUIPlugin
2023-09-30 15:09:22,871 [INFO] PluginManager:220 - loadIPPluginJar : add quadspi
2023-09-30 15:09:22,873 [INFO] IPUIPlugin:80 - create IPUIPlugin
2023-09-30 15:09:22,873 [INFO] PluginManager:220 - loadIPPluginJar : add resmgrutility
2023-09-30 15:09:22,874 [INFO] IPUIPlugin:80 - create IPUIPlugin
2023-09-30 15:09:22,875 [INFO] PluginManager:220 - loadIPPluginJar : add sai
2023-09-30 15:09:22,876 [INFO] IPUIPlugin:80 - create IPUIPlugin
2023-09-30 15:09:22,877 [INFO] PluginManager:220 - loadIPPluginJar : add spi
2023-09-30 15:09:22,880 [INFO] IPUIPlugin:80 - create IPUIPlugin
2023-09-30 15:09:22,880 [INFO] PluginManager:220 - loadIPPluginJar : add stm32_wpan
2023-09-30 15:09:22,881 [INFO] IPUIPlugin:80 - create IPUIPlugin
2023-09-30 15:09:22,881 [INFO] PluginManager:220 - loadIPPluginJar : add tim
2023-09-30 15:09:22,882 [INFO] IPUIPlugin:80 - create IPUIPlugin
2023-09-30 15:09:22,883 [INFO] PluginManager:220 - loadIPPluginJar : add touchsensing
2023-09-30 15:09:22,884 [INFO] IPUIPlugin:80 - create IPUIPlugin
2023-09-30 15:09:22,884 [INFO] PluginManager:220 - loadIPPluginJar : add tracer_emb
2023-09-30 15:09:22,885 [INFO] IPUIPlugin:80 - create IPUIPlugin
2023-09-30 15:09:22,885 [INFO] PluginManager:220 - loadIPPluginJar : add ts
2023-09-30 15:09:22,886 [INFO] IPUIPlugin:80 - create IPUIPlugin
2023-09-30 15:09:22,886 [INFO] PluginManager:220 - loadIPPluginJar : add tsc
2023-09-30 15:09:22,887 [INFO] IPUIPlugin:80 - create IPUIPlugin
2023-09-30 15:09:22,887 [INFO] PluginManager:220 - loadIPPluginJar : add ucpd
2023-09-30 15:09:22,888 [INFO] IPUIPlugin:80 - create IPUIPlugin
2023-09-30 15:09:22,888 [INFO] PluginManager:220 - loadIPPluginJar : add usart
2023-09-30 15:09:22,890 [INFO] IPUIPlugin:80 - create IPUIPlugin
2023-09-30 15:09:22,890 [INFO] PluginManager:220 - loadIPPluginJar : add usbx
2023-09-30 15:09:23,005 [INFO] CADModel:165 - CPN selected for project level
2023-09-30 15:09:23,005 [INFO] CADModel:114 - Register for checkConnection events
2023-09-30 15:09:23,005 [FATAL] Updater:308 - Updater called before beeing initialized
2023-09-30 15:09:23,006 [ERROR] CADModel:125 - Updater not yet initialized, retry later 
2023-09-30 15:09:23,248 [INFO] CADModel:165 - CPN selected for project level
2023-09-30 15:09:23,249 [INFO] CADModel:114 - Register for checkConnection events
2023-09-30 15:09:23,249 [FATAL] Updater:308 - Updater called before beeing initialized
2023-09-30 15:09:23,249 [ERROR] CADModel:125 - Updater not yet initialized, retry later 
2023-09-30 15:09:23,252 [FATAL] Updater:308 - Updater called before beeing initialized
2023-09-30 15:09:23,341 [FATAL] Updater:308 - Updater called before beeing initialized
2023-09-30 15:09:23,355 [INFO] DbMcusAds:53 - JSON generation date=Tue Mar 07 15:50:55 ICT 2023 (1678179055114)
2023-09-30 15:09:23,356 [FATAL] Updater:308 - Updater called before beeing initialized
2023-09-30 15:09:23,392 [WARN] DetailPanel:346 - Failed to get advertising image, set to default
2023-09-30 15:09:23,459 [FATAL] Updater:308 - Updater called before beeing initialized
2023-09-30 15:09:23,460 [FATAL] Updater:308 - Updater called before beeing initialized
2023-09-30 15:09:23,460 [FATAL] Updater:308 - Updater called before beeing initialized
2023-09-30 15:09:23,461 [WARN] DetailPanel:346 - Failed to get advertising image, set to default
2023-09-30 15:09:23,461 [FATAL] Updater:308 - Updater called before beeing initialized
2023-09-30 15:09:23,504 [ERROR] Updater:1120 - MainUpdater not yet initialized. External WinMGr cannot be set.
2023-09-30 15:09:23,505 [INFO] Updater:1056 - Updater Version found : 6.9.0
2023-09-30 15:09:23,520 [INFO] ApplicationProperties:184 - Using Application install path: C:\ST\STM32CubeIDE_1.13.0\STM32CubeIDE\plugins\com.st.stm32cube.common.mx_6.9.0.202307051724
2023-09-30 15:09:23,802 [INFO] MainUpdater:2868 - connection check result : 10
2023-09-30 15:09:23,803 [INFO] MainUpdater:285 - Updater Check For Update Now.
2023-09-30 15:09:23,803 [INFO] MicroXplorer:498 - Change Database Version : DB.6.0.90
2023-09-30 15:09:23,808 [INFO] McuFinderGlobals:63 - Set McuFinder mode to 2 (CubeIDE integrated)
2023-09-30 15:09:23,973 [INFO] CheckServerUpdateThread:120 - End of CheckServer Thread
2023-09-30 15:09:25,566 [WARN] PackLoader:240 - Cannot read IP mode file for STMicroelectronics.X-CUBE-SMBUS.2.1.0
2023-09-30 15:09:25,600 [WARN] PackLoader:240 - Cannot read IP mode file for STMicroelectronics.X-CUBE-AZRTOS-F7.1.1.0
2023-09-30 15:09:25,611 [WARN] PackLoader:240 - Cannot read IP mode file for STMicroelectronics.FP-SNS-MOTENV1.4.3.2
2023-09-30 15:09:25,627 [WARN] PackLoader:240 - Cannot read IP mode file for STMicroelectronics.X-CUBE-BLE1.6.2.4
2023-09-30 15:09:25,630 [WARN] PackLoader:240 - Cannot read IP mode file for STMicroelectronics.FP-SNS-FLIGHT1.5.0.2
2023-09-30 15:09:25,639 [WARN] PackLoader:240 - Cannot read IP mode file for STMicroelectronics.X-CUBE-DISPLAY.3.0.0
2023-09-30 15:09:25,647 [WARN] PackLoader:240 - Cannot read IP mode file for STMicroelectronics.X-CUBE-BLE1.7.0.0
2023-09-30 15:09:25,652 [WARN] PackLoader:240 - Cannot read IP mode file for emotas.I-CUBE-CANOPEN.1.3.0
2023-09-30 15:09:25,659 [WARN] PackLoader:240 - Cannot read IP mode file for STMicroelectronics.X-CUBE-TOUCHGFX.4.22.0
2023-09-30 15:09:25,664 [WARN] PackLoader:240 - Cannot read IP mode file for STMicroelectronics.FP-SNS-SMARTAG2.1.2.0
2023-09-30 15:09:25,676 [INFO] LogOutputStream:77 - [STDOUT_REDIRECT] 1 : Invalid condition id : UX_CORESTACK_Condition cause : null
2023-09-30 15:09:25,677 [INFO] LogOutputStream:77 - [STDOUT_REDIRECT] 1 : Invalid condition id : UX_CORESTACK_Condition cause : null
2023-09-30 15:09:25,678 [INFO] LogOutputStream:77 - [STDOUT_REDIRECT] 1 : Invalid condition id : UX_CORESTACK_Condition cause : null
2023-09-30 15:09:25,680 [INFO] LogOutputStream:77 - [STDOUT_REDIRECT] 1 : Invalid condition id : UX_CORESTACK_Condition cause : null
2023-09-30 15:09:25,680 [INFO] LogOutputStream:77 - [STDOUT_REDIRECT] 1 : Invalid condition id : UX_CORESTACK_Condition cause : null
2023-09-30 15:09:25,683 [WARN] PackLoader:240 - Cannot read IP mode file for STMicroelectronics.X-CUBE-AZRTOS-WL.2.0.0
2023-09-30 15:09:25,693 [WARN] PackLoader:240 - Cannot read IP mode file for WES.I-CUBE-Cesium.1.3.0
2023-09-30 15:09:25,699 [WARN] PackLoader:240 - Cannot read IP mode file for STMicroelectronics.X-CUBE-BLE2.3.3.0
2023-09-30 15:09:25,706 [WARN] PackLoader:240 - Cannot read IP mode file for STMicroelectronics.X-CUBE-ALGOBUILD.1.3.0
2023-09-30 15:09:25,722 [WARN] PackLoader:240 - Cannot read IP mode file for STMicroelectronics.X-CUBE-AZRTOS-G0.1.1.0
2023-09-30 15:09:25,728 [WARN] PackLoader:240 - Cannot read IP mode file for STMicroelectronics.X-CUBE-NFC4.3.0.0
2023-09-30 15:09:25,732 [WARN] PackLoader:240 - Cannot read IP mode file for STMicroelectronics.FP-ATR-SIGFOX1.3.2.0
2023-09-30 15:09:25,761 [WARN] PackLoader:240 - Cannot read IP mode file for SEGGER.I-CUBE-embOS.1.3.1
2023-09-30 15:09:25,788 [WARN] PackLoader:240 - Cannot read IP mode file for STMicroelectronics.X-CUBE-GNSS1.6.0.0
2023-09-30 15:09:25,804 [WARN] PackLoader:240 - Cannot read IP mode file for STMicroelectronics.X-CUBE-AZRTOS-F4.1.1.0
2023-09-30 15:09:25,811 [WARN] PackLoader:240 - Cannot read IP mode file for wolfSSL.I-CUBE-wolfSSL.5.6.3
2023-09-30 15:09:25,824 [WARN] PackLoader:240 - Cannot read IP mode file for STMicroelectronics.X-CUBE-AZRTOS-L5.2.0.0
2023-09-30 15:09:25,884 [WARN] PackLoader:240 - Cannot read IP mode file for STMicroelectronics.X-CUBE-MEMS1.9.6.0
2023-09-30 15:09:25,996 [WARN] PackLoader:240 - Cannot read IP mode file for STMicroelectronics.X-CUBE-BLEMGR.2.0.0
2023-09-30 15:09:26,006 [WARN] ConditionMgr:438 - getConditionDescription Invalid condition id : UX DEVICE CLASS RTOS Condition cause : null
2023-09-30 15:09:26,006 [WARN] ConditionMgr:438 - getConditionDescription Invalid condition id : UX DEVICE CLASS RTOS Condition cause : null
2023-09-30 15:09:26,007 [WARN] PackLoader:240 - Cannot read IP mode file for STMicroelectronics.X-CUBE-AZRTOS-H7.3.1.0
2023-09-30 15:09:26,008 [WARN] ConditionMgr:1039 - genDependencies : Invalid condition id : UX DEVICE CLASS RTOS Condition cause : null
2023-09-30 15:09:26,008 [WARN] ConditionMgr:1039 - genDependencies : Invalid condition id : UX DEVICE CLASS RTOS Condition cause : null
2023-09-30 15:09:26,009 [WARN] ConditionMgr:1039 - genDependencies : Invalid condition id : UX DEVICE CLASS RTOS Condition cause : null
2023-09-30 15:09:26,009 [WARN] ConditionMgr:1039 - genDependencies : Invalid condition id : UX DEVICE CLASS RTOS Condition cause : null
2023-09-30 15:09:26,009 [WARN] ConditionMgr:1039 - genDependencies : Invalid condition id : UX DEVICE CLASS RTOS Condition cause : null
2023-09-30 15:09:26,013 [WARN] PackLoader:240 - Cannot read IP mode file for STMicroelectronics.X-CUBE-NFC7.1.0.1
2023-09-30 15:09:26,017 [WARN] PackLoader:240 - Cannot read IP mode file for STMicroelectronics.X-CUBE-NFC6.3.0.0
2023-09-30 15:09:26,021 [WARN] PackLoader:240 - Cannot read IP mode file for STMicroelectronics.X-CUBE-EEPRMA1.4.1.0
2023-09-30 15:09:26,024 [WARN] PackLoader:240 - Cannot read IP mode file for STMicroelectronics.X-CUBE-AI.8.1.0
2023-09-30 15:09:26,036 [WARN] ConditionMgr:438 - getConditionDescription Invalid condition id : LAN8742 Phy interface Condition cause : null
2023-09-30 15:09:26,037 [WARN] PackLoader:240 - Cannot read IP mode file for STMicroelectronics.X-CUBE-AZRTOS-L4.2.0.0
2023-09-30 15:09:26,038 [WARN] ConditionMgr:1039 - genDependencies : Invalid condition id : LAN8742 Phy interface Condition cause : null
2023-09-30 15:09:26,038 [WARN] ConditionMgr:1039 - genDependencies : Invalid condition id : LAN8742 Phy interface Condition cause : null
2023-09-30 15:09:26,039 [WARN] ConditionMgr:1039 - genDependencies : Invalid condition id : LAN8742 Phy interface Condition cause : null
2023-09-30 15:09:26,045 [WARN] PackLoader:240 - Cannot read IP mode file for STMicroelectronics.X-CUBE-SFXS2LP1.4.0.0
2023-09-30 15:09:26,048 [WARN] PackLoader:240 - Cannot read IP mode file for STMicroelectronics.X-CUBE-ISPU.1.1.0
2023-09-30 15:09:26,058 [WARN] ConditionMgr:438 - getConditionDescription Invalid condition id : UX DEVICE CLASS RTOS Condition cause : null
2023-09-30 15:09:26,058 [WARN] ConditionMgr:438 - getConditionDescription Invalid condition id : UX DEVICE CLASS RTOS Condition cause : null
2023-09-30 15:09:26,060 [WARN] PackLoader:240 - Cannot read IP mode file for STMicroelectronics.X-CUBE-AZRTOS-WB.2.0.0
2023-09-30 15:09:26,061 [WARN] ConditionMgr:1039 - genDependencies : Invalid condition id : UX DEVICE CLASS RTOS Condition cause : null
2023-09-30 15:09:26,061 [WARN] ConditionMgr:1039 - genDependencies : Invalid condition id : UX DEVICE CLASS RTOS Condition cause : null
2023-09-30 15:09:26,061 [WARN] ConditionMgr:1039 - genDependencies : Invalid condition id : UX DEVICE CLASS RTOS Condition cause : null
2023-09-30 15:09:26,061 [WARN] ConditionMgr:1039 - genDependencies : Invalid condition id : UX DEVICE CLASS RTOS Condition cause : null
2023-09-30 15:09:26,061 [WARN] ConditionMgr:1039 - genDependencies : Invalid condition id : UX DEVICE CLASS RTOS Condition cause : null
2023-09-30 15:09:26,066 [WARN] PackLoader:240 - Cannot read IP mode file for STMicroelectronics.X-CUBE-FREERTOS.1.0.1
2023-09-30 15:09:26,076 [WARN] PackLoader:240 - Cannot read IP mode file for STMicroelectronics.X-CUBE-AZRTOS-L5.1.1.0
2023-09-30 15:09:26,086 [WARN] PackLoader:240 - Cannot read IP mode file for STMicroelectronics.X-CUBE-SUBG2.5.0.0
2023-09-30 15:09:26,100 [WARN] PackLoader:240 - Cannot read IP mode file for STMicroelectronics.X-CUBE-TOF1.3.3.1
2023-09-30 15:09:26,115 [WARN] PackLoader:240 - Cannot read IP mode file for STMicroelectronics.X-CUBE-AZRTOS-G4.2.0.0
2023-09-30 15:09:26,119 [WARN] PackLoader:240 - Cannot read IP mode file for STMicroelectronics.X-CUBE-FREERTOS.1.1.0
2023-09-30 15:09:26,123 [WARN] PackLoader:240 - Cannot read IP mode file for portGmbH.I-Cube-SoM-uGOAL.1.1.0
2023-09-30 15:09:26,127 [WARN] PackLoader:240 - Cannot read IP mode file for STMicroelectronics.X-CUBE-ALS.1.0.1
2023-09-30 15:09:26,135 [WARN] PackLoader:240 - Cannot read IP mode file for STMicroelectronics.X-CUBE-AZRTOS-WB.1.1.0
2023-09-30 15:09:26,141 [WARN] PackLoader:240 - Cannot read IP mode file for STMicroelectronics.FP-ATR-ASTRA1.2.0.0
2023-09-30 15:09:26,142 [INFO] ThirdParty:978 - Integrity check success = true
2023-09-30 15:09:26,142 [INFO] IntegrityCheckThread:100 - exiting critical section [integrity check]
2023-09-30 15:09:26,142 [INFO] IntegrityCheckThread:103 - End integrity checks thread
2023-09-30 15:09:32,551 [INFO] McuFinderGlobals:63 - Set McuFinder mode to 2 (CubeIDE integrated)
2023-09-30 15:09:32,554 [INFO] MainUpdater:2868 - connection check result : 10
2023-09-30 15:09:32,828 [INFO] ApiDb:581 - Connected to CubeFinder SQLite database (C:\Users\honho\.stmcufinder\plugins\mcufinder\mcu\cube-finder-db.db)
2023-09-30 15:09:32,868 [INFO] ApiDb:668 - CubeFinder database Data Model version=2.1
2023-09-30 15:09:32,868 [INFO] ApiDb:669 - CubeFinder database Configuration version=3.0.37
2023-09-30 15:09:32,868 [INFO] ApiDb:670 - CubeFinder database generation date=2023-08-09 (1691586011)
2023-09-30 15:09:32,868 [INFO] ApiDb:671 - CubeFinder database FW Pack versions=[FP-ATR-ASTRA1_V2.0.0, FP-SNS-FLIGHT1_V5.0.1, FP-SNS-FLIGHT1_V5.0.2, FP-SNS-MOTENV1_V4.3.1, FP-SNS-MOTENV1_V4.3.2, STM32Cube_FW_C0_V1.1.0, STM32Cube_FW_F4_V1.27.1, STM32Cube_FW_F7_V1.17.0, STM32Cube_FW_G0_V1.6.1, STM32Cube_FW_G4_V1.5.1, STM32Cube_FW_H5_V0.5.1, STM32Cube_FW_H5_V1.1.0, STM32Cube_FW_H7_V1.11.0, STM32Cube_FW_L0_V1.12.2, STM32Cube_FW_L5_V1.5.0, STM32Cube_FW_U5_V1.3.0, STM32Cube_FW_U5_V1.3.0RC4, STM32Cube_FW_WBA_V1.0.0RC1, STM32Cube_FW_WBA_V1.1.0, STM32Cube_FW_WBA_V1.1.0RC1, STM32Cube_FW_WB_V1.15.0RC1, STM32Cube_FW_WB_V1.16.0, STM32Cube_FW_WB_V1.16.0RC2, STM32Cube_FW_WB_V1.17.0, STM32Cube_FW_WL_V1.3.0, X-CUBE-ALGOBUILD_V1.3.0, X-CUBE-ALS_V1.0.1, X-CUBE-AZRTOS-F4_V1.1.0, X-CUBE-AZRTOS-F7_V1.1.0, X-CUBE-AZRTOS-G0_V1.1.0, X-CUBE-AZRTOS-G4_V2.0.0, X-CUBE-AZRTOS-H7_V3.1.0, X-CUBE-AZRTOS-L4_V1.0.0, X-CUBE-AZRTOS-L4_V2.0.0, X-CUBE-AZRTOS-L5_V1.1.0, X-CUBE-AZRTOS-WB_V1.1.0, X-CUBE-AZRTOS-WL_V2.0.0, X-CUBE-BLE1_V7.0.0, X-CUBE-BLE2_V3.3.0, X-CUBE-BLEMGR_V2.0.0, X-CUBE-EEPRMA1_V4.1.0, X-CUBE-FREERTOS_V1.1.0, X-CUBE-GNSS1_V6.0.0, X-CUBE-MEMS1_V9.1.0, X-CUBE-MEMS1_V9.4.0, X-CUBE-MEMS1_V9.6.0, X-CUBE-NFC4_V3.0.0, X-CUBE-NFC7_V1.0.0, X-CUBE-SFXS2LP1_V4.0.0, X-CUBE-SUBG2_V5.0.0, X-CUBE-TOF1_V3.3.1]
2023-09-30 15:09:32,916 [INFO] DbBoardsSqlite:226 - include board P-NUCLEO-WB55-NUCLEO as a kit item of type 'Nucleo-64'
2023-09-30 15:09:32,916 [INFO] DbBoardsSqlite:226 - include board P-NUCLEO-WB55-USBDONGLE as a kit item of type 'Nucleo USB Dongle'
2023-09-30 15:09:32,916 [INFO] DbBoardsSqlite:226 - include board STEVAL-IDP005V1 as a kit item of type 'Evaluation Board'
2023-09-30 15:09:32,917 [INFO] DbBoardsSqlite:226 - include board STEVAL-IDP005V2 as a kit item of type 'Evaluation Board'
2023-09-30 15:09:32,951 [INFO] ApiDb:240 - Found 323 in-development CPN: [B-G473E-ZEST1S, B-WB1M-WPAN1, B-WL5M-SUBG1, NUCLEO-C031C6, NUCLEO-H503RB, NUCLEO-H563ZI, NUCLEO-U545RE-Q, NUCLEO-U5A5ZJ-Q, NUCLEO-WBA52CG, STEVAL-PROTEUS1, STEVAL-SMARTAG2, STEVAL-STWINBX1, STM320518-EVAL, STM32C0116-DK, STM32C011D6Y3TR, STM32C011D6Y6TR, STM32C011F4P3, STM32C011F4P6, STM32C011F4U3, STM32C011F4U6TR, STM32C011F6P3, STM32C011F6P6, STM32C011F6U3, STM32C011F6U6TR, STM32C011J4M3, STM32C011J4M6, STM32C011J6M3, STM32C011J6M6, STM32C0316-DK, STM32C031C4T3, STM32C031C4T6, STM32C031C4U3, STM32C031C4U6, STM32C031C6T3, STM32C031C6T6, STM32C031C6U3, STM32C031C6U6, STM32C031F4P3, STM32C031F4P6, STM32C031F6P3, STM32C031F6P6, STM32C031G4U3, STM32C031G4U6, STM32C031G6U3, STM32C031G6U6, STM32C031K4T3, STM32C031K4T6, STM32C031K4U3, STM32C031K4U6, STM32C031K6T3, STM32C031K6T6, STM32C031K6U3, STM32C031K6U6, STM32G071K8TXN, STM32G071K8UXN, STM32G081GBU6N, STM32G081KBT6N, STM32G081KBUXN, STM32G0B1CCT6N, STM32G0B1KCT6, STM32G0B1NEY6TR, STM32G0B1RCT6N, STM32G0C1CCT6, STM32G0C1CCT6N, STM32G0C1CCU6N, STM32G0C1CET6N, STM32G0C1CEU6N, STM32G0C1KCT6, STM32G0C1NEY6TR, STM32G0C1RCI6N, STM32G0C1RCT6N, STM32G0C1REI6N, STM32G0C1RET6N, STM32G0C1VCI6, STM32G0C1VEI6, STM32G471CCT6, STM32G471CCU6, STM32G471CET3, STM32G471CET6, STM32G471CEU3, STM32G471CEU6, STM32G471MCT6, STM32G471MET3, STM32G471MET6, STM32G471MEY6TR, STM32G471QCT6, STM32G471QET3, STM32G471RCT6, STM32G471RET3, STM32G471RET6, STM32G471VCH6, STM32G471VCI6, STM32G471VCT6, STM32G471VEH3, STM32G471VEH6, STM32G471VEI3, STM32G471VEI6, STM32G471VET3, STM32G471VET6, STM32G474CCT6, STM32H503CBT6, STM32H503CBU6, STM32H503EBY6TR, STM32H503KBU6, STM32H503RBT6, STM32H562AGI6, STM32H562AII6, STM32H562IGK6, STM32H562IGT6, STM32H562IIK6, STM32H562IIT6, STM32H562RGT6, STM32H562RGV6, STM32H562RIT6, STM32H562RIV6, STM32H562VGT6, STM32H562VIT6, STM32H562ZGT6, STM32H562ZIT6, STM32H563AGI6, STM32H563AII3Q, STM32H563AII6, STM32H563IGK6, STM32H563IGT6, STM32H563IIK3Q, STM32H563IIK6, STM32H563IIT3Q, STM32H563IIT6, STM32H563MIY3QTR, STM32H563RGT6, STM32H563RGV6, STM32H563RIT6, STM32H563RIV6, STM32H563VGT6, STM32H563VIT3Q, STM32H563VIT6, STM32H563ZGT6, STM32H563ZIT3Q, STM32H563ZIT6, STM32H573AII3Q, STM32H573AII6, STM32H573I-DK, STM32H573IIK3Q, STM32H573IIK6, STM32H573IIT3Q, STM32H573IIT6, STM32H573MIY3QTR, STM32H573RIT6, STM32H573RIV6, STM32H573VIT3Q, STM32H573VIT6, STM32H573ZIT3Q, STM32H573ZIT6, STM32L4R5QGI6STR, STM32MP131AAE3, STM32MP131AAF3, STM32MP131AAG3, STM32MP131CAE3, STM32MP131CAF3, STM32MP131CAG3, STM32MP131DAE7, STM32MP131DAF7, STM32MP131DAG7, STM32MP131FAE7, STM32MP131FAF7, STM32MP131FAG7, STM32MP133AAE3, STM32MP133AAF3, STM32MP133AAG3, STM32MP133CAE3, STM32MP133CAF3, STM32MP133CAG3, STM32MP133DAE7, STM32MP133DAF7, STM32MP133DAG7, STM32MP133FAE7, STM32MP133FAF7, STM32MP133FAG7, STM32MP135AAE3, STM32MP135AAF3, STM32MP135AAG3, STM32MP135CAE3, STM32MP135CAF3, STM32MP135CAG3, STM32MP135DAE7, STM32MP135DAF7, STM32MP135DAG7, STM32MP135F-DK, STM32MP135FAE7, STM32MP135FAF7, STM32MP135FAF7T, STM32MP135FAF7U, STM32MP135FAG7, STM32U535CBT6, STM32U535CBT6Q, STM32U535CBU6, STM32U535CBU6Q, STM32U535CCT6, STM32U535CCT6Q, STM32U535CCU6, STM32U535CCU6Q, STM32U535CET6, STM32U535CET6Q, STM32U535CEU6, STM32U535CEU6Q, STM32U535JEY6QTR, STM32U535NCY6QTR, STM32U535NEY6QTR, STM32U535RBI6, STM32U535RBI6Q, STM32U535RBT6, STM32U535RBT6Q, STM32U535RCI6, STM32U535RCI6Q, STM32U535RCT6, STM32U535RCT6Q, STM32U535REI6, STM32U535REI6Q, STM32U535RET6, STM32U535RET6Q, STM32U535VCI6, STM32U535VCI6Q, STM32U535VCT6, STM32U535VCT6Q, STM32U535VEI6, STM32U535VEI6Q, STM32U535VET6, STM32U535VET6Q, STM32U545CET6, STM32U545CET6Q, STM32U545CEU6, STM32U545CEU6Q, STM32U545JEY6QTR, STM32U545NEY6QTR, STM32U545REI6, STM32U545REI6Q, STM32U545RET6, STM32U545RET6Q, STM32U545VEI6, STM32U545VEI6Q, STM32U545VET6, STM32U545VET6Q, STM32U595AIH6, STM32U595AIH6Q, STM32U595AJH6, STM32U595AJH6Q, STM32U595QII6, STM32U595QII6Q, STM32U595QJI6, STM32U595QJI6Q, STM32U595RIT6, STM32U595RIT6Q, STM32U595RJT6, STM32U595RJT6Q, STM32U595VIT6, STM32U595VIT6Q, STM32U595VJT6, STM32U595VJT6Q, STM32U595ZIT6, STM32U595ZIT6Q, STM32U595ZIY6QTR, STM32U595ZJT6, STM32U595ZJT6Q, STM32U595ZJY6QTR, STM32U599BJY6QTR, STM32U599NIH6Q, STM32U599NJH6Q, STM32U599VIT6Q, STM32U599VJT6, STM32U599VJT6Q, STM32U599ZIT6Q, STM32U599ZIY6QTR, STM32U599ZJT6Q, STM32U599ZJY6QTR, STM32U5A5AJH6, STM32U5A5AJH6Q, STM32U5A5QJI6, STM32U5A5QJI6Q, STM32U5A5RJT6, STM32U5A5RJT6Q, STM32U5A5VJT6, STM32U5A5VJT6Q, STM32U5A5ZJT6, STM32U5A5ZJT6Q, STM32U5A5ZJY6QTR, STM32U5A9BJY6QTR, STM32U5A9J-DK, STM32U5A9NJH6Q, STM32U5A9VJT6Q, STM32U5A9ZJT6Q, STM32U5A9ZJY6QTR, STM32U5F7VIT6, STM32U5F7VIT6Q, STM32U5F7VJT6, STM32U5F7VJT6Q, STM32U5F9BJY6QTR, STM32U5F9NJH6Q, STM32U5F9VIT6Q, STM32U5F9VJT6Q, STM32U5F9ZIJ6QTR, STM32U5F9ZIT6Q, STM32U5F9ZJJ6QTR, STM32U5F9ZJT6Q, STM32U5G7VJT6, STM32U5G7VJT6Q, STM32U5G9BJY6QTR, STM32U5G9J-DK1, STM32U5G9J-DK2, STM32U5G9NJH6Q, STM32U5G9VJT6Q, STM32U5G9ZJJ6QTR, STM32U5G9ZJT6Q, STM32WB1MMCH6, STM32WBA52CEU6, STM32WBA52CEU6T, STM32WBA52CGU6, STM32WBA52CGU6T, STM32WBA52KEU6, STM32WBA52KEU6T, STM32WBA52KGU6, STM32WBA52KGU6T, STM32WL5MOCH6, STM32WL5MOCH6TR]
2023-09-30 15:09:33,013 [INFO] BoardInfo:880 - No configuration file found for board P-NUCLEO-WB55
2023-09-30 15:09:33,014 [INFO] DbBoards:157 - Kit is not supported: P-NUCLEO-WB55
2023-09-30 15:09:33,017 [INFO] BoardInfo:880 - No configuration file found for board STEVAL-BFA001V1B
2023-09-30 15:09:33,017 [INFO] DbBoards:157 - Kit is not supported: STEVAL-BFA001V1B
2023-09-30 15:09:33,018 [INFO] BoardInfo:880 - No configuration file found for board STEVAL-BFA001V2B
2023-09-30 15:09:33,018 [INFO] DbBoards:157 - Kit is not supported: STEVAL-BFA001V2B
2023-09-30 15:09:33,089 [INFO] DbBoards:161 - Found 190 boards, 187 are supported
2023-09-30 15:09:33,092 [INFO] ApiDb:668 - CubeFinder database Data Model version=2.1
2023-09-30 15:09:33,092 [INFO] ApiDb:669 - CubeFinder database Configuration version=3.0.37
2023-09-30 15:09:33,092 [INFO] ApiDb:670 - CubeFinder database generation date=2023-08-09 (1691586011)
2023-09-30 15:09:33,092 [INFO] ApiDb:671 - CubeFinder database FW Pack versions=[FP-ATR-ASTRA1_V2.0.0, FP-SNS-FLIGHT1_V5.0.1, FP-SNS-FLIGHT1_V5.0.2, FP-SNS-MOTENV1_V4.3.1, FP-SNS-MOTENV1_V4.3.2, STM32Cube_FW_C0_V1.1.0, STM32Cube_FW_F4_V1.27.1, STM32Cube_FW_F7_V1.17.0, STM32Cube_FW_G0_V1.6.1, STM32Cube_FW_G4_V1.5.1, STM32Cube_FW_H5_V0.5.1, STM32Cube_FW_H5_V1.1.0, STM32Cube_FW_H7_V1.11.0, STM32Cube_FW_L0_V1.12.2, STM32Cube_FW_L5_V1.5.0, STM32Cube_FW_U5_V1.3.0, STM32Cube_FW_U5_V1.3.0RC4, STM32Cube_FW_WBA_V1.0.0RC1, STM32Cube_FW_WBA_V1.1.0, STM32Cube_FW_WBA_V1.1.0RC1, STM32Cube_FW_WB_V1.15.0RC1, STM32Cube_FW_WB_V1.16.0, STM32Cube_FW_WB_V1.16.0RC2, STM32Cube_FW_WB_V1.17.0, STM32Cube_FW_WL_V1.3.0, X-CUBE-ALGOBUILD_V1.3.0, X-CUBE-ALS_V1.0.1, X-CUBE-AZRTOS-F4_V1.1.0, X-CUBE-AZRTOS-F7_V1.1.0, X-CUBE-AZRTOS-G0_V1.1.0, X-CUBE-AZRTOS-G4_V2.0.0, X-CUBE-AZRTOS-H7_V3.1.0, X-CUBE-AZRTOS-L4_V1.0.0, X-CUBE-AZRTOS-L4_V2.0.0, X-CUBE-AZRTOS-L5_V1.1.0, X-CUBE-AZRTOS-WB_V1.1.0, X-CUBE-AZRTOS-WL_V2.0.0, X-CUBE-BLE1_V7.0.0, X-CUBE-BLE2_V3.3.0, X-CUBE-BLEMGR_V2.0.0, X-CUBE-EEPRMA1_V4.1.0, X-CUBE-FREERTOS_V1.1.0, X-CUBE-GNSS1_V6.0.0, X-CUBE-MEMS1_V9.1.0, X-CUBE-MEMS1_V9.4.0, X-CUBE-MEMS1_V9.6.0, X-CUBE-NFC4_V3.0.0, X-CUBE-NFC7_V1.0.0, X-CUBE-SFXS2LP1_V4.0.0, X-CUBE-SUBG2_V5.0.0, X-CUBE-TOF1_V3.3.1]
2023-09-30 15:09:34,250 [INFO] ApiDb:240 - Found 323 in-development CPN: [B-G473E-ZEST1S, B-WB1M-WPAN1, B-WL5M-SUBG1, NUCLEO-C031C6, NUCLEO-H503RB, NUCLEO-H563ZI, NUCLEO-U545RE-Q, NUCLEO-U5A5ZJ-Q, NUCLEO-WBA52CG, STEVAL-PROTEUS1, STEVAL-SMARTAG2, STEVAL-STWINBX1, STM320518-EVAL, STM32C0116-DK, STM32C011D6Y3TR, STM32C011D6Y6TR, STM32C011F4P3, STM32C011F4P6, STM32C011F4U3, STM32C011F4U6TR, STM32C011F6P3, STM32C011F6P6, STM32C011F6U3, STM32C011F6U6TR, STM32C011J4M3, STM32C011J4M6, STM32C011J6M3, STM32C011J6M6, STM32C0316-DK, STM32C031C4T3, STM32C031C4T6, STM32C031C4U3, STM32C031C4U6, STM32C031C6T3, STM32C031C6T6, STM32C031C6U3, STM32C031C6U6, STM32C031F4P3, STM32C031F4P6, STM32C031F6P3, STM32C031F6P6, STM32C031G4U3, STM32C031G4U6, STM32C031G6U3, STM32C031G6U6, STM32C031K4T3, STM32C031K4T6, STM32C031K4U3, STM32C031K4U6, STM32C031K6T3, STM32C031K6T6, STM32C031K6U3, STM32C031K6U6, STM32G071K8TXN, STM32G071K8UXN, STM32G081GBU6N, STM32G081KBT6N, STM32G081KBUXN, STM32G0B1CCT6N, STM32G0B1KCT6, STM32G0B1NEY6TR, STM32G0B1RCT6N, STM32G0C1CCT6, STM32G0C1CCT6N, STM32G0C1CCU6N, STM32G0C1CET6N, STM32G0C1CEU6N, STM32G0C1KCT6, STM32G0C1NEY6TR, STM32G0C1RCI6N, STM32G0C1RCT6N, STM32G0C1REI6N, STM32G0C1RET6N, STM32G0C1VCI6, STM32G0C1VEI6, STM32G471CCT6, STM32G471CCU6, STM32G471CET3, STM32G471CET6, STM32G471CEU3, STM32G471CEU6, STM32G471MCT6, STM32G471MET3, STM32G471MET6, STM32G471MEY6TR, STM32G471QCT6, STM32G471QET3, STM32G471RCT6, STM32G471RET3, STM32G471RET6, STM32G471VCH6, STM32G471VCI6, STM32G471VCT6, STM32G471VEH3, STM32G471VEH6, STM32G471VEI3, STM32G471VEI6, STM32G471VET3, STM32G471VET6, STM32G474CCT6, STM32H503CBT6, STM32H503CBU6, STM32H503EBY6TR, STM32H503KBU6, STM32H503RBT6, STM32H562AGI6, STM32H562AII6, STM32H562IGK6, STM32H562IGT6, STM32H562IIK6, STM32H562IIT6, STM32H562RGT6, STM32H562RGV6, STM32H562RIT6, STM32H562RIV6, STM32H562VGT6, STM32H562VIT6, STM32H562ZGT6, STM32H562ZIT6, STM32H563AGI6, STM32H563AII3Q, STM32H563AII6, STM32H563IGK6, STM32H563IGT6, STM32H563IIK3Q, STM32H563IIK6, STM32H563IIT3Q, STM32H563IIT6, STM32H563MIY3QTR, STM32H563RGT6, STM32H563RGV6, STM32H563RIT6, STM32H563RIV6, STM32H563VGT6, STM32H563VIT3Q, STM32H563VIT6, STM32H563ZGT6, STM32H563ZIT3Q, STM32H563ZIT6, STM32H573AII3Q, STM32H573AII6, STM32H573I-DK, STM32H573IIK3Q, STM32H573IIK6, STM32H573IIT3Q, STM32H573IIT6, STM32H573MIY3QTR, STM32H573RIT6, STM32H573RIV6, STM32H573VIT3Q, STM32H573VIT6, STM32H573ZIT3Q, STM32H573ZIT6, STM32L4R5QGI6STR, STM32MP131AAE3, STM32MP131AAF3, STM32MP131AAG3, STM32MP131CAE3, STM32MP131CAF3, STM32MP131CAG3, STM32MP131DAE7, STM32MP131DAF7, STM32MP131DAG7, STM32MP131FAE7, STM32MP131FAF7, STM32MP131FAG7, STM32MP133AAE3, STM32MP133AAF3, STM32MP133AAG3, STM32MP133CAE3, STM32MP133CAF3, STM32MP133CAG3, STM32MP133DAE7, STM32MP133DAF7, STM32MP133DAG7, STM32MP133FAE7, STM32MP133FAF7, STM32MP133FAG7, STM32MP135AAE3, STM32MP135AAF3, STM32MP135AAG3, STM32MP135CAE3, STM32MP135CAF3, STM32MP135CAG3, STM32MP135DAE7, STM32MP135DAF7, STM32MP135DAG7, STM32MP135F-DK, STM32MP135FAE7, STM32MP135FAF7, STM32MP135FAF7T, STM32MP135FAF7U, STM32MP135FAG7, STM32U535CBT6, STM32U535CBT6Q, STM32U535CBU6, STM32U535CBU6Q, STM32U535CCT6, STM32U535CCT6Q, STM32U535CCU6, STM32U535CCU6Q, STM32U535CET6, STM32U535CET6Q, STM32U535CEU6, STM32U535CEU6Q, STM32U535JEY6QTR, STM32U535NCY6QTR, STM32U535NEY6QTR, STM32U535RBI6, STM32U535RBI6Q, STM32U535RBT6, STM32U535RBT6Q, STM32U535RCI6, STM32U535RCI6Q, STM32U535RCT6, STM32U535RCT6Q, STM32U535REI6, STM32U535REI6Q, STM32U535RET6, STM32U535RET6Q, STM32U535VCI6, STM32U535VCI6Q, STM32U535VCT6, STM32U535VCT6Q, STM32U535VEI6, STM32U535VEI6Q, STM32U535VET6, STM32U535VET6Q, STM32U545CET6, STM32U545CET6Q, STM32U545CEU6, STM32U545CEU6Q, STM32U545JEY6QTR, STM32U545NEY6QTR, STM32U545REI6, STM32U545REI6Q, STM32U545RET6, STM32U545RET6Q, STM32U545VEI6, STM32U545VEI6Q, STM32U545VET6, STM32U545VET6Q, STM32U595AIH6, STM32U595AIH6Q, STM32U595AJH6, STM32U595AJH6Q, STM32U595QII6, STM32U595QII6Q, STM32U595QJI6, STM32U595QJI6Q, STM32U595RIT6, STM32U595RIT6Q, STM32U595RJT6, STM32U595RJT6Q, STM32U595VIT6, STM32U595VIT6Q, STM32U595VJT6, STM32U595VJT6Q, STM32U595ZIT6, STM32U595ZIT6Q, STM32U595ZIY6QTR, STM32U595ZJT6, STM32U595ZJT6Q, STM32U595ZJY6QTR, STM32U599BJY6QTR, STM32U599NIH6Q, STM32U599NJH6Q, STM32U599VIT6Q, STM32U599VJT6, STM32U599VJT6Q, STM32U599ZIT6Q, STM32U599ZIY6QTR, STM32U599ZJT6Q, STM32U599ZJY6QTR, STM32U5A5AJH6, STM32U5A5AJH6Q, STM32U5A5QJI6, STM32U5A5QJI6Q, STM32U5A5RJT6, STM32U5A5RJT6Q, STM32U5A5VJT6, STM32U5A5VJT6Q, STM32U5A5ZJT6, STM32U5A5ZJT6Q, STM32U5A5ZJY6QTR, STM32U5A9BJY6QTR, STM32U5A9J-DK, STM32U5A9NJH6Q, STM32U5A9VJT6Q, STM32U5A9ZJT6Q, STM32U5A9ZJY6QTR, STM32U5F7VIT6, STM32U5F7VIT6Q, STM32U5F7VJT6, STM32U5F7VJT6Q, STM32U5F9BJY6QTR, STM32U5F9NJH6Q, STM32U5F9VIT6Q, STM32U5F9VJT6Q, STM32U5F9ZIJ6QTR, STM32U5F9ZIT6Q, STM32U5F9ZJJ6QTR, STM32U5F9ZJT6Q, STM32U5G7VJT6, STM32U5G7VJT6Q, STM32U5G9BJY6QTR, STM32U5G9J-DK1, STM32U5G9J-DK2, STM32U5G9NJH6Q, STM32U5G9VJT6Q, STM32U5G9ZJJ6QTR, STM32U5G9ZJT6Q, STM32WB1MMCH6, STM32WBA52CEU6, STM32WBA52CEU6T, STM32WBA52CGU6, STM32WBA52CGU6T, STM32WBA52KEU6, STM32WBA52KEU6T, STM32WBA52KGU6, STM32WBA52KGU6T, STM32WL5MOCH6, STM32WL5MOCH6TR]
2023-09-30 15:09:34,255 [INFO] DbMcus:217 - Found 3848 MCUs, 3848 are supported
2023-09-30 15:09:34,255 [INFO] ApiDb:423 - Load user favorites file C:\Users\honho/.stm32cubeide/favorites.mcus.txt: 0 item(s)
2023-09-30 15:09:34,256 [INFO] ApiDb:427 - User favorites MCUs=[]
2023-09-30 15:09:34,256 [INFO] DbMcus:223 - Set 0 / 0 favorites MCUs
2023-09-30 15:09:34,389 [INFO] ApiDb:423 - Load user favorites file C:\Users\honho/.stm32cubeide/favorites.boards.txt: 0 item(s)
2023-09-30 15:09:34,389 [INFO] ApiDb:427 - User favorites Boards=[]
2023-09-30 15:09:34,390 [INFO] DbBoards:190 - Set 0 / 0 favorites Boards
2023-09-30 15:09:34,390 [INFO] McuFinderGlobals:76 - Set McuFinderConnectedMode to true
2023-09-30 15:09:34,394 [INFO] MultiScanPanel:200 - Auto-refresh data requested => check proxy status ongoing
2023-09-30 15:09:34,397 [INFO] FinderPluginLoader:95 - Searching for filters in installed packs
2023-09-30 15:09:35,431 [INFO] LoadUrlFilesThread:185 - End of LoadServerUrlFiles without Thread
2023-09-30 15:09:35,436 [INFO] DetailPanel:341 - Set advertising image to C:/Users/honho/STM32Cube/Repository/\en.prom-stm32h5-mcu-finder.jpg
2023-09-30 15:09:45,123 [ERROR] LogOutputStream:75 - [STDERR_REDIRECT] SLF4J: Failed to load class "org.slf4j.impl.StaticLoggerBinder".
2023-09-30 15:09:45,124 [ERROR] LogOutputStream:75 - [STDERR_REDIRECT] SLF4J: Defaulting to no-operation (NOP) logger implementation
2023-09-30 15:09:45,125 [ERROR] LogOutputStream:75 - [STDERR_REDIRECT] SLF4J: See http://www.slf4j.org/codes.html#StaticLoggerBinder for further details.
2023-09-30 15:11:03,895 [INFO] MainUpdater:2868 - connection check result : 10
2023-09-30 15:11:03,895 [INFO] MainUpdater:2868 - connection check result : 10
2023-09-30 15:11:05,152 [INFO] MicroXplorer:468 - Change Database Path : 
2023-09-30 15:11:05,152 [INFO] MicroXplorer:498 - Change Database Version : DB.6.0.90
2023-09-30 15:11:05,155 [WARN] ThirdParty:871 - waiting for thirdparty lock release [close project]
2023-09-30 15:11:05,155 [INFO] ThirdParty:873 - entering critical section [close project]
2023-09-30 15:11:05,156 [INFO] ThirdParty:883 - exiting critical section [close project]
2023-09-30 15:11:05,156 [INFO] PinOutPanel:1499 - setPackage(No Configuration,No Configuration)
2023-09-30 15:11:05,160 [INFO] UtilMem:75 - Begin LoadConfig() Used Memory: 395653240 Bytes (688914432)
2023-09-30 15:11:05,161 [INFO] MicroXplorer:468 - Change Database Path : 
2023-09-30 15:11:05,161 [INFO] MicroXplorer:498 - Change Database Version : DB.6.0.90
2023-09-30 15:11:05,161 [INFO] OpenFileManager:308 - Change cursor
2023-09-30 15:11:05,180 [INFO] Mcu:1946 - Initializing MCU STM32F767ZITx STM32F767ZITx STM32F767ZIT6
2023-09-30 15:11:07,368 [INFO] Context:659 - Trying to add GPIOservice into a context  which must be forbidden
2023-09-30 15:11:07,822 [INFO] ImportTextPane:194 - (OptionalMessage_ERROR) Unable to find key (Mcu.ThirdPartyNb) in loaded IOC file
2023-09-30 15:11:07,822 [INFO] ImportTextPane:194 - (OptionalMessage_ERROR) Unable to find key (Mcu.PinsNb) in loaded IOC file
2023-09-30 15:11:07,822 [INFO] ImportTextPane:194 - (OptionalMessage_ERROR) Unable to find key (Mcu.IPNb) in loaded IOC file
2023-09-30 15:11:08,019 [INFO] RtosManager:555 - Registered RTOS mode: class=CMSIS, group=RTOS, mode=CMSIS_V1, owner=FREERTOS
2023-09-30 15:11:08,020 [INFO] RtosManager:555 - Registered RTOS mode: class=CMSIS, group=RTOS2, mode=CMSIS_V2, owner=FREERTOS
2023-09-30 15:11:08,020 [INFO] RtosManager:555 - Registered RTOS mode: class=RTOS, group=Core, mode=CMSIS_V1, owner=FREERTOS
2023-09-30 15:11:08,020 [INFO] RtosManager:555 - Registered RTOS mode: class=RTOS, group=Core, mode=CMSIS_V2, owner=FREERTOS
2023-09-30 15:11:08,020 [WARN] ModelIntegratedComponent:184 - Missing modes for component STMicroelectronics:FreeRTOS:0.0.1:STMicroelectronics:RTOS:FreeRTOS:Core:::10.2.0:
2023-09-30 15:11:08,028 [WARN] ModelIntegratedComponent:63 - No mode defined for component null
2023-09-30 15:11:08,028 [WARN] ModelIntegratedComponent:63 - No mode defined for component null
2023-09-30 15:11:08,028 [WARN] ModelIntegratedComponent:63 - No mode defined for component null
2023-09-30 15:11:08,028 [WARN] ModelIntegratedComponent:63 - No mode defined for component null
2023-09-30 15:11:08,028 [WARN] ModelIntegratedComponent:63 - No mode defined for component null
2023-09-30 15:11:08,029 [WARN] ModelIntegratedComponent:63 - No mode defined for component null
2023-09-30 15:11:08,029 [WARN] ModelIntegratedComponent:63 - No mode defined for component null
2023-09-30 15:11:08,029 [WARN] ModelIntegratedComponent:63 - No mode defined for component null
2023-09-30 15:11:08,029 [WARN] ModelIntegratedComponent:63 - No mode defined for component null
2023-09-30 15:11:08,029 [WARN] ModelIntegratedComponent:63 - No mode defined for component null
2023-09-30 15:11:08,029 [WARN] ModelIntegratedComponent:63 - No mode defined for component null
2023-09-30 15:11:08,029 [WARN] ModelIntegratedComponent:63 - No mode defined for component null
2023-09-30 15:11:08,029 [WARN] ModelIntegratedComponent:63 - No mode defined for component null
2023-09-30 15:11:08,029 [WARN] ModelIntegratedComponent:63 - No mode defined for component null
2023-09-30 15:11:08,029 [WARN] ModelIntegratedComponent:63 - No mode defined for component null
2023-09-30 15:11:08,029 [WARN] ModelIntegratedComponent:63 - No mode defined for component null
2023-09-30 15:11:08,029 [WARN] ModelIntegratedComponent:63 - No mode defined for component null
2023-09-30 15:11:08,029 [WARN] ModelIntegratedComponent:63 - No mode defined for component null
2023-09-30 15:11:08,029 [WARN] ModelIntegratedComponent:63 - No mode defined for component null
2023-09-30 15:11:08,029 [WARN] ModelIntegratedComponent:63 - No mode defined for component null
2023-09-30 15:11:08,029 [WARN] ModelIntegratedComponent:63 - No mode defined for component null
2023-09-30 15:11:08,029 [WARN] ModelIntegratedComponent:63 - No mode defined for component null
2023-09-30 15:11:08,029 [WARN] ModelIntegratedComponent:63 - No mode defined for component null
2023-09-30 15:11:08,029 [WARN] ModelIntegratedComponent:63 - No mode defined for component null
2023-09-30 15:11:08,029 [WARN] ModelIntegratedComponent:63 - No mode defined for component null
2023-09-30 15:11:08,029 [WARN] ModelIntegratedComponent:63 - No mode defined for component null
2023-09-30 15:11:08,029 [WARN] ModelIntegratedComponent:63 - No mode defined for component null
2023-09-30 15:11:08,029 [WARN] ModelIntegratedComponent:63 - No mode defined for component null
2023-09-30 15:11:08,029 [WARN] ModelIntegratedComponent:63 - No mode defined for component null
2023-09-30 15:11:08,029 [WARN] ModelIntegratedComponent:63 - No mode defined for component null
2023-09-30 15:11:08,029 [WARN] ModelIntegratedComponent:63 - No mode defined for component null
2023-09-30 15:11:08,029 [WARN] ModelIntegratedComponent:63 - No mode defined for component null
2023-09-30 15:11:08,029 [WARN] ModelIntegratedComponent:63 - No mode defined for component null
2023-09-30 15:11:08,044 [INFO] ThirdPartyModel:298 - Start build external matchings
2023-09-30 15:11:08,260 [INFO] ThirdPartyModel:316 - End build external matchings
2023-09-30 15:11:08,647 [INFO] UtilMem:75 - End LoadConfig() Used Memory: 807936240 Bytes (935329792)
2023-09-30 15:11:08,691 [WARN] ThirdParty:833 - waiting for thirdparty lock release [change project]
2023-09-30 15:11:08,691 [INFO] ThirdParty:835 - entering critical section [change project]
2023-09-30 15:11:08,692 [INFO] ThirdParty:1030 - CMSIS Pack Vendor :STMicroelectronics X-CUBE-ISPU 1.1.0
2023-09-30 15:11:08,692 [INFO] ThirdParty:1030 - CMSIS Pack Vendor :STMicroelectronics USBPD 4.1
2023-09-30 15:11:08,692 [INFO] ThirdParty:1030 - CMSIS Pack Vendor :STMicroelectronics X-CUBE-GNSS1 6.0.0
2023-09-30 15:11:08,692 [INFO] ThirdParty:1030 - CMSIS Pack Vendor :STMicroelectronics USB_HOST 2.0.0
2023-09-30 15:11:08,692 [INFO] ThirdParty:1030 - CMSIS Pack Vendor :STMicroelectronics X-CUBE-AZRTOS-F4 1.1.0
2023-09-30 15:11:08,692 [INFO] ThirdParty:1030 - CMSIS Pack Vendor :STMicroelectronics LIBJPEG 8.0.0
2023-09-30 15:11:08,692 [INFO] ThirdParty:1030 - CMSIS Pack Vendor :wolfSSL I-CUBE-wolfSSL 5.6.3
2023-09-30 15:11:08,692 [INFO] ThirdParty:1030 - CMSIS Pack Vendor :STMicroelectronics X-CUBE-SMBUS 2.1.0
2023-09-30 15:11:08,692 [INFO] ThirdParty:1030 - CMSIS Pack Vendor :STMicroelectronics USB_DEVICE 3.0.0
2023-09-30 15:11:08,692 [INFO] ThirdParty:1030 - CMSIS Pack Vendor :STMicroelectronics X-CUBE-AZRTOS-WB 2.0.0
2023-09-30 15:11:08,692 [INFO] ThirdParty:1030 - CMSIS Pack Vendor :STMicroelectronics X-CUBE-FREERTOS 1.0.1
2023-09-30 15:11:08,692 [INFO] ThirdParty:1030 - CMSIS Pack Vendor :STMicroelectronics X-CUBE-AZRTOS-F7 1.1.0
2023-09-30 15:11:08,692 [INFO] ThirdParty:1030 - CMSIS Pack Vendor :STMicroelectronics X-CUBE-AZRTOS-L5 2.0.0
2023-09-30 15:11:08,692 [INFO] ThirdParty:1030 - CMSIS Pack Vendor :STMicroelectronics USB_DEVICE 2.0.0
2023-09-30 15:11:08,692 [INFO] ThirdParty:1030 - CMSIS Pack Vendor :STMicroelectronics X-CUBE-MEMS1 9.6.0
2023-09-30 15:11:08,692 [INFO] ThirdParty:1030 - CMSIS Pack Vendor :STMicroelectronics FP-SNS-MOTENV1 4.3.2
2023-09-30 15:11:08,692 [INFO] ThirdParty:1030 - CMSIS Pack Vendor :STMicroelectronics X-CUBE-ALGOBUILD 1.3.0
2023-09-30 15:11:08,692 [INFO] ThirdParty:1030 - CMSIS Pack Vendor :STMicroelectronics X-CUBE-BLE1 6.2.4
2023-09-30 15:11:08,692 [INFO] ThirdParty:1030 - CMSIS Pack Vendor :STMicroelectronics X-CUBE-AZRTOS-L5 1.1.0
2023-09-30 15:11:08,692 [INFO] ThirdParty:1030 - CMSIS Pack Vendor :STMicroelectronics FreeRTOS 0.0.1
2023-09-30 15:11:08,692 [INFO] ThirdParty:1030 - CMSIS Pack Vendor :STMicroelectronics X-CUBE-AZRTOS-G0 1.1.0
2023-09-30 15:11:08,692 [INFO] ThirdParty:1030 - CMSIS Pack Vendor :STMicroelectronics X-CUBE-BLEMGR 2.0.0
2023-09-30 15:11:08,692 [INFO] ThirdParty:1030 - CMSIS Pack Vendor :STMicroelectronics X-CUBE-NFC4 3.0.0
2023-09-30 15:11:08,692 [INFO] ThirdParty:1030 - CMSIS Pack Vendor :STMicroelectronics X-CUBE-SUBG2 5.0.0
2023-09-30 15:11:08,692 [INFO] ThirdParty:1030 - CMSIS Pack Vendor :STMicroelectronics STM32_WPAN 1.0.0
2023-09-30 15:11:08,692 [INFO] ThirdParty:1030 - CMSIS Pack Vendor :STMicroelectronics lwIP 2.0.3
2023-09-30 15:11:08,692 [INFO] ThirdParty:1030 - CMSIS Pack Vendor :STMicroelectronics FP-SNS-FLIGHT1 5.0.2
2023-09-30 15:11:08,692 [INFO] ThirdParty:1030 - CMSIS Pack Vendor :STMicroelectronics USB_HOST 1.0.0
2023-09-30 15:11:08,692 [INFO] ThirdParty:1030 - CMSIS Pack Vendor :STMicroelectronics X-CUBE-TOF1 3.3.1
2023-09-30 15:11:08,692 [INFO] ThirdParty:1030 - CMSIS Pack Vendor :STMicroelectronics X-CUBE-AZRTOS-G4 2.0.0
2023-09-30 15:11:08,692 [INFO] ThirdParty:1030 - CMSIS Pack Vendor :STMicroelectronics PDM2PCM 3.1.0
2023-09-30 15:11:08,692 [INFO] ThirdParty:1030 - CMSIS Pack Vendor :STMicroelectronics X-CUBE-AZRTOS-H7 3.1.0
2023-09-30 15:11:08,692 [INFO] ThirdParty:1030 - CMSIS Pack Vendor :STMicroelectronics PDM2PCM 3.3.0
2023-09-30 15:11:08,692 [INFO] ThirdParty:1030 - CMSIS Pack Vendor :STMicroelectronics X-CUBE-DISPLAY 3.0.0
2023-09-30 15:11:08,693 [INFO] ThirdParty:1030 - CMSIS Pack Vendor :STMicroelectronics X-CUBE-BLE1 7.0.0
2023-09-30 15:11:08,693 [INFO] ThirdParty:1030 - CMSIS Pack Vendor :STMicroelectronics FP-ATR-SIGFOX1 3.2.0
2023-09-30 15:11:08,693 [INFO] ThirdParty:1030 - CMSIS Pack Vendor :STMicroelectronics HAL Drivers 0.0.0
2023-09-30 15:11:08,693 [INFO] ThirdParty:1030 - CMSIS Pack Vendor :STMicroelectronics MBEDTLS 2.16.2
2023-09-30 15:11:08,693 [INFO] ThirdParty:1030 - CMSIS Pack Vendor :emotas I-CUBE-CANOPEN 1.3.0
2023-09-30 15:11:08,693 [INFO] ThirdParty:1030 - CMSIS Pack Vendor :STMicroelectronics X-CUBE-FREERTOS 1.1.0
2023-09-30 15:11:08,693 [INFO] ThirdParty:1030 - CMSIS Pack Vendor :STMicroelectronics X-CUBE-TOUCHGFX 4.22.0
2023-09-30 15:11:08,693 [INFO] ThirdParty:1030 - CMSIS Pack Vendor :STMicroelectronics X-CUBE-NFC7 1.0.1
2023-09-30 15:11:08,693 [INFO] ThirdParty:1030 - CMSIS Pack Vendor :STMicroelectronics MBEDTLS 2.14.1
2023-09-30 15:11:08,693 [INFO] ThirdParty:1030 - CMSIS Pack Vendor :STMicroelectronics X-CUBE-NFC6 3.0.0
2023-09-30 15:11:08,693 [INFO] ThirdParty:1030 - CMSIS Pack Vendor :STMicroelectronics X-CUBE-EEPRMA1 4.1.0
2023-09-30 15:11:08,693 [INFO] ThirdParty:1030 - CMSIS Pack Vendor :portGmbH I-Cube-SoM-uGOAL 1.1.0
2023-09-30 15:11:08,693 [INFO] ThirdParty:1030 - CMSIS Pack Vendor :STMicroelectronics X-CUBE-ALS 1.0.1
2023-09-30 15:11:08,693 [INFO] ThirdParty:1030 - CMSIS Pack Vendor :STMicroelectronics ThreadX 1.0.0
2023-09-30 15:11:08,693 [INFO] ThirdParty:1030 - CMSIS Pack Vendor :STMicroelectronics FP-SNS-SMARTAG2 1.2.0
2023-09-30 15:11:08,693 [INFO] ThirdParty:1030 - CMSIS Pack Vendor :STMicroelectronics X-CUBE-AZRTOS-WB 1.1.0
2023-09-30 15:11:08,693 [INFO] ThirdParty:1030 - CMSIS Pack Vendor :STMicroelectronics X-CUBE-AZRTOS-WL 2.0.0
2023-09-30 15:11:08,693 [INFO] ThirdParty:1030 - CMSIS Pack Vendor :SEGGER I-CUBE-embOS 1.3.1
2023-09-30 15:11:08,693 [INFO] ThirdParty:1030 - CMSIS Pack Vendor :STMicroelectronics USB_DEVICE 1.0.0
2023-09-30 15:11:08,693 [INFO] ThirdParty:1030 - CMSIS Pack Vendor :STMicroelectronics X-CUBE-AI 8.1.0
2023-09-30 15:11:08,693 [INFO] ThirdParty:1030 - CMSIS Pack Vendor :STMicroelectronics X-CUBE-AZRTOS-L4 2.0.0
2023-09-30 15:11:08,693 [INFO] ThirdParty:1030 - CMSIS Pack Vendor :STMicroelectronics ThreadX 0.0.2
2023-09-30 15:11:08,693 [INFO] ThirdParty:1030 - CMSIS Pack Vendor :WES I-CUBE-Cesium 1.3.0
2023-09-30 15:11:08,693 [INFO] ThirdParty:1030 - CMSIS Pack Vendor :STMicroelectronics FP-ATR-ASTRA1 2.0.0
2023-09-30 15:11:08,693 [INFO] ThirdParty:1030 - CMSIS Pack Vendor :STMicroelectronics lwIP 2.1.2
2023-09-30 15:11:08,694 [INFO] ThirdParty:1030 - CMSIS Pack Vendor :STMicroelectronics X-CUBE-SFXS2LP1 4.0.0
2023-09-30 15:11:08,694 [INFO] ThirdParty:1030 - CMSIS Pack Vendor :STMicroelectronics X-CUBE-BLE2 3.3.0
2023-09-30 15:11:08,694 [INFO] ThirdParty:1030 - CMSIS Pack Vendor :STMicroelectronics PDM2PCM 3.2.0
2023-09-30 15:11:08,694 [INFO] ThirdParty:841 - exiting critical section [change project]
2023-09-30 15:11:09,010 [INFO] PinOutPanel:1499 - setPackage(No Configuration,No Configuration)
2023-09-30 15:11:09,012 [INFO] PinOutPanel:1499 - setPackage(STM32F767ZITx,LQFP144)
2023-09-30 15:11:09,501 [INFO] UtilMem:75 - Before build in PCC Used Memory: 484394592 Bytes (935329792)
2023-09-30 15:11:10,886 [INFO] UtilMem:75 - After build in PCC Used Memory: 550454880 Bytes (935329792)
2023-09-30 15:11:10,914 [INFO] IPUIPlugin:80 - create IPUIPlugin
2023-09-30 15:11:10,914 [INFO] IPUIPlugin:80 - create IPUIPlugin
2023-09-30 15:11:10,914 [INFO] IPUIPlugin:80 - create IPUIPlugin
2023-09-30 15:11:10,914 [INFO] IPUIPlugin:80 - create IPUIPlugin
2023-09-30 15:11:10,914 [INFO] IPUIPlugin:80 - create IPUIPlugin
2023-09-30 15:11:10,914 [INFO] IPUIPlugin:80 - create IPUIPlugin
2023-09-30 15:11:10,914 [INFO] IPUIPlugin:80 - create IPUIPlugin
2023-09-30 15:11:10,914 [INFO] IPUIPlugin:80 - create IPUIPlugin
2023-09-30 15:11:10,914 [INFO] IPUIPlugin:80 - create IPUIPlugin
2023-09-30 15:11:10,915 [INFO] IPUIPlugin:80 - create IPUIPlugin
2023-09-30 15:11:10,915 [INFO] IPUIPlugin:80 - create IPUIPlugin
2023-09-30 15:11:10,915 [INFO] IPUIPlugin:80 - create IPUIPlugin
2023-09-30 15:11:10,915 [INFO] IPUIPlugin:80 - create IPUIPlugin
2023-09-30 15:11:10,915 [INFO] IPUIPlugin:80 - create IPUIPlugin
2023-09-30 15:11:10,915 [INFO] IPUIPlugin:80 - create IPUIPlugin
2023-09-30 15:11:10,915 [INFO] IPUIPlugin:80 - create IPUIPlugin
2023-09-30 15:11:10,915 [INFO] IPUIPlugin:80 - create IPUIPlugin
2023-09-30 15:11:10,915 [INFO] IPUIPlugin:80 - create IPUIPlugin
2023-09-30 15:11:10,915 [INFO] IPUIPlugin:80 - create IPUIPlugin
2023-09-30 15:11:10,915 [INFO] IPUIPlugin:80 - create IPUIPlugin
2023-09-30 15:11:10,915 [INFO] IPUIPlugin:80 - create IPUIPlugin
2023-09-30 15:11:10,915 [INFO] IPUIPlugin:80 - create IPUIPlugin
2023-09-30 15:11:10,915 [INFO] IPUIPlugin:80 - create IPUIPlugin
2023-09-30 15:11:10,916 [INFO] IPUIPlugin:80 - create IPUIPlugin
2023-09-30 15:11:10,916 [INFO] IPUIPlugin:80 - create IPUIPlugin
2023-09-30 15:11:10,916 [INFO] IPUIPlugin:80 - create IPUIPlugin
2023-09-30 15:11:10,916 [INFO] IPUIPlugin:80 - create IPUIPlugin
2023-09-30 15:11:10,916 [INFO] IPUIPlugin:80 - create IPUIPlugin
2023-09-30 15:11:10,916 [INFO] IPUIPlugin:80 - create IPUIPlugin
2023-09-30 15:11:10,916 [INFO] IPUIPlugin:80 - create IPUIPlugin
2023-09-30 15:11:10,916 [INFO] IPUIPlugin:80 - create IPUIPlugin
2023-09-30 15:11:10,916 [INFO] IPUIPlugin:80 - create IPUIPlugin
2023-09-30 15:11:10,917 [INFO] IPUIPlugin:80 - create IPUIPlugin
2023-09-30 15:11:10,917 [INFO] IPUIPlugin:80 - create IPUIPlugin
2023-09-30 15:11:10,917 [INFO] IPUIPlugin:80 - create IPUIPlugin
2023-09-30 15:11:10,917 [INFO] IPUIPlugin:80 - create IPUIPlugin
2023-09-30 15:11:10,917 [INFO] IPUIPlugin:80 - create IPUIPlugin
2023-09-30 15:11:10,918 [INFO] IPUIPlugin:80 - create IPUIPlugin
2023-09-30 15:11:10,919 [INFO] IPUIPlugin:80 - create IPUIPlugin
2023-09-30 15:11:10,919 [INFO] IPUIPlugin:80 - create IPUIPlugin
2023-09-30 15:11:10,919 [INFO] IPUIPlugin:80 - create IPUIPlugin
2023-09-30 15:11:10,919 [INFO] IPUIPlugin:80 - create IPUIPlugin
2023-09-30 15:11:10,919 [INFO] IPUIPlugin:80 - create IPUIPlugin
2023-09-30 15:11:10,919 [INFO] IPUIPlugin:80 - create IPUIPlugin
2023-09-30 15:11:10,919 [INFO] IPUIPlugin:80 - create IPUIPlugin
2023-09-30 15:11:10,920 [INFO] IPUIPlugin:80 - create IPUIPlugin
2023-09-30 15:11:10,920 [INFO] IPUIPlugin:80 - create IPUIPlugin
2023-09-30 15:11:10,920 [INFO] IPUIPlugin:80 - create IPUIPlugin
2023-09-30 15:11:10,920 [INFO] IPUIPlugin:80 - create IPUIPlugin
2023-09-30 15:11:10,920 [INFO] IPUIPlugin:80 - create IPUIPlugin
2023-09-30 15:11:10,920 [INFO] IPUIPlugin:80 - create IPUIPlugin
2023-09-30 15:11:10,920 [INFO] IPUIPlugin:80 - create IPUIPlugin
2023-09-30 15:11:10,921 [INFO] IPUIPlugin:80 - create IPUIPlugin
2023-09-30 15:11:10,921 [INFO] IPUIPlugin:80 - create IPUIPlugin
2023-09-30 15:11:10,921 [INFO] IPUIPlugin:80 - create IPUIPlugin
2023-09-30 15:11:10,921 [INFO] IPUIPlugin:80 - create IPUIPlugin
2023-09-30 15:11:10,921 [INFO] IPUIPlugin:80 - create IPUIPlugin
2023-09-30 15:11:10,921 [INFO] IPUIPlugin:80 - create IPUIPlugin
2023-09-30 15:11:10,921 [INFO] IPUIPlugin:80 - create IPUIPlugin
2023-09-30 15:11:10,922 [INFO] IPUIPlugin:80 - create IPUIPlugin
2023-09-30 15:11:10,922 [INFO] IPUIPlugin:80 - create IPUIPlugin
2023-09-30 15:11:10,922 [INFO] IPUIPlugin:80 - create IPUIPlugin
2023-09-30 15:11:10,922 [INFO] IPUIPlugin:80 - create IPUIPlugin
2023-09-30 15:11:10,922 [INFO] IPUIPlugin:80 - create IPUIPlugin
2023-09-30 15:11:10,922 [INFO] IPUIPlugin:80 - create IPUIPlugin
2023-09-30 15:11:10,923 [INFO] IPUIPlugin:80 - create IPUIPlugin
2023-09-30 15:11:10,923 [INFO] IPUIPlugin:80 - create IPUIPlugin
2023-09-30 15:11:10,923 [INFO] IPUIPlugin:80 - create IPUIPlugin
2023-09-30 15:11:10,923 [INFO] IPUIPlugin:80 - create IPUIPlugin
2023-09-30 15:11:10,923 [INFO] IPUIPlugin:80 - create IPUIPlugin
2023-09-30 15:11:10,924 [INFO] IPUIPlugin:80 - create IPUIPlugin
2023-09-30 15:11:10,924 [INFO] IPUIPlugin:80 - create IPUIPlugin
2023-09-30 15:11:10,924 [INFO] IPUIPlugin:80 - create IPUIPlugin
2023-09-30 15:11:10,924 [INFO] IPUIPlugin:80 - create IPUIPlugin
2023-09-30 15:11:10,925 [INFO] IPUIPlugin:80 - create IPUIPlugin
2023-09-30 15:11:10,925 [INFO] IPUIPlugin:80 - create IPUIPlugin
2023-09-30 15:11:10,925 [INFO] IPUIPlugin:80 - create IPUIPlugin
2023-09-30 15:11:10,925 [INFO] IPUIPlugin:80 - create IPUIPlugin
2023-09-30 15:11:10,926 [INFO] IPUIPlugin:80 - create IPUIPlugin
2023-09-30 15:11:11,272 [INFO] ApiDbMcu:507 - Load IP Config File for PDM2PCM
2023-09-30 15:11:11,613 [INFO] CADModel:165 - CPN selected for project levelSTM32F767ZIT6
2023-09-30 15:11:11,613 [INFO] CADModel:114 - Register for checkConnection events
2023-09-30 15:11:11,673 [INFO] OpenFileManager:328 - Restore cursor
2023-09-30 15:11:12,618 [INFO] UtilMem:75 - End SaveConfig() Used Memory: 676245792 Bytes (935329792)
2023-09-30 15:11:12,695 [INFO] UtilMem:75 - End SaveConfig() Used Memory: 710848800 Bytes (935329792)
2023-09-30 15:11:13,087 [INFO] BlockDiagram:2759 - set Specific Code input for plugin: RCC
2023-09-30 15:11:13,088 [INFO] BlockDiagram:2759 - set Specific Code input for plugin: NVIC
2023-09-30 15:11:13,088 [INFO] BlockDiagram:2759 - set Specific Code input for plugin: CORTEX_M7
2023-09-30 15:11:13,089 [INFO] CodeGenerator:799 - code generatio: config db path: C:\ST\STM32CubeIDE_1.13.0\STM32CubeIDE\plugins\com.st.stm32cube.common.mx_6.9.0.202307051724\\db\
2023-09-30 15:11:13,308 [INFO] CodeEngine:255 - oldGeneratedFile, C:\Users\honho\STM32CubeIDE\MAD_Lab\Lab2\Lab2\MXTmpFiles\license.tmp_save
2023-09-30 15:11:13,714 [INFO] CodeEngine:279 - Generated code: C:\Users\honho\STM32CubeIDE\MAD_Lab\Lab2\Lab2\MXTmpFiles\license.tmp
2023-09-30 15:11:13,818 [INFO] CodeEngine:255 - oldGeneratedFile, C:\Users\honho\STM32CubeIDE\MAD_Lab\Lab2\Lab2\MXTmpFiles\cortex.tmp_save
2023-09-30 15:11:13,976 [INFO] CodeEngine:279 - Generated code: C:\Users\honho\STM32CubeIDE\MAD_Lab\Lab2\Lab2\MXTmpFiles\cortex.tmp
2023-09-30 15:11:13,985 [INFO] CodeEngine:255 - oldGeneratedFile, C:\Users\honho\STM32CubeIDE\MAD_Lab\Lab2\Lab2\Core\Src\stm32f7xx_it.c_save
2023-09-30 15:11:14,160 [INFO] CodeEngine:279 - Generated code: C:\Users\honho\STM32CubeIDE\MAD_Lab\Lab2\Lab2\Core\Src\stm32f7xx_it.c
2023-09-30 15:11:14,164 [INFO] CodeEngine:255 - oldGeneratedFile, C:\Users\honho\STM32CubeIDE\MAD_Lab\Lab2\Lab2\Core\Inc\stm32f7xx_it.h_save
2023-09-30 15:11:14,244 [INFO] CodeEngine:279 - Generated code: C:\Users\honho\STM32CubeIDE\MAD_Lab\Lab2\Lab2\Core\Inc\stm32f7xx_it.h
2023-09-30 15:11:14,286 [INFO] CodeEngine:255 - oldGeneratedFile, C:\Users\honho\STM32CubeIDE\MAD_Lab\Lab2\Lab2\Core\Src\stm32f7xx_hal_msp.c_save
2023-09-30 15:11:14,409 [INFO] CodeEngine:279 - Generated code: C:\Users\honho\STM32CubeIDE\MAD_Lab\Lab2\Lab2\Core\Src\stm32f7xx_hal_msp.c
2023-09-30 15:11:14,413 [INFO] CodeEngine:255 - oldGeneratedFile, C:\Users\honho\STM32CubeIDE\MAD_Lab\Lab2\Lab2\MXTmpFiles\system.tmp_save
2023-09-30 15:11:14,485 [INFO] CodeEngine:279 - Generated code: C:\Users\honho\STM32CubeIDE\MAD_Lab\Lab2\Lab2\MXTmpFiles\system.tmp
2023-09-30 15:11:14,494 [INFO] CodeEngine:311 - oldGeneratedFile, C:\Users\honho\STM32CubeIDE\MAD_Lab\Lab2\Lab2\Core\Inc\stm32f7xx_hal_conf.h_save
2023-09-30 15:11:14,587 [INFO] CodeEngine:335 - Generated code: C:\Users\honho\STM32CubeIDE\MAD_Lab\Lab2\Lab2\Core\Inc\stm32f7xx_hal_conf.h
2023-09-30 15:11:14,636 [INFO] CodeEngine:255 - oldGeneratedFile, C:\Users\honho\STM32CubeIDE\MAD_Lab\Lab2\Lab2\Core\Inc\main.h_save
2023-09-30 15:11:14,740 [INFO] CodeEngine:279 - Generated code: C:\Users\honho\STM32CubeIDE\MAD_Lab\Lab2\Lab2\Core\Inc\main.h
2023-09-30 15:11:14,743 [INFO] CodeEngine:255 - oldGeneratedFile, C:\Users\honho\STM32CubeIDE\MAD_Lab\Lab2\Lab2\Core\Src\main.c_save
2023-09-30 15:11:14,854 [INFO] CodeEngine:279 - Generated code: C:\Users\honho\STM32CubeIDE\MAD_Lab\Lab2\Lab2\Core\Src\main.c
2023-09-30 15:11:15,322 [INFO] ProjectBuilder:3064 - Time for Copy HAL[1] : 116mS.
2023-09-30 15:11:15,328 [INFO] ProjectBuilder:4404 - Project Generator version: 4.1.0
2023-09-30 15:11:15,513 [INFO] ConfigFileManager:1457 - The Die is : DIE451
2023-09-30 15:11:15,518 [INFO] ApiDbMcu:507 - Load IP Config File for FATFS
2023-09-30 15:11:15,522 [INFO] ApiDbMcu:507 - Load IP Config File for FREERTOS
2023-09-30 15:11:15,523 [INFO] ApiDbMcu:507 - Load IP Config File for LIBJPEG
2023-09-30 15:11:15,527 [INFO] ApiDbMcu:507 - Load IP Config File for LWIP
2023-09-30 15:11:15,531 [INFO] ApiDbMcu:507 - Load IP Config File for MBEDTLS
2023-09-30 15:11:15,536 [INFO] ApiDbMcu:507 - Load IP Config File for USB_DEVICE
2023-09-30 15:11:15,538 [INFO] ApiDbMcu:507 - Load IP Config File for USB_HOST
2023-09-30 15:11:16,103 [INFO] LogOutputStream:77 - [STDOUT_REDIRECT] 
2023-09-30 15:11:17,743 [INFO] ProjectBuilder:4626 - Time for Generating toolchain IDE Files: 2415mS.
2023-09-30 15:11:17,744 [INFO] ProjectBuilder:2935 - Time for Copy CMSIS : 1mS.
2023-09-30 15:11:17,746 [INFO] ProjectBuilder:2935 - Time for Copy CMSIS : 0mS.
2023-09-30 15:11:18,822 [INFO] McuFinderGlobals:76 - Set McuFinderConnectedMode to true
2023-09-30 15:11:18,825 [INFO] ApiDb:448 - Save user favorites file C:\Users\honho/.stm32cubeide/favorites.mcus.txt: 0 item(s)
2023-09-30 15:11:18,825 [INFO] ApiDb:452 - User favorites MCUs=[]
2023-09-30 15:16:05,897 [INFO] UtilMem:75 - End SaveConfig() Used Memory: 526501816 Bytes (1073741824)
2023-09-30 15:16:06,905 [INFO] UtilMem:75 - End SaveConfig() Used Memory: 560580536 Bytes (1073741824)
2023-09-30 15:16:09,183 [INFO] UtilMem:75 - End SaveConfig() Used Memory: 752992120 Bytes (1073741824)
2023-09-30 15:16:09,550 [INFO] BlockDiagram:2759 - set Specific Code input for plugin: RCC
2023-09-30 15:16:09,550 [INFO] BlockDiagram:2759 - set Specific Code input for plugin: NVIC
2023-09-30 15:16:09,550 [INFO] BlockDiagram:2759 - set Specific Code input for plugin: CORTEX_M7
2023-09-30 15:16:09,551 [INFO] BlockDiagram:2759 - set Specific Code input for plugin: GPIO
2023-09-30 15:16:09,552 [INFO] CodeGenerator:799 - code generatio: config db path: C:\ST\STM32CubeIDE_1.13.0\STM32CubeIDE\plugins\com.st.stm32cube.common.mx_6.9.0.202307051724\\db\
2023-09-30 15:16:09,644 [INFO] CodeEngine:255 - oldGeneratedFile, C:\Users\honho\STM32CubeIDE\MAD_Lab\Lab2\Lab2\MXTmpFiles\license.tmp_save
2023-09-30 15:16:09,702 [INFO] CodeEngine:279 - Generated code: C:\Users\honho\STM32CubeIDE\MAD_Lab\Lab2\Lab2\MXTmpFiles\license.tmp
2023-09-30 15:16:09,736 [INFO] CodeEngine:255 - oldGeneratedFile, C:\Users\honho\STM32CubeIDE\MAD_Lab\Lab2\Lab2\Core\Src\gpio.c_save
2023-09-30 15:16:09,825 [INFO] CodeEngine:279 - Generated code: C:\Users\honho\STM32CubeIDE\MAD_Lab\Lab2\Lab2\Core\Src\gpio.c
2023-09-30 15:16:09,828 [INFO] CodeEngine:255 - oldGeneratedFile, C:\Users\honho\STM32CubeIDE\MAD_Lab\Lab2\Lab2\Core\Inc\gpio.h_save
2023-09-30 15:16:09,892 [INFO] CodeEngine:279 - Generated code: C:\Users\honho\STM32CubeIDE\MAD_Lab\Lab2\Lab2\Core\Inc\gpio.h
2023-09-30 15:16:09,920 [INFO] CodeEngine:255 - oldGeneratedFile, C:\Users\honho\STM32CubeIDE\MAD_Lab\Lab2\Lab2\MXTmpFiles\cortex.tmp_save
2023-09-30 15:16:09,976 [INFO] CodeEngine:279 - Generated code: C:\Users\honho\STM32CubeIDE\MAD_Lab\Lab2\Lab2\MXTmpFiles\cortex.tmp
2023-09-30 15:16:09,993 [INFO] CodeEngine:255 - oldGeneratedFile, C:\Users\honho\STM32CubeIDE\MAD_Lab\Lab2\Lab2\Core\Src\stm32f7xx_it.c_save
2023-09-30 15:16:10,049 [INFO] CodeEngine:279 - Generated code: C:\Users\honho\STM32CubeIDE\MAD_Lab\Lab2\Lab2\Core\Src\stm32f7xx_it.c
2023-09-30 15:16:10,054 [INFO] CodeEngine:255 - oldGeneratedFile, C:\Users\honho\STM32CubeIDE\MAD_Lab\Lab2\Lab2\Core\Inc\stm32f7xx_it.h_save
2023-09-30 15:16:10,104 [INFO] CodeEngine:279 - Generated code: C:\Users\honho\STM32CubeIDE\MAD_Lab\Lab2\Lab2\Core\Inc\stm32f7xx_it.h
2023-09-30 15:16:10,137 [INFO] CodeEngine:255 - oldGeneratedFile, C:\Users\honho\STM32CubeIDE\MAD_Lab\Lab2\Lab2\Core\Src\stm32f7xx_hal_msp.c_save
2023-09-30 15:16:10,192 [INFO] CodeEngine:279 - Generated code: C:\Users\honho\STM32CubeIDE\MAD_Lab\Lab2\Lab2\Core\Src\stm32f7xx_hal_msp.c
2023-09-30 15:16:10,196 [INFO] CodeEngine:255 - oldGeneratedFile, C:\Users\honho\STM32CubeIDE\MAD_Lab\Lab2\Lab2\MXTmpFiles\system.tmp_save
2023-09-30 15:16:10,235 [INFO] CodeEngine:279 - Generated code: C:\Users\honho\STM32CubeIDE\MAD_Lab\Lab2\Lab2\MXTmpFiles\system.tmp
2023-09-30 15:16:10,254 [INFO] CodeEngine:311 - oldGeneratedFile, C:\Users\honho\STM32CubeIDE\MAD_Lab\Lab2\Lab2\Core\Inc\stm32f7xx_hal_conf.h_save
2023-09-30 15:16:10,338 [INFO] CodeEngine:335 - Generated code: C:\Users\honho\STM32CubeIDE\MAD_Lab\Lab2\Lab2\Core\Inc\stm32f7xx_hal_conf.h
2023-09-30 15:16:10,367 [INFO] CodeEngine:255 - oldGeneratedFile, C:\Users\honho\STM32CubeIDE\MAD_Lab\Lab2\Lab2\Core\Inc\main.h_save
2023-09-30 15:16:10,428 [INFO] CodeEngine:279 - Generated code: C:\Users\honho\STM32CubeIDE\MAD_Lab\Lab2\Lab2\Core\Inc\main.h
2023-09-30 15:16:10,439 [INFO] CodeEngine:255 - oldGeneratedFile, C:\Users\honho\STM32CubeIDE\MAD_Lab\Lab2\Lab2\Core\Src\main.c_save
2023-09-30 15:16:10,511 [INFO] CodeEngine:279 - Generated code: C:\Users\honho\STM32CubeIDE\MAD_Lab\Lab2\Lab2\Core\Src\main.c
2023-09-30 15:16:10,804 [INFO] ProjectBuilder:3064 - Time for Copy HAL[2] : 20mS.
2023-09-30 15:16:10,808 [INFO] ProjectBuilder:4404 - Project Generator version: 4.1.0
2023-09-30 15:16:10,917 [INFO] ConfigFileManager:1457 - The Die is : DIE451
2023-09-30 15:16:12,753 [INFO] ProjectBuilder:4626 - Time for Generating toolchain IDE Files: 1944mS.
2023-09-30 15:16:12,756 [INFO] ProjectBuilder:2935 - Time for Copy CMSIS : 2mS.
2023-09-30 15:16:12,762 [INFO] ProjectBuilder:2935 - Time for Copy CMSIS : 2mS.
