2023-09-24 21:44:50,520 [INFO] Activator:176 - 


2023-09-24 21:44:50,525 [INFO] Activator:177 - !SESSION log4j initialized
2023-09-24 21:44:57,118 [INFO] LogOutputStream:77 - [STDOUT_REDIRECT] 
2023-09-24 21:45:00,224 [INFO] ApplicationProperties:184 - Using Application install path: C:\ST\STM32CubeIDE_1.13.0\STM32CubeIDE\plugins\com.st.stm32cube.common.mx_6.9.0.202307051724
2023-09-24 21:45:00,242 [INFO] DbMcusXml:78 - Set database path to: C:\ST\STM32CubeIDE_1.13.0\STM32CubeIDE\plugins\com.st.stm32cube.common.mx_6.9.0.202307051724\\db\/mcu/
2023-09-24 21:45:00,242 [INFO] ApiDb:274 - Set plugin database path to: C:\ST\STM32CubeIDE_1.13.0\STM32CubeIDE\plugins\com.st.stm32cube.common.mx_6.9.0.202307051724\\db\/plugins/boardmanager/
2023-09-24 21:45:00,242 [WARN] ApiDb:259 - Overriding images path with different value:  => C:\ST\STM32CubeIDE_1.13.0\STM32CubeIDE\plugins\com.st.stm32cube.common.mx_6.9.0.202307051724\\db\/plugins/mcufinder/images/
2023-09-24 21:45:00,252 [INFO] ApiDb:250 - Set database path to: C:\Users\honho\.stmcufinder\plugins\mcufinder//mcu/
2023-09-24 21:45:00,253 [INFO] DbMcusAds:125 - Set database path to: C:\Users\honho\.stmcufinder\plugins\mcufinder//mcu/
2023-09-24 21:45:00,254 [INFO] CrossReferenceDbSqlite:203 - Set database path to: C:\Users\honho\.stmcufinder\plugins\mcufinder//mcu/cs/
2023-09-24 21:45:00,365 [INFO] RulesReader:64 - Compatibility file has been processed (293 Rules)
2023-09-24 21:45:00,517 [INFO] DbMcusXml:78 - Set database path to: C:\ST\STM32CubeIDE_1.13.0\STM32CubeIDE\plugins\com.st.stm32cube.common.mx_6.9.0.202307051724\\db\/mcu/
2023-09-24 21:45:00,518 [INFO] ApiDb:274 - Set plugin database path to: C:\ST\STM32CubeIDE_1.13.0\STM32CubeIDE\plugins\com.st.stm32cube.common.mx_6.9.0.202307051724\\db\/plugins/boardmanager/
2023-09-24 21:45:00,518 [INFO] ApiDb:261 - Set plugin images path to: C:\ST\STM32CubeIDE_1.13.0\STM32CubeIDE\plugins\com.st.stm32cube.common.mx_6.9.0.202307051724\\db\/plugins/mcufinder/images/
2023-09-24 21:45:00,518 [WARN] DbFile:41 - Overriding database path with different value: C:\Users\honho\.stmcufinder\plugins\mcufinder/ => C:\Users\honho\.stmcufinder\plugins\mcufinder
2023-09-24 21:45:00,518 [INFO] ApiDb:250 - Set database path to: C:\Users\honho\.stmcufinder\plugins\mcufinder//mcu/
2023-09-24 21:45:00,518 [WARN] DbFile:41 - Overriding database path with different value: C:\Users\honho\.stmcufinder\plugins\mcufinder/ => C:\Users\honho\.stmcufinder\plugins\mcufinder
2023-09-24 21:45:00,518 [INFO] DbMcusAds:125 - Set database path to: C:\Users\honho\.stmcufinder\plugins\mcufinder//mcu/
2023-09-24 21:45:00,518 [WARN] DbFile:41 - Overriding database path with different value: C:\Users\honho\.stmcufinder\plugins\mcufinder/ => C:\Users\honho\.stmcufinder\plugins\mcufinder
2023-09-24 21:45:00,518 [WARN] DbFile:41 - Overriding database path with different value: C:\Users\honho\.stmcufinder\plugins\mcufinder/ => C:\Users\honho\.stmcufinder\plugins\mcufinder
2023-09-24 21:45:00,518 [INFO] CrossReferenceDbSqlite:203 - Set database path to: C:\Users\honho\.stmcufinder\plugins\mcufinder//mcu/cs/
2023-09-24 21:45:00,614 [INFO] MainPanel:262 - HeapMemory: 268435456
2023-09-24 21:45:00,691 [INFO] DbMcusXml:78 - Set database path to: C:\ST\STM32CubeIDE_1.13.0\STM32CubeIDE\plugins\com.st.stm32cube.common.mx_6.9.0.202307051724\\db\/mcu/
2023-09-24 21:45:00,691 [INFO] ApiDb:274 - Set plugin database path to: C:\ST\STM32CubeIDE_1.13.0\STM32CubeIDE\plugins\com.st.stm32cube.common.mx_6.9.0.202307051724\\db\/plugins/boardmanager/
2023-09-24 21:45:00,691 [INFO] ApiDb:261 - Set plugin images path to: C:\ST\STM32CubeIDE_1.13.0\STM32CubeIDE\plugins\com.st.stm32cube.common.mx_6.9.0.202307051724\\db\/plugins/mcufinder/images/
2023-09-24 21:45:00,692 [WARN] DbFile:41 - Overriding database path with different value: C:\Users\honho\.stmcufinder\plugins\mcufinder/ => C:\Users\honho\.stmcufinder\plugins\mcufinder
2023-09-24 21:45:00,692 [INFO] ApiDb:250 - Set database path to: C:\Users\honho\.stmcufinder\plugins\mcufinder//mcu/
2023-09-24 21:45:00,692 [WARN] DbFile:41 - Overriding database path with different value: C:\Users\honho\.stmcufinder\plugins\mcufinder/ => C:\Users\honho\.stmcufinder\plugins\mcufinder
2023-09-24 21:45:00,692 [INFO] DbMcusAds:125 - Set database path to: C:\Users\honho\.stmcufinder\plugins\mcufinder//mcu/
2023-09-24 21:45:00,692 [WARN] DbFile:41 - Overriding database path with different value: C:\Users\honho\.stmcufinder\plugins\mcufinder/ => C:\Users\honho\.stmcufinder\plugins\mcufinder
2023-09-24 21:45:00,692 [WARN] DbFile:41 - Overriding database path with different value: C:\Users\honho\.stmcufinder\plugins\mcufinder/ => C:\Users\honho\.stmcufinder\plugins\mcufinder
2023-09-24 21:45:00,692 [INFO] CrossReferenceDbSqlite:203 - Set database path to: C:\Users\honho\.stmcufinder\plugins\mcufinder//mcu/cs/
2023-09-24 21:45:00,711 [INFO] ApplicationProperties:184 - Using Application install path: C:\ST\STM32CubeIDE_1.13.0\STM32CubeIDE\plugins\com.st.stm32cube.common.mx_6.9.0.202307051724
2023-09-24 21:45:00,712 [INFO] PluginManage:196 - Search for loadable plugins [exclusion list=, ]
2023-09-24 21:45:00,713 [INFO] PluginManage:310 - Check plugin analytics
2023-09-24 21:45:00,863 [INFO] AnalyticsPlugin:253 - Accepted Software Licenses: 
2023-09-24 21:45:00,863 [INFO] AnalyticsPlugin:255 - Accepted CMSIS Pack Licenses: 
2023-09-24 21:45:00,863 [INFO] AnalyticsPlugin:257 - Accepted Firmware Licenses: FW.F7.1.17.0
2023-09-24 21:45:00,866 [INFO] PluginManage:359 - Loaded plugin analytics (category:tool,tabindex:-1)
2023-09-24 21:45:00,867 [INFO] PluginManage:310 - Check plugin cadmodel
2023-09-24 21:45:00,880 [INFO] CADModel:105 - Init CAD model plugin
2023-09-24 21:45:00,880 [INFO] PluginManage:359 - Loaded plugin cadmodel (category:power,tabindex:5)
2023-09-24 21:45:00,880 [INFO] PluginManage:310 - Check plugin clock
2023-09-24 21:45:00,899 [INFO] PluginManage:359 - Loaded plugin clock (category:base,tabindex:2)
2023-09-24 21:45:00,899 [INFO] PluginManage:310 - Check plugin ddr
2023-09-24 21:45:00,901 [INFO] PluginManage:359 - Loaded plugin ddr (category:tool,tabindex:6)
2023-09-24 21:45:00,901 [INFO] PluginManage:310 - Check plugin filemanager
2023-09-24 21:45:01,018 [INFO] PluginManage:359 - Loaded plugin filemanager (category:base,tabindex:10)
2023-09-24 21:45:01,018 [INFO] PluginManage:310 - Check plugin ipmanager
2023-09-24 21:45:01,025 [INFO] PluginManage:359 - Loaded plugin ipmanager (category:base,tabindex:5)
2023-09-24 21:45:01,025 [INFO] PluginManage:310 - Check plugin lpbam
2023-09-24 21:45:01,040 [INFO] PluginManage:359 - Loaded plugin lpbam (category:base,tabindex:0)
2023-09-24 21:45:01,041 [INFO] PluginManage:310 - Check plugin memorymap
2023-09-24 21:45:01,060 [INFO] PluginManage:359 - Loaded plugin memorymap (category:base,tabindex:4)
2023-09-24 21:45:01,061 [INFO] PluginManage:310 - Check plugin pinoutandconfiguration
2023-09-24 21:45:01,077 [INFO] PluginManage:359 - Loaded plugin pinoutandconfiguration (category:base,tabindex:1)
2023-09-24 21:45:01,077 [INFO] PluginManage:310 - Check plugin pinoutconfig
2023-09-24 21:45:01,152 [WARN] SupportedApi:132 - Cannot load RTOS API schema: s4s-elt-must-match.1: The content of 'definitions' must match (annotation?, (simpleType | complexType)?, (unique | key | keyref)*)). A problem was found starting at: attribute.
2023-09-24 21:45:01,282 [INFO] PluginManage:359 - Loaded plugin pinoutconfig (category:base,tabindex:0)
2023-09-24 21:45:01,282 [INFO] PluginManage:310 - Check plugin power
2023-09-24 21:45:01,297 [INFO] PluginManage:359 - Loaded plugin power (category:power,tabindex:4)
2023-09-24 21:45:01,297 [INFO] PluginManage:310 - Check plugin projectmanager
2023-09-24 21:45:01,310 [INFO] PluginManage:359 - Loaded plugin projectmanager (category:projectmanager,tabindex:3)
2023-09-24 21:45:01,310 [INFO] PluginManage:310 - Check plugin thirdparty
2023-09-24 21:45:01,337 [ERROR] ConfigurationRetriever:142 - IOException on connection: Received fatal alert: internal_error
2023-09-24 21:45:01,526 [INFO] PluginManage:359 - Loaded plugin thirdparty (category:base,tabindex:-1)
2023-09-24 21:45:01,527 [INFO] PluginManage:310 - Check plugin tools
2023-09-24 21:45:01,526 [WARN] IntegrityCheckThread:84 - waiting for thirdparty lock release [integrity check]
2023-09-24 21:45:01,527 [INFO] IntegrityCheckThread:86 - entering critical section [integrity check]
2023-09-24 21:45:01,527 [INFO] ThirdPartyUpdaterWithRetryManager:70 - Updater plugin not ready yet. [1/15]
2023-09-24 21:45:01,550 [INFO] PluginManage:359 - Loaded plugin tools (category:base,tabindex:7)
2023-09-24 21:45:01,550 [INFO] PluginManage:310 - Check plugin tutovideos
2023-09-24 21:45:01,689 [INFO] PluginManage:359 - Loaded plugin tutovideos (category:base,tabindex:-1)
2023-09-24 21:45:01,689 [INFO] PluginManage:310 - Check plugin updater
2023-09-24 21:45:01,699 [INFO] PluginManage:359 - Loaded plugin updater (category:base,tabindex:12)
2023-09-24 21:45:01,699 [INFO] PluginManage:310 - Check plugin userauth
2023-09-24 21:45:01,703 [INFO] UserAuth:113 - Init User Auth plugin
2023-09-24 21:45:01,703 [INFO] PluginManage:359 - Loaded plugin userauth (category:base,tabindex:14)
2023-09-24 21:45:01,703 [INFO] PluginManage:283 - PluginManage : Loaded plugins [17]
2023-09-24 21:45:01,851 [INFO] PinOutPanel:1499 - setPackage(No Configuration,No Configuration)
2023-09-24 21:45:01,920 [INFO] CADModel:165 - CPN selected for project level
2023-09-24 21:45:01,920 [INFO] CADModel:114 - Register for checkConnection events
2023-09-24 21:45:01,939 [INFO] IPUIPlugin:80 - create IPUIPlugin
2023-09-24 21:45:01,939 [INFO] PluginManager:220 - loadIPPluginJar : add adc
2023-09-24 21:45:01,964 [INFO] IPUIPlugin:80 - create IPUIPlugin
2023-09-24 21:45:01,965 [INFO] PluginManager:220 - loadIPPluginJar : add aes
2023-09-24 21:45:01,991 [INFO] IPUIPlugin:80 - create IPUIPlugin
2023-09-24 21:45:01,991 [INFO] PluginManager:220 - loadIPPluginJar : add can
2023-09-24 21:45:02,006 [INFO] IPUIPlugin:80 - create IPUIPlugin
2023-09-24 21:45:02,006 [INFO] PluginManager:220 - loadIPPluginJar : add comp
2023-09-24 21:45:02,028 [INFO] IPUIPlugin:80 - create IPUIPlugin
2023-09-24 21:45:02,028 [INFO] PluginManager:220 - loadIPPluginJar : add cryp
2023-09-24 21:45:02,048 [INFO] IPUIPlugin:80 - create IPUIPlugin
2023-09-24 21:45:02,048 [INFO] PluginManager:220 - loadIPPluginJar : add dfsdm
2023-09-24 21:45:02,059 [INFO] IPUIPlugin:80 - create IPUIPlugin
2023-09-24 21:45:02,059 [INFO] PluginManager:220 - loadIPPluginJar : add dma
2023-09-24 21:45:02,090 [INFO] IPUIPlugin:80 - create IPUIPlugin
2023-09-24 21:45:02,090 [INFO] PluginManager:220 - loadIPPluginJar : add dma3
2023-09-24 21:45:02,105 [INFO] IPUIPlugin:80 - create IPUIPlugin
2023-09-24 21:45:02,105 [INFO] PluginManager:220 - loadIPPluginJar : add fatfs
2023-09-24 21:45:02,137 [INFO] IPUIPlugin:80 - create IPUIPlugin
2023-09-24 21:45:02,137 [INFO] PluginManager:220 - loadIPPluginJar : add fmc
2023-09-24 21:45:02,147 [INFO] IPUIPlugin:80 - create IPUIPlugin
2023-09-24 21:45:02,148 [INFO] PluginManager:220 - loadIPPluginJar : add freertos
2023-09-24 21:45:02,161 [INFO] IPUIPlugin:80 - create IPUIPlugin
2023-09-24 21:45:02,162 [INFO] PluginManager:220 - loadIPPluginJar : add genericplugin
2023-09-24 21:45:02,221 [INFO] IPUIPlugin:80 - create IPUIPlugin
2023-09-24 21:45:02,221 [INFO] PluginManager:220 - loadIPPluginJar : add gfxmmu
2023-09-24 21:45:02,303 [INFO] IPUIPlugin:80 - create IPUIPlugin
2023-09-24 21:45:02,304 [INFO] PluginManager:220 - loadIPPluginJar : add gic
2023-09-24 21:45:02,314 [INFO] IPUIPlugin:80 - create IPUIPlugin
2023-09-24 21:45:02,314 [INFO] PluginManager:220 - loadIPPluginJar : add gpio
2023-09-24 21:45:02,373 [INFO] IPUIPlugin:80 - create IPUIPlugin
2023-09-24 21:45:02,373 [INFO] PluginManager:220 - loadIPPluginJar : add gtzc
2023-09-24 21:45:02,394 [INFO] IPUIPlugin:80 - create IPUIPlugin
2023-09-24 21:45:02,394 [INFO] PluginManager:220 - loadIPPluginJar : add hash
2023-09-24 21:45:02,427 [INFO] IPUIPlugin:80 - create IPUIPlugin
2023-09-24 21:45:02,427 [INFO] PluginManager:220 - loadIPPluginJar : add i2c
2023-09-24 21:45:02,452 [INFO] IPUIPlugin:80 - create IPUIPlugin
2023-09-24 21:45:02,452 [INFO] PluginManager:220 - loadIPPluginJar : add i2s
2023-09-24 21:45:02,479 [INFO] IPUIPlugin:80 - create IPUIPlugin
2023-09-24 21:45:02,479 [INFO] PluginManager:220 - loadIPPluginJar : add i3c
2023-09-24 21:45:02,547 [INFO] IPUIPlugin:80 - create IPUIPlugin
2023-09-24 21:45:02,547 [INFO] PluginManager:220 - loadIPPluginJar : add ipddr
2023-09-24 21:45:02,611 [INFO] IPUIPlugin:80 - create IPUIPlugin
2023-09-24 21:45:02,611 [INFO] PluginManager:220 - loadIPPluginJar : add linkedlist
2023-09-24 21:45:02,634 [INFO] IPUIPlugin:80 - create IPUIPlugin
2023-09-24 21:45:02,634 [INFO] PluginManager:220 - loadIPPluginJar : add lorawan
2023-09-24 21:45:02,658 [INFO] IPUIPlugin:80 - create IPUIPlugin
2023-09-24 21:45:02,659 [INFO] PluginManager:220 - loadIPPluginJar : add ltdc
2023-09-24 21:45:02,668 [INFO] IPUIPlugin:80 - create IPUIPlugin
2023-09-24 21:45:02,669 [INFO] PluginManager:220 - loadIPPluginJar : add mdma
2023-09-24 21:45:02,677 [INFO] IPUIPlugin:80 - create IPUIPlugin
2023-09-24 21:45:02,677 [INFO] PluginManager:220 - loadIPPluginJar : add nvic
2023-09-24 21:45:02,701 [INFO] IPUIPlugin:80 - create IPUIPlugin
2023-09-24 21:45:02,702 [INFO] PluginManager:220 - loadIPPluginJar : add opamp
2023-09-24 21:45:02,739 [INFO] IPUIPlugin:80 - create IPUIPlugin
2023-09-24 21:45:02,739 [INFO] PluginManager:220 - loadIPPluginJar : add openamp
2023-09-24 21:45:02,767 [INFO] IPUIPlugin:80 - create IPUIPlugin
2023-09-24 21:45:02,767 [INFO] PluginManager:220 - loadIPPluginJar : add pdm2pcm
2023-09-24 21:45:02,777 [INFO] IPUIPlugin:80 - create IPUIPlugin
2023-09-24 21:45:02,779 [INFO] PluginManager:220 - loadIPPluginJar : add plateformsettings
2023-09-24 21:45:02,793 [INFO] IPUIPlugin:80 - create IPUIPlugin
2023-09-24 21:45:02,793 [INFO] PluginManager:220 - loadIPPluginJar : add quadspi
2023-09-24 21:45:02,804 [INFO] IPUIPlugin:80 - create IPUIPlugin
2023-09-24 21:45:02,804 [INFO] PluginManager:220 - loadIPPluginJar : add resmgrutility
2023-09-24 21:45:02,836 [INFO] IPUIPlugin:80 - create IPUIPlugin
2023-09-24 21:45:02,836 [INFO] PluginManager:220 - loadIPPluginJar : add sai
2023-09-24 21:45:02,862 [INFO] IPUIPlugin:80 - create IPUIPlugin
2023-09-24 21:45:02,862 [INFO] PluginManager:220 - loadIPPluginJar : add spi
2023-09-24 21:45:02,899 [INFO] IPUIPlugin:80 - create IPUIPlugin
2023-09-24 21:45:02,900 [INFO] PluginManager:220 - loadIPPluginJar : add stm32_wpan
2023-09-24 21:45:02,915 [INFO] IPUIPlugin:80 - create IPUIPlugin
2023-09-24 21:45:02,915 [INFO] PluginManager:220 - loadIPPluginJar : add tim
2023-09-24 21:45:02,951 [INFO] IPUIPlugin:80 - create IPUIPlugin
2023-09-24 21:45:02,951 [INFO] PluginManager:220 - loadIPPluginJar : add touchsensing
2023-09-24 21:45:02,967 [INFO] IPUIPlugin:80 - create IPUIPlugin
2023-09-24 21:45:02,967 [INFO] PluginManager:220 - loadIPPluginJar : add tracer_emb
2023-09-24 21:45:02,982 [INFO] IPUIPlugin:80 - create IPUIPlugin
2023-09-24 21:45:02,982 [INFO] PluginManager:220 - loadIPPluginJar : add ts
2023-09-24 21:45:02,996 [INFO] IPUIPlugin:80 - create IPUIPlugin
2023-09-24 21:45:02,996 [INFO] PluginManager:220 - loadIPPluginJar : add tsc
2023-09-24 21:45:03,010 [INFO] IPUIPlugin:80 - create IPUIPlugin
2023-09-24 21:45:03,010 [INFO] PluginManager:220 - loadIPPluginJar : add ucpd
2023-09-24 21:45:03,039 [INFO] IPUIPlugin:80 - create IPUIPlugin
2023-09-24 21:45:03,039 [INFO] PluginManager:220 - loadIPPluginJar : add usart
2023-09-24 21:45:03,068 [INFO] IPUIPlugin:80 - create IPUIPlugin
2023-09-24 21:45:03,068 [INFO] PluginManager:220 - loadIPPluginJar : add usbx
2023-09-24 21:45:03,175 [INFO] CADModel:165 - CPN selected for project level
2023-09-24 21:45:03,175 [INFO] CADModel:114 - Register for checkConnection events
2023-09-24 21:45:03,175 [FATAL] Updater:308 - Updater called before beeing initialized
2023-09-24 21:45:03,175 [ERROR] CADModel:125 - Updater not yet initialized, retry later 
2023-09-24 21:45:03,294 [INFO] CADModel:165 - CPN selected for project level
2023-09-24 21:45:03,294 [INFO] CADModel:114 - Register for checkConnection events
2023-09-24 21:45:03,294 [FATAL] Updater:308 - Updater called before beeing initialized
2023-09-24 21:45:03,294 [ERROR] CADModel:125 - Updater not yet initialized, retry later 
2023-09-24 21:45:03,297 [FATAL] Updater:308 - Updater called before beeing initialized
2023-09-24 21:45:03,392 [FATAL] Updater:308 - Updater called before beeing initialized
2023-09-24 21:45:03,401 [INFO] DbMcusAds:53 - JSON generation date=Tue Mar 07 15:50:55 ICT 2023 (1678179055114)
2023-09-24 21:45:03,401 [FATAL] Updater:308 - Updater called before beeing initialized
2023-09-24 21:45:03,432 [WARN] DetailPanel:346 - Failed to get advertising image, set to default
2023-09-24 21:45:03,496 [FATAL] Updater:308 - Updater called before beeing initialized
2023-09-24 21:45:03,498 [FATAL] Updater:308 - Updater called before beeing initialized
2023-09-24 21:45:03,498 [FATAL] Updater:308 - Updater called before beeing initialized
2023-09-24 21:45:03,498 [WARN] DetailPanel:346 - Failed to get advertising image, set to default
2023-09-24 21:45:03,498 [FATAL] Updater:308 - Updater called before beeing initialized
2023-09-24 21:45:03,540 [ERROR] Updater:1120 - MainUpdater not yet initialized. External WinMGr cannot be set.
2023-09-24 21:45:03,547 [INFO] Updater:1056 - Updater Version found : 6.9.0
2023-09-24 21:45:03,559 [INFO] ApplicationProperties:184 - Using Application install path: C:\ST\STM32CubeIDE_1.13.0\STM32CubeIDE\plugins\com.st.stm32cube.common.mx_6.9.0.202307051724
2023-09-24 21:45:04,539 [INFO] ThirdPartyUpdaterWithRetryManager:70 - Updater plugin not ready yet. [2/15]
2023-09-24 21:45:04,591 [INFO] MainUpdater:2868 - connection check result : 10
2023-09-24 21:45:04,592 [INFO] MainUpdater:3562 - Updater definition file requires update
2023-09-24 21:45:04,592 [INFO] MainUpdater:285 - Updater Check For Update Now.
2023-09-24 21:45:04,593 [INFO] MicroXplorer:498 - Change Database Version : DB.6.0.90
2023-09-24 21:45:04,605 [INFO] McuFinderGlobals:63 - Set McuFinder mode to 2 (CubeIDE integrated)
2023-09-24 21:45:07,549 [WARN] MainUpdater:1189 - Updater busy. Cannot search thirdparties
2023-09-24 21:45:07,549 [INFO] ThirdPartyUpdaterWithRetryManager:96 - Updater plugin is busy. [1/15]
2023-09-24 21:45:09,122 [INFO] ServerAccessManage:473 - Download File updaters.zip
2023-09-24 21:45:10,207 [INFO] FileExtend:240 - Unzip File : updaters.zip
2023-09-24 21:45:10,208 [INFO] FileExtend:255 - Standard Zip Deflate
2023-09-24 21:45:10,552 [WARN] MainUpdater:1189 - Updater busy. Cannot search thirdparties
2023-09-24 21:45:10,552 [INFO] ThirdPartyUpdaterWithRetryManager:96 - Updater plugin is busy. [2/15]
2023-09-24 21:45:13,396 [INFO] ServerAccessManage:473 - Download File PacksControlFlags.xml
2023-09-24 21:45:13,553 [WARN] MainUpdater:1189 - Updater busy. Cannot search thirdparties
2023-09-24 21:45:13,553 [INFO] ThirdPartyUpdaterWithRetryManager:96 - Updater plugin is busy. [3/15]
2023-09-24 21:45:14,301 [INFO] ServerAccessManage:473 - Download File cubemx.pidx
2023-09-24 21:45:14,363 [INFO] LoadServerUpdatesThread:373 - End of LoadServerUpdate Thread
2023-09-24 21:45:14,526 [INFO] CheckServerUpdateThread:120 - End of CheckServer Thread
2023-09-24 21:45:16,703 [WARN] PackLoader:240 - Cannot read IP mode file for STMicroelectronics.X-CUBE-SMBUS.2.1.0
2023-09-24 21:45:16,736 [WARN] PackLoader:240 - Cannot read IP mode file for STMicroelectronics.X-CUBE-AZRTOS-F7.1.1.0
2023-09-24 21:45:16,751 [WARN] PackLoader:240 - Cannot read IP mode file for STMicroelectronics.FP-SNS-MOTENV1.4.3.2
2023-09-24 21:45:16,771 [WARN] PackLoader:240 - Cannot read IP mode file for STMicroelectronics.X-CUBE-BLE1.6.2.4
2023-09-24 21:45:16,783 [WARN] PackLoader:240 - Cannot read IP mode file for STMicroelectronics.FP-SNS-FLIGHT1.5.0.2
2023-09-24 21:45:16,797 [WARN] PackLoader:240 - Cannot read IP mode file for STMicroelectronics.X-CUBE-DISPLAY.3.0.0
2023-09-24 21:45:16,811 [WARN] PackLoader:240 - Cannot read IP mode file for STMicroelectronics.X-CUBE-BLE1.7.0.0
2023-09-24 21:45:16,823 [WARN] PackLoader:240 - Cannot read IP mode file for emotas.I-CUBE-CANOPEN.1.3.0
2023-09-24 21:45:16,838 [WARN] PackLoader:240 - Cannot read IP mode file for STMicroelectronics.X-CUBE-TOUCHGFX.4.22.0
2023-09-24 21:45:16,849 [WARN] PackLoader:240 - Cannot read IP mode file for STMicroelectronics.FP-SNS-SMARTAG2.1.2.0
2023-09-24 21:45:16,870 [INFO] LogOutputStream:77 - [STDOUT_REDIRECT] 1 : Invalid condition id : UX_CORESTACK_Condition cause : null
2023-09-24 21:45:16,871 [INFO] LogOutputStream:77 - [STDOUT_REDIRECT] 1 : Invalid condition id : UX_CORESTACK_Condition cause : null
2023-09-24 21:45:16,873 [INFO] LogOutputStream:77 - [STDOUT_REDIRECT] 1 : Invalid condition id : UX_CORESTACK_Condition cause : null
2023-09-24 21:45:16,874 [INFO] LogOutputStream:77 - [STDOUT_REDIRECT] 1 : Invalid condition id : UX_CORESTACK_Condition cause : null
2023-09-24 21:45:16,876 [INFO] LogOutputStream:77 - [STDOUT_REDIRECT] 1 : Invalid condition id : UX_CORESTACK_Condition cause : null
2023-09-24 21:45:16,879 [WARN] PackLoader:240 - Cannot read IP mode file for STMicroelectronics.X-CUBE-AZRTOS-WL.2.0.0
2023-09-24 21:45:16,898 [WARN] PackLoader:240 - Cannot read IP mode file for WES.I-CUBE-Cesium.1.3.0
2023-09-24 21:45:16,909 [WARN] PackLoader:240 - Cannot read IP mode file for STMicroelectronics.X-CUBE-BLE2.3.3.0
2023-09-24 21:45:16,920 [WARN] PackLoader:240 - Cannot read IP mode file for STMicroelectronics.X-CUBE-ALGOBUILD.1.3.0
2023-09-24 21:45:16,942 [WARN] PackLoader:240 - Cannot read IP mode file for STMicroelectronics.X-CUBE-AZRTOS-G0.1.1.0
2023-09-24 21:45:16,954 [WARN] PackLoader:240 - Cannot read IP mode file for STMicroelectronics.X-CUBE-NFC4.3.0.0
2023-09-24 21:45:16,964 [WARN] PackLoader:240 - Cannot read IP mode file for STMicroelectronics.FP-ATR-SIGFOX1.3.2.0
2023-09-24 21:45:16,999 [WARN] PackLoader:240 - Cannot read IP mode file for SEGGER.I-CUBE-embOS.1.3.1
2023-09-24 21:45:17,038 [WARN] PackLoader:240 - Cannot read IP mode file for STMicroelectronics.X-CUBE-GNSS1.6.0.0
2023-09-24 21:45:17,062 [WARN] PackLoader:240 - Cannot read IP mode file for STMicroelectronics.X-CUBE-AZRTOS-F4.1.1.0
2023-09-24 21:45:17,074 [WARN] PackLoader:240 - Cannot read IP mode file for wolfSSL.I-CUBE-wolfSSL.5.6.3
2023-09-24 21:45:17,096 [WARN] PackLoader:240 - Cannot read IP mode file for STMicroelectronics.X-CUBE-AZRTOS-L5.2.0.0
2023-09-24 21:45:17,135 [WARN] PackLoader:240 - Cannot read IP mode file for STMicroelectronics.X-CUBE-MEMS1.9.6.0
2023-09-24 21:45:17,258 [WARN] PackLoader:240 - Cannot read IP mode file for STMicroelectronics.X-CUBE-BLEMGR.2.0.0
2023-09-24 21:45:17,288 [WARN] ConditionMgr:438 - getConditionDescription Invalid condition id : UX DEVICE CLASS RTOS Condition cause : null
2023-09-24 21:45:17,288 [WARN] ConditionMgr:438 - getConditionDescription Invalid condition id : UX DEVICE CLASS RTOS Condition cause : null
2023-09-24 21:45:17,291 [WARN] PackLoader:240 - Cannot read IP mode file for STMicroelectronics.X-CUBE-AZRTOS-H7.3.1.0
2023-09-24 21:45:17,292 [WARN] ConditionMgr:1039 - genDependencies : Invalid condition id : UX DEVICE CLASS RTOS Condition cause : null
2023-09-24 21:45:17,292 [WARN] ConditionMgr:1039 - genDependencies : Invalid condition id : UX DEVICE CLASS RTOS Condition cause : null
2023-09-24 21:45:17,293 [WARN] ConditionMgr:1039 - genDependencies : Invalid condition id : UX DEVICE CLASS RTOS Condition cause : null
2023-09-24 21:45:17,293 [WARN] ConditionMgr:1039 - genDependencies : Invalid condition id : UX DEVICE CLASS RTOS Condition cause : null
2023-09-24 21:45:17,294 [WARN] ConditionMgr:1039 - genDependencies : Invalid condition id : UX DEVICE CLASS RTOS Condition cause : null
2023-09-24 21:45:17,308 [WARN] PackLoader:240 - Cannot read IP mode file for STMicroelectronics.X-CUBE-NFC7.1.0.1
2023-09-24 21:45:17,322 [WARN] PackLoader:240 - Cannot read IP mode file for STMicroelectronics.X-CUBE-NFC6.3.0.0
2023-09-24 21:45:17,334 [WARN] PackLoader:240 - Cannot read IP mode file for STMicroelectronics.X-CUBE-EEPRMA1.4.1.0
2023-09-24 21:45:17,346 [WARN] PackLoader:240 - Cannot read IP mode file for STMicroelectronics.X-CUBE-AI.8.1.0
2023-09-24 21:45:17,378 [WARN] ConditionMgr:438 - getConditionDescription Invalid condition id : LAN8742 Phy interface Condition cause : null
2023-09-24 21:45:17,379 [WARN] PackLoader:240 - Cannot read IP mode file for STMicroelectronics.X-CUBE-AZRTOS-L4.2.0.0
2023-09-24 21:45:17,380 [WARN] ConditionMgr:1039 - genDependencies : Invalid condition id : LAN8742 Phy interface Condition cause : null
2023-09-24 21:45:17,380 [WARN] ConditionMgr:1039 - genDependencies : Invalid condition id : LAN8742 Phy interface Condition cause : null
2023-09-24 21:45:17,381 [WARN] ConditionMgr:1039 - genDependencies : Invalid condition id : LAN8742 Phy interface Condition cause : null
2023-09-24 21:45:17,397 [WARN] PackLoader:240 - Cannot read IP mode file for STMicroelectronics.X-CUBE-SFXS2LP1.4.0.0
2023-09-24 21:45:17,412 [WARN] PackLoader:240 - Cannot read IP mode file for STMicroelectronics.X-CUBE-ISPU.1.1.0
2023-09-24 21:45:17,440 [WARN] ConditionMgr:438 - getConditionDescription Invalid condition id : UX DEVICE CLASS RTOS Condition cause : null
2023-09-24 21:45:17,440 [WARN] ConditionMgr:438 - getConditionDescription Invalid condition id : UX DEVICE CLASS RTOS Condition cause : null
2023-09-24 21:45:17,443 [WARN] PackLoader:240 - Cannot read IP mode file for STMicroelectronics.X-CUBE-AZRTOS-WB.2.0.0
2023-09-24 21:45:17,444 [WARN] ConditionMgr:1039 - genDependencies : Invalid condition id : UX DEVICE CLASS RTOS Condition cause : null
2023-09-24 21:45:17,444 [WARN] ConditionMgr:1039 - genDependencies : Invalid condition id : UX DEVICE CLASS RTOS Condition cause : null
2023-09-24 21:45:17,445 [WARN] ConditionMgr:1039 - genDependencies : Invalid condition id : UX DEVICE CLASS RTOS Condition cause : null
2023-09-24 21:45:17,445 [WARN] ConditionMgr:1039 - genDependencies : Invalid condition id : UX DEVICE CLASS RTOS Condition cause : null
2023-09-24 21:45:17,445 [WARN] ConditionMgr:1039 - genDependencies : Invalid condition id : UX DEVICE CLASS RTOS Condition cause : null
2023-09-24 21:45:17,465 [WARN] PackLoader:240 - Cannot read IP mode file for STMicroelectronics.X-CUBE-FREERTOS.1.0.1
2023-09-24 21:45:17,486 [WARN] PackLoader:240 - Cannot read IP mode file for STMicroelectronics.X-CUBE-AZRTOS-L5.1.1.0
2023-09-24 21:45:17,506 [WARN] PackLoader:240 - Cannot read IP mode file for STMicroelectronics.X-CUBE-SUBG2.5.0.0
2023-09-24 21:45:17,527 [WARN] PackLoader:240 - Cannot read IP mode file for STMicroelectronics.X-CUBE-TOF1.3.3.1
2023-09-24 21:45:17,560 [WARN] PackLoader:240 - Cannot read IP mode file for STMicroelectronics.X-CUBE-AZRTOS-G4.2.0.0
2023-09-24 21:45:17,572 [WARN] PackLoader:240 - Cannot read IP mode file for STMicroelectronics.X-CUBE-FREERTOS.1.1.0
2023-09-24 21:45:17,585 [WARN] PackLoader:240 - Cannot read IP mode file for portGmbH.I-Cube-SoM-uGOAL.1.1.0
2023-09-24 21:45:17,595 [WARN] PackLoader:240 - Cannot read IP mode file for STMicroelectronics.X-CUBE-ALS.1.0.1
2023-09-24 21:45:17,613 [WARN] PackLoader:240 - Cannot read IP mode file for STMicroelectronics.X-CUBE-AZRTOS-WB.1.1.0
2023-09-24 21:45:17,630 [WARN] PackLoader:240 - Cannot read IP mode file for STMicroelectronics.FP-ATR-ASTRA1.2.0.0
2023-09-24 21:45:17,631 [INFO] ThirdParty:978 - Integrity check success = true
2023-09-24 21:45:17,631 [INFO] IntegrityCheckThread:100 - exiting critical section [integrity check]
2023-09-24 21:45:17,631 [INFO] IntegrityCheckThread:103 - End integrity checks thread
2023-09-24 21:45:24,571 [INFO] McuFinderGlobals:63 - Set McuFinder mode to 2 (CubeIDE integrated)
2023-09-24 21:45:24,589 [INFO] MainUpdater:2868 - connection check result : 10
2023-09-24 21:45:24,602 [INFO] McuFinderGlobals:76 - Set McuFinderConnectedMode to true
2023-09-24 21:45:25,407 [INFO] ServerAccessManage:473 - Download File mcusAds.json._tmp_
2023-09-24 21:45:25,523 [INFO] LoadUrlFilesThread:156 - End of LoadUrlFiles Thread
2023-09-24 21:45:27,183 [ERROR] LogOutputStream:75 - [STDERR_REDIRECT] SLF4J: Failed to load class "org.slf4j.impl.StaticLoggerBinder".
2023-09-24 21:45:27,184 [ERROR] LogOutputStream:75 - [STDERR_REDIRECT] SLF4J: Defaulting to no-operation (NOP) logger implementation
2023-09-24 21:45:27,185 [ERROR] LogOutputStream:75 - [STDERR_REDIRECT] SLF4J: See http://www.slf4j.org/codes.html#StaticLoggerBinder for further details.
2023-09-24 21:45:28,656 [INFO] ServerAccessManage:473 - Download File cube-finder-db.zip
2023-09-24 21:45:44,040 [INFO] FileExtend:240 - Unzip File : cube-finder-db.zip
2023-09-24 21:45:44,040 [INFO] FileExtend:255 - Standard Zip Deflate
2023-09-24 21:45:44,543 [INFO] LoadUrlFilesThread:156 - End of LoadUrlFiles Thread
2023-09-24 21:45:45,686 [INFO] ServerAccessManage:473 - Download File crdb.zip
2023-09-24 21:45:47,040 [INFO] FileExtend:240 - Unzip File : crdb.zip
2023-09-24 21:45:47,040 [INFO] FileExtend:255 - Standard Zip Deflate
2023-09-24 21:45:47,170 [INFO] LoadUrlFilesThread:156 - End of LoadUrlFiles Thread
2023-09-24 21:45:49,636 [INFO] ServerAccessManage:473 - Download File tutoVideoDB.zip
2023-09-24 21:45:50,205 [INFO] FileExtend:240 - Unzip File : tutoVideoDB.zip
2023-09-24 21:45:50,205 [INFO] FileExtend:255 - Standard Zip Deflate
2023-09-24 21:45:50,332 [INFO] LoadUrlFilesThread:156 - End of LoadUrlFiles Thread
2023-09-24 21:45:50,338 [WARN] DbFile:41 - Overriding database path with different value: C:\Users\honho\.stmcufinder\plugins\mcufinder/ => C:\Users\honho\.stmcufinder\plugins\mcufinder
2023-09-24 21:45:52,509 [INFO] ServerAccessManage:473 - Download File api_config.json
2023-09-24 21:45:52,624 [INFO] LoadUrlFilesThread:156 - End of LoadUrlFiles Thread
2023-09-24 21:45:52,627 [INFO] DbMcusAds:53 - JSON generation date=Tue Mar 07 15:50:55 ICT 2023 (1678179055114)
2023-09-24 21:45:52,641 [INFO] LoadUrlFilesThread:185 - End of LoadServerUrlFiles without Thread
2023-09-24 21:45:52,642 [INFO] TargetSelectorAdapter:259 - Refresh data is successful
2023-09-24 21:45:52,742 [INFO] ApiDb:581 - Connected to CubeFinder SQLite database (C:\Users\honho\.stmcufinder\plugins\mcufinder\mcu\cube-finder-db.db)
2023-09-24 21:45:52,784 [INFO] ApiDb:668 - CubeFinder database Data Model version=2.1
2023-09-24 21:45:52,784 [INFO] ApiDb:669 - CubeFinder database Configuration version=3.0.37
2023-09-24 21:45:52,784 [INFO] ApiDb:670 - CubeFinder database generation date=2023-08-09 (1691586011)
2023-09-24 21:45:52,784 [INFO] ApiDb:671 - CubeFinder database FW Pack versions=[FP-ATR-ASTRA1_V2.0.0, FP-SNS-FLIGHT1_V5.0.1, FP-SNS-FLIGHT1_V5.0.2, FP-SNS-MOTENV1_V4.3.1, FP-SNS-MOTENV1_V4.3.2, STM32Cube_FW_C0_V1.1.0, STM32Cube_FW_F4_V1.27.1, STM32Cube_FW_F7_V1.17.0, STM32Cube_FW_G0_V1.6.1, STM32Cube_FW_G4_V1.5.1, STM32Cube_FW_H5_V0.5.1, STM32Cube_FW_H5_V1.1.0, STM32Cube_FW_H7_V1.11.0, STM32Cube_FW_L0_V1.12.2, STM32Cube_FW_L5_V1.5.0, STM32Cube_FW_U5_V1.3.0, STM32Cube_FW_U5_V1.3.0RC4, STM32Cube_FW_WBA_V1.0.0RC1, STM32Cube_FW_WBA_V1.1.0, STM32Cube_FW_WBA_V1.1.0RC1, STM32Cube_FW_WB_V1.15.0RC1, STM32Cube_FW_WB_V1.16.0, STM32Cube_FW_WB_V1.16.0RC2, STM32Cube_FW_WB_V1.17.0, STM32Cube_FW_WL_V1.3.0, X-CUBE-ALGOBUILD_V1.3.0, X-CUBE-ALS_V1.0.1, X-CUBE-AZRTOS-F4_V1.1.0, X-CUBE-AZRTOS-F7_V1.1.0, X-CUBE-AZRTOS-G0_V1.1.0, X-CUBE-AZRTOS-G4_V2.0.0, X-CUBE-AZRTOS-H7_V3.1.0, X-CUBE-AZRTOS-L4_V1.0.0, X-CUBE-AZRTOS-L4_V2.0.0, X-CUBE-AZRTOS-L5_V1.1.0, X-CUBE-AZRTOS-WB_V1.1.0, X-CUBE-AZRTOS-WL_V2.0.0, X-CUBE-BLE1_V7.0.0, X-CUBE-BLE2_V3.3.0, X-CUBE-BLEMGR_V2.0.0, X-CUBE-EEPRMA1_V4.1.0, X-CUBE-FREERTOS_V1.1.0, X-CUBE-GNSS1_V6.0.0, X-CUBE-MEMS1_V9.1.0, X-CUBE-MEMS1_V9.4.0, X-CUBE-MEMS1_V9.6.0, X-CUBE-NFC4_V3.0.0, X-CUBE-NFC7_V1.0.0, X-CUBE-SFXS2LP1_V4.0.0, X-CUBE-SUBG2_V5.0.0, X-CUBE-TOF1_V3.3.1]
2023-09-24 21:45:54,103 [INFO] ApiDb:240 - Found 323 in-development CPN: [B-G473E-ZEST1S, B-WB1M-WPAN1, B-WL5M-SUBG1, NUCLEO-C031C6, NUCLEO-H503RB, NUCLEO-H563ZI, NUCLEO-U545RE-Q, NUCLEO-U5A5ZJ-Q, NUCLEO-WBA52CG, STEVAL-PROTEUS1, STEVAL-SMARTAG2, STEVAL-STWINBX1, STM320518-EVAL, STM32C0116-DK, STM32C011D6Y3TR, STM32C011D6Y6TR, STM32C011F4P3, STM32C011F4P6, STM32C011F4U3, STM32C011F4U6TR, STM32C011F6P3, STM32C011F6P6, STM32C011F6U3, STM32C011F6U6TR, STM32C011J4M3, STM32C011J4M6, STM32C011J6M3, STM32C011J6M6, STM32C0316-DK, STM32C031C4T3, STM32C031C4T6, STM32C031C4U3, STM32C031C4U6, STM32C031C6T3, STM32C031C6T6, STM32C031C6U3, STM32C031C6U6, STM32C031F4P3, STM32C031F4P6, STM32C031F6P3, STM32C031F6P6, STM32C031G4U3, STM32C031G4U6, STM32C031G6U3, STM32C031G6U6, STM32C031K4T3, STM32C031K4T6, STM32C031K4U3, STM32C031K4U6, STM32C031K6T3, STM32C031K6T6, STM32C031K6U3, STM32C031K6U6, STM32G071K8TXN, STM32G071K8UXN, STM32G081GBU6N, STM32G081KBT6N, STM32G081KBUXN, STM32G0B1CCT6N, STM32G0B1KCT6, STM32G0B1NEY6TR, STM32G0B1RCT6N, STM32G0C1CCT6, STM32G0C1CCT6N, STM32G0C1CCU6N, STM32G0C1CET6N, STM32G0C1CEU6N, STM32G0C1KCT6, STM32G0C1NEY6TR, STM32G0C1RCI6N, STM32G0C1RCT6N, STM32G0C1REI6N, STM32G0C1RET6N, STM32G0C1VCI6, STM32G0C1VEI6, STM32G471CCT6, STM32G471CCU6, STM32G471CET3, STM32G471CET6, STM32G471CEU3, STM32G471CEU6, STM32G471MCT6, STM32G471MET3, STM32G471MET6, STM32G471MEY6TR, STM32G471QCT6, STM32G471QET3, STM32G471RCT6, STM32G471RET3, STM32G471RET6, STM32G471VCH6, STM32G471VCI6, STM32G471VCT6, STM32G471VEH3, STM32G471VEH6, STM32G471VEI3, STM32G471VEI6, STM32G471VET3, STM32G471VET6, STM32G474CCT6, STM32H503CBT6, STM32H503CBU6, STM32H503EBY6TR, STM32H503KBU6, STM32H503RBT6, STM32H562AGI6, STM32H562AII6, STM32H562IGK6, STM32H562IGT6, STM32H562IIK6, STM32H562IIT6, STM32H562RGT6, STM32H562RGV6, STM32H562RIT6, STM32H562RIV6, STM32H562VGT6, STM32H562VIT6, STM32H562ZGT6, STM32H562ZIT6, STM32H563AGI6, STM32H563AII3Q, STM32H563AII6, STM32H563IGK6, STM32H563IGT6, STM32H563IIK3Q, STM32H563IIK6, STM32H563IIT3Q, STM32H563IIT6, STM32H563MIY3QTR, STM32H563RGT6, STM32H563RGV6, STM32H563RIT6, STM32H563RIV6, STM32H563VGT6, STM32H563VIT3Q, STM32H563VIT6, STM32H563ZGT6, STM32H563ZIT3Q, STM32H563ZIT6, STM32H573AII3Q, STM32H573AII6, STM32H573I-DK, STM32H573IIK3Q, STM32H573IIK6, STM32H573IIT3Q, STM32H573IIT6, STM32H573MIY3QTR, STM32H573RIT6, STM32H573RIV6, STM32H573VIT3Q, STM32H573VIT6, STM32H573ZIT3Q, STM32H573ZIT6, STM32L4R5QGI6STR, STM32MP131AAE3, STM32MP131AAF3, STM32MP131AAG3, STM32MP131CAE3, STM32MP131CAF3, STM32MP131CAG3, STM32MP131DAE7, STM32MP131DAF7, STM32MP131DAG7, STM32MP131FAE7, STM32MP131FAF7, STM32MP131FAG7, STM32MP133AAE3, STM32MP133AAF3, STM32MP133AAG3, STM32MP133CAE3, STM32MP133CAF3, STM32MP133CAG3, STM32MP133DAE7, STM32MP133DAF7, STM32MP133DAG7, STM32MP133FAE7, STM32MP133FAF7, STM32MP133FAG7, STM32MP135AAE3, STM32MP135AAF3, STM32MP135AAG3, STM32MP135CAE3, STM32MP135CAF3, STM32MP135CAG3, STM32MP135DAE7, STM32MP135DAF7, STM32MP135DAG7, STM32MP135F-DK, STM32MP135FAE7, STM32MP135FAF7, STM32MP135FAF7T, STM32MP135FAF7U, STM32MP135FAG7, STM32U535CBT6, STM32U535CBT6Q, STM32U535CBU6, STM32U535CBU6Q, STM32U535CCT6, STM32U535CCT6Q, STM32U535CCU6, STM32U535CCU6Q, STM32U535CET6, STM32U535CET6Q, STM32U535CEU6, STM32U535CEU6Q, STM32U535JEY6QTR, STM32U535NCY6QTR, STM32U535NEY6QTR, STM32U535RBI6, STM32U535RBI6Q, STM32U535RBT6, STM32U535RBT6Q, STM32U535RCI6, STM32U535RCI6Q, STM32U535RCT6, STM32U535RCT6Q, STM32U535REI6, STM32U535REI6Q, STM32U535RET6, STM32U535RET6Q, STM32U535VCI6, STM32U535VCI6Q, STM32U535VCT6, STM32U535VCT6Q, STM32U535VEI6, STM32U535VEI6Q, STM32U535VET6, STM32U535VET6Q, STM32U545CET6, STM32U545CET6Q, STM32U545CEU6, STM32U545CEU6Q, STM32U545JEY6QTR, STM32U545NEY6QTR, STM32U545REI6, STM32U545REI6Q, STM32U545RET6, STM32U545RET6Q, STM32U545VEI6, STM32U545VEI6Q, STM32U545VET6, STM32U545VET6Q, STM32U595AIH6, STM32U595AIH6Q, STM32U595AJH6, STM32U595AJH6Q, STM32U595QII6, STM32U595QII6Q, STM32U595QJI6, STM32U595QJI6Q, STM32U595RIT6, STM32U595RIT6Q, STM32U595RJT6, STM32U595RJT6Q, STM32U595VIT6, STM32U595VIT6Q, STM32U595VJT6, STM32U595VJT6Q, STM32U595ZIT6, STM32U595ZIT6Q, STM32U595ZIY6QTR, STM32U595ZJT6, STM32U595ZJT6Q, STM32U595ZJY6QTR, STM32U599BJY6QTR, STM32U599NIH6Q, STM32U599NJH6Q, STM32U599VIT6Q, STM32U599VJT6, STM32U599VJT6Q, STM32U599ZIT6Q, STM32U599ZIY6QTR, STM32U599ZJT6Q, STM32U599ZJY6QTR, STM32U5A5AJH6, STM32U5A5AJH6Q, STM32U5A5QJI6, STM32U5A5QJI6Q, STM32U5A5RJT6, STM32U5A5RJT6Q, STM32U5A5VJT6, STM32U5A5VJT6Q, STM32U5A5ZJT6, STM32U5A5ZJT6Q, STM32U5A5ZJY6QTR, STM32U5A9BJY6QTR, STM32U5A9J-DK, STM32U5A9NJH6Q, STM32U5A9VJT6Q, STM32U5A9ZJT6Q, STM32U5A9ZJY6QTR, STM32U5F7VIT6, STM32U5F7VIT6Q, STM32U5F7VJT6, STM32U5F7VJT6Q, STM32U5F9BJY6QTR, STM32U5F9NJH6Q, STM32U5F9VIT6Q, STM32U5F9VJT6Q, STM32U5F9ZIJ6QTR, STM32U5F9ZIT6Q, STM32U5F9ZJJ6QTR, STM32U5F9ZJT6Q, STM32U5G7VJT6, STM32U5G7VJT6Q, STM32U5G9BJY6QTR, STM32U5G9J-DK1, STM32U5G9J-DK2, STM32U5G9NJH6Q, STM32U5G9VJT6Q, STM32U5G9ZJJ6QTR, STM32U5G9ZJT6Q, STM32WB1MMCH6, STM32WBA52CEU6, STM32WBA52CEU6T, STM32WBA52CGU6, STM32WBA52CGU6T, STM32WBA52KEU6, STM32WBA52KEU6T, STM32WBA52KGU6, STM32WBA52KGU6T, STM32WL5MOCH6, STM32WL5MOCH6TR]
2023-09-24 21:45:54,108 [INFO] DbMcus:217 - Found 3848 MCUs, 3848 are supported
2023-09-24 21:45:54,109 [INFO] ApiDb:423 - Load user favorites file C:\Users\honho/.stm32cubeide/favorites.mcus.txt: 0 item(s)
2023-09-24 21:45:54,109 [INFO] ApiDb:427 - User favorites MCUs=[]
2023-09-24 21:45:54,109 [INFO] DbMcus:223 - Set 0 / 0 favorites MCUs
2023-09-24 21:45:54,258 [INFO] ApiDb:668 - CubeFinder database Data Model version=2.1
2023-09-24 21:45:54,258 [INFO] ApiDb:669 - CubeFinder database Configuration version=3.0.37
2023-09-24 21:45:54,258 [INFO] ApiDb:670 - CubeFinder database generation date=2023-08-09 (1691586011)
2023-09-24 21:45:54,258 [INFO] ApiDb:671 - CubeFinder database FW Pack versions=[FP-ATR-ASTRA1_V2.0.0, FP-SNS-FLIGHT1_V5.0.1, FP-SNS-FLIGHT1_V5.0.2, FP-SNS-MOTENV1_V4.3.1, FP-SNS-MOTENV1_V4.3.2, STM32Cube_FW_C0_V1.1.0, STM32Cube_FW_F4_V1.27.1, STM32Cube_FW_F7_V1.17.0, STM32Cube_FW_G0_V1.6.1, STM32Cube_FW_G4_V1.5.1, STM32Cube_FW_H5_V0.5.1, STM32Cube_FW_H5_V1.1.0, STM32Cube_FW_H7_V1.11.0, STM32Cube_FW_L0_V1.12.2, STM32Cube_FW_L5_V1.5.0, STM32Cube_FW_U5_V1.3.0, STM32Cube_FW_U5_V1.3.0RC4, STM32Cube_FW_WBA_V1.0.0RC1, STM32Cube_FW_WBA_V1.1.0, STM32Cube_FW_WBA_V1.1.0RC1, STM32Cube_FW_WB_V1.15.0RC1, STM32Cube_FW_WB_V1.16.0, STM32Cube_FW_WB_V1.16.0RC2, STM32Cube_FW_WB_V1.17.0, STM32Cube_FW_WL_V1.3.0, X-CUBE-ALGOBUILD_V1.3.0, X-CUBE-ALS_V1.0.1, X-CUBE-AZRTOS-F4_V1.1.0, X-CUBE-AZRTOS-F7_V1.1.0, X-CUBE-AZRTOS-G0_V1.1.0, X-CUBE-AZRTOS-G4_V2.0.0, X-CUBE-AZRTOS-H7_V3.1.0, X-CUBE-AZRTOS-L4_V1.0.0, X-CUBE-AZRTOS-L4_V2.0.0, X-CUBE-AZRTOS-L5_V1.1.0, X-CUBE-AZRTOS-WB_V1.1.0, X-CUBE-AZRTOS-WL_V2.0.0, X-CUBE-BLE1_V7.0.0, X-CUBE-BLE2_V3.3.0, X-CUBE-BLEMGR_V2.0.0, X-CUBE-EEPRMA1_V4.1.0, X-CUBE-FREERTOS_V1.1.0, X-CUBE-GNSS1_V6.0.0, X-CUBE-MEMS1_V9.1.0, X-CUBE-MEMS1_V9.4.0, X-CUBE-MEMS1_V9.6.0, X-CUBE-NFC4_V3.0.0, X-CUBE-NFC7_V1.0.0, X-CUBE-SFXS2LP1_V4.0.0, X-CUBE-SUBG2_V5.0.0, X-CUBE-TOF1_V3.3.1]
2023-09-24 21:45:54,298 [INFO] DbBoardsSqlite:226 - include board P-NUCLEO-WB55-NUCLEO as a kit item of type 'Nucleo-64'
2023-09-24 21:45:54,298 [INFO] DbBoardsSqlite:226 - include board P-NUCLEO-WB55-USBDONGLE as a kit item of type 'Nucleo USB Dongle'
2023-09-24 21:45:54,298 [INFO] DbBoardsSqlite:226 - include board STEVAL-IDP005V1 as a kit item of type 'Evaluation Board'
2023-09-24 21:45:54,298 [INFO] DbBoardsSqlite:226 - include board STEVAL-IDP005V2 as a kit item of type 'Evaluation Board'
2023-09-24 21:45:54,332 [INFO] ApiDb:240 - Found 323 in-development CPN: [B-G473E-ZEST1S, B-WB1M-WPAN1, B-WL5M-SUBG1, NUCLEO-C031C6, NUCLEO-H503RB, NUCLEO-H563ZI, NUCLEO-U545RE-Q, NUCLEO-U5A5ZJ-Q, NUCLEO-WBA52CG, STEVAL-PROTEUS1, STEVAL-SMARTAG2, STEVAL-STWINBX1, STM320518-EVAL, STM32C0116-DK, STM32C011D6Y3TR, STM32C011D6Y6TR, STM32C011F4P3, STM32C011F4P6, STM32C011F4U3, STM32C011F4U6TR, STM32C011F6P3, STM32C011F6P6, STM32C011F6U3, STM32C011F6U6TR, STM32C011J4M3, STM32C011J4M6, STM32C011J6M3, STM32C011J6M6, STM32C0316-DK, STM32C031C4T3, STM32C031C4T6, STM32C031C4U3, STM32C031C4U6, STM32C031C6T3, STM32C031C6T6, STM32C031C6U3, STM32C031C6U6, STM32C031F4P3, STM32C031F4P6, STM32C031F6P3, STM32C031F6P6, STM32C031G4U3, STM32C031G4U6, STM32C031G6U3, STM32C031G6U6, STM32C031K4T3, STM32C031K4T6, STM32C031K4U3, STM32C031K4U6, STM32C031K6T3, STM32C031K6T6, STM32C031K6U3, STM32C031K6U6, STM32G071K8TXN, STM32G071K8UXN, STM32G081GBU6N, STM32G081KBT6N, STM32G081KBUXN, STM32G0B1CCT6N, STM32G0B1KCT6, STM32G0B1NEY6TR, STM32G0B1RCT6N, STM32G0C1CCT6, STM32G0C1CCT6N, STM32G0C1CCU6N, STM32G0C1CET6N, STM32G0C1CEU6N, STM32G0C1KCT6, STM32G0C1NEY6TR, STM32G0C1RCI6N, STM32G0C1RCT6N, STM32G0C1REI6N, STM32G0C1RET6N, STM32G0C1VCI6, STM32G0C1VEI6, STM32G471CCT6, STM32G471CCU6, STM32G471CET3, STM32G471CET6, STM32G471CEU3, STM32G471CEU6, STM32G471MCT6, STM32G471MET3, STM32G471MET6, STM32G471MEY6TR, STM32G471QCT6, STM32G471QET3, STM32G471RCT6, STM32G471RET3, STM32G471RET6, STM32G471VCH6, STM32G471VCI6, STM32G471VCT6, STM32G471VEH3, STM32G471VEH6, STM32G471VEI3, STM32G471VEI6, STM32G471VET3, STM32G471VET6, STM32G474CCT6, STM32H503CBT6, STM32H503CBU6, STM32H503EBY6TR, STM32H503KBU6, STM32H503RBT6, STM32H562AGI6, STM32H562AII6, STM32H562IGK6, STM32H562IGT6, STM32H562IIK6, STM32H562IIT6, STM32H562RGT6, STM32H562RGV6, STM32H562RIT6, STM32H562RIV6, STM32H562VGT6, STM32H562VIT6, STM32H562ZGT6, STM32H562ZIT6, STM32H563AGI6, STM32H563AII3Q, STM32H563AII6, STM32H563IGK6, STM32H563IGT6, STM32H563IIK3Q, STM32H563IIK6, STM32H563IIT3Q, STM32H563IIT6, STM32H563MIY3QTR, STM32H563RGT6, STM32H563RGV6, STM32H563RIT6, STM32H563RIV6, STM32H563VGT6, STM32H563VIT3Q, STM32H563VIT6, STM32H563ZGT6, STM32H563ZIT3Q, STM32H563ZIT6, STM32H573AII3Q, STM32H573AII6, STM32H573I-DK, STM32H573IIK3Q, STM32H573IIK6, STM32H573IIT3Q, STM32H573IIT6, STM32H573MIY3QTR, STM32H573RIT6, STM32H573RIV6, STM32H573VIT3Q, STM32H573VIT6, STM32H573ZIT3Q, STM32H573ZIT6, STM32L4R5QGI6STR, STM32MP131AAE3, STM32MP131AAF3, STM32MP131AAG3, STM32MP131CAE3, STM32MP131CAF3, STM32MP131CAG3, STM32MP131DAE7, STM32MP131DAF7, STM32MP131DAG7, STM32MP131FAE7, STM32MP131FAF7, STM32MP131FAG7, STM32MP133AAE3, STM32MP133AAF3, STM32MP133AAG3, STM32MP133CAE3, STM32MP133CAF3, STM32MP133CAG3, STM32MP133DAE7, STM32MP133DAF7, STM32MP133DAG7, STM32MP133FAE7, STM32MP133FAF7, STM32MP133FAG7, STM32MP135AAE3, STM32MP135AAF3, STM32MP135AAG3, STM32MP135CAE3, STM32MP135CAF3, STM32MP135CAG3, STM32MP135DAE7, STM32MP135DAF7, STM32MP135DAG7, STM32MP135F-DK, STM32MP135FAE7, STM32MP135FAF7, STM32MP135FAF7T, STM32MP135FAF7U, STM32MP135FAG7, STM32U535CBT6, STM32U535CBT6Q, STM32U535CBU6, STM32U535CBU6Q, STM32U535CCT6, STM32U535CCT6Q, STM32U535CCU6, STM32U535CCU6Q, STM32U535CET6, STM32U535CET6Q, STM32U535CEU6, STM32U535CEU6Q, STM32U535JEY6QTR, STM32U535NCY6QTR, STM32U535NEY6QTR, STM32U535RBI6, STM32U535RBI6Q, STM32U535RBT6, STM32U535RBT6Q, STM32U535RCI6, STM32U535RCI6Q, STM32U535RCT6, STM32U535RCT6Q, STM32U535REI6, STM32U535REI6Q, STM32U535RET6, STM32U535RET6Q, STM32U535VCI6, STM32U535VCI6Q, STM32U535VCT6, STM32U535VCT6Q, STM32U535VEI6, STM32U535VEI6Q, STM32U535VET6, STM32U535VET6Q, STM32U545CET6, STM32U545CET6Q, STM32U545CEU6, STM32U545CEU6Q, STM32U545JEY6QTR, STM32U545NEY6QTR, STM32U545REI6, STM32U545REI6Q, STM32U545RET6, STM32U545RET6Q, STM32U545VEI6, STM32U545VEI6Q, STM32U545VET6, STM32U545VET6Q, STM32U595AIH6, STM32U595AIH6Q, STM32U595AJH6, STM32U595AJH6Q, STM32U595QII6, STM32U595QII6Q, STM32U595QJI6, STM32U595QJI6Q, STM32U595RIT6, STM32U595RIT6Q, STM32U595RJT6, STM32U595RJT6Q, STM32U595VIT6, STM32U595VIT6Q, STM32U595VJT6, STM32U595VJT6Q, STM32U595ZIT6, STM32U595ZIT6Q, STM32U595ZIY6QTR, STM32U595ZJT6, STM32U595ZJT6Q, STM32U595ZJY6QTR, STM32U599BJY6QTR, STM32U599NIH6Q, STM32U599NJH6Q, STM32U599VIT6Q, STM32U599VJT6, STM32U599VJT6Q, STM32U599ZIT6Q, STM32U599ZIY6QTR, STM32U599ZJT6Q, STM32U599ZJY6QTR, STM32U5A5AJH6, STM32U5A5AJH6Q, STM32U5A5QJI6, STM32U5A5QJI6Q, STM32U5A5RJT6, STM32U5A5RJT6Q, STM32U5A5VJT6, STM32U5A5VJT6Q, STM32U5A5ZJT6, STM32U5A5ZJT6Q, STM32U5A5ZJY6QTR, STM32U5A9BJY6QTR, STM32U5A9J-DK, STM32U5A9NJH6Q, STM32U5A9VJT6Q, STM32U5A9ZJT6Q, STM32U5A9ZJY6QTR, STM32U5F7VIT6, STM32U5F7VIT6Q, STM32U5F7VJT6, STM32U5F7VJT6Q, STM32U5F9BJY6QTR, STM32U5F9NJH6Q, STM32U5F9VIT6Q, STM32U5F9VJT6Q, STM32U5F9ZIJ6QTR, STM32U5F9ZIT6Q, STM32U5F9ZJJ6QTR, STM32U5F9ZJT6Q, STM32U5G7VJT6, STM32U5G7VJT6Q, STM32U5G9BJY6QTR, STM32U5G9J-DK1, STM32U5G9J-DK2, STM32U5G9NJH6Q, STM32U5G9VJT6Q, STM32U5G9ZJJ6QTR, STM32U5G9ZJT6Q, STM32WB1MMCH6, STM32WBA52CEU6, STM32WBA52CEU6T, STM32WBA52CGU6, STM32WBA52CGU6T, STM32WBA52KEU6, STM32WBA52KEU6T, STM32WBA52KGU6, STM32WBA52KGU6T, STM32WL5MOCH6, STM32WL5MOCH6TR]
2023-09-24 21:45:54,417 [INFO] BoardInfo:880 - No configuration file found for board P-NUCLEO-WB55
2023-09-24 21:45:54,417 [INFO] DbBoards:157 - Kit is not supported: P-NUCLEO-WB55
2023-09-24 21:45:54,420 [INFO] BoardInfo:880 - No configuration file found for board STEVAL-BFA001V1B
2023-09-24 21:45:54,420 [INFO] DbBoards:157 - Kit is not supported: STEVAL-BFA001V1B
2023-09-24 21:45:54,421 [INFO] BoardInfo:880 - No configuration file found for board STEVAL-BFA001V2B
2023-09-24 21:45:54,421 [INFO] DbBoards:157 - Kit is not supported: STEVAL-BFA001V2B
2023-09-24 21:45:54,493 [INFO] DbBoards:161 - Found 190 boards, 187 are supported
2023-09-24 21:45:54,495 [INFO] ApiDb:423 - Load user favorites file C:\Users\honho/.stm32cubeide/favorites.boards.txt: 0 item(s)
2023-09-24 21:45:54,495 [INFO] ApiDb:427 - User favorites Boards=[]
2023-09-24 21:45:54,495 [INFO] DbBoards:190 - Set 0 / 0 favorites Boards
2023-09-24 21:45:54,498 [INFO] ApiDb:668 - CubeFinder database Data Model version=2.1
2023-09-24 21:45:54,498 [INFO] ApiDb:669 - CubeFinder database Configuration version=3.0.37
2023-09-24 21:45:54,498 [INFO] ApiDb:670 - CubeFinder database generation date=2023-08-09 (1691586011)
2023-09-24 21:45:54,498 [INFO] ApiDb:671 - CubeFinder database FW Pack versions=[FP-ATR-ASTRA1_V2.0.0, FP-SNS-FLIGHT1_V5.0.1, FP-SNS-FLIGHT1_V5.0.2, FP-SNS-MOTENV1_V4.3.1, FP-SNS-MOTENV1_V4.3.2, STM32Cube_FW_C0_V1.1.0, STM32Cube_FW_F4_V1.27.1, STM32Cube_FW_F7_V1.17.0, STM32Cube_FW_G0_V1.6.1, STM32Cube_FW_G4_V1.5.1, STM32Cube_FW_H5_V0.5.1, STM32Cube_FW_H5_V1.1.0, STM32Cube_FW_H7_V1.11.0, STM32Cube_FW_L0_V1.12.2, STM32Cube_FW_L5_V1.5.0, STM32Cube_FW_U5_V1.3.0, STM32Cube_FW_U5_V1.3.0RC4, STM32Cube_FW_WBA_V1.0.0RC1, STM32Cube_FW_WBA_V1.1.0, STM32Cube_FW_WBA_V1.1.0RC1, STM32Cube_FW_WB_V1.15.0RC1, STM32Cube_FW_WB_V1.16.0, STM32Cube_FW_WB_V1.16.0RC2, STM32Cube_FW_WB_V1.17.0, STM32Cube_FW_WL_V1.3.0, X-CUBE-ALGOBUILD_V1.3.0, X-CUBE-ALS_V1.0.1, X-CUBE-AZRTOS-F4_V1.1.0, X-CUBE-AZRTOS-F7_V1.1.0, X-CUBE-AZRTOS-G0_V1.1.0, X-CUBE-AZRTOS-G4_V2.0.0, X-CUBE-AZRTOS-H7_V3.1.0, X-CUBE-AZRTOS-L4_V1.0.0, X-CUBE-AZRTOS-L4_V2.0.0, X-CUBE-AZRTOS-L5_V1.1.0, X-CUBE-AZRTOS-WB_V1.1.0, X-CUBE-AZRTOS-WL_V2.0.0, X-CUBE-BLE1_V7.0.0, X-CUBE-BLE2_V3.3.0, X-CUBE-BLEMGR_V2.0.0, X-CUBE-EEPRMA1_V4.1.0, X-CUBE-FREERTOS_V1.1.0, X-CUBE-GNSS1_V6.0.0, X-CUBE-MEMS1_V9.1.0, X-CUBE-MEMS1_V9.4.0, X-CUBE-MEMS1_V9.6.0, X-CUBE-NFC4_V3.0.0, X-CUBE-NFC7_V1.0.0, X-CUBE-SFXS2LP1_V4.0.0, X-CUBE-SUBG2_V5.0.0, X-CUBE-TOF1_V3.3.1]
2023-09-24 21:45:55,030 [INFO] DbExamplesSqlite:395 - Ignored 27 examples not supported by CubeIDE
2023-09-24 21:45:55,031 [INFO] DbExamplesSqlite:396 - Found 7231 examples active
2023-09-24 21:45:55,031 [INFO] DbExamplesSqlite:397 - Found 677 examples obsolete
2023-09-24 21:45:55,031 [INFO] DbExamplesSqlite:398 - Found 0 examples under development
2023-09-24 21:45:55,031 [INFO] DbExamplesSqlite:399 - Found 74 examples not building
2023-09-24 21:45:55,033 [INFO] DbExamples:125 - Found 7278 examples
2023-09-24 21:45:55,042 [INFO] DbExamples:222 - Found 92 boards with related examples
2023-09-24 21:45:55,043 [INFO] DbExamples:235 - Found 78 MCUs with related examples
2023-09-24 21:45:55,059 [INFO] ApiDb:423 - Load user favorites file C:\Users\honho/.stm32cubeide/favorites.examples.txt: 0 item(s)
2023-09-24 21:45:55,059 [INFO] ApiDb:427 - User favorites Examples=[]
2023-09-24 21:45:55,059 [INFO] DbExamples:250 - Set 0 / 0 favorites Examples
2023-09-24 21:45:55,334 [INFO] McuFinderGlobals:76 - Set McuFinderConnectedMode to true
2023-09-24 21:45:55,341 [INFO] MultiScanPanel:200 - Auto-refresh data requested => check proxy status ongoing
2023-09-24 21:45:55,345 [INFO] FinderPluginLoader:95 - Searching for filters in installed packs
2023-09-24 21:45:56,458 [INFO] LoadUrlFilesThread:185 - End of LoadServerUrlFiles without Thread
2023-09-24 21:45:56,463 [INFO] DetailPanel:341 - Set advertising image to C:/Users/honho/STM32Cube/Repository/\en.prom-stm32h5-mcu-finder.jpg
2023-09-24 21:47:35,284 [INFO] MainUpdater:2868 - connection check result : 10
2023-09-24 21:47:35,284 [INFO] MainUpdater:2868 - connection check result : 10
2023-09-24 21:47:43,686 [INFO] MicroXplorer:468 - Change Database Path : 
2023-09-24 21:47:43,686 [INFO] MicroXplorer:498 - Change Database Version : DB.6.0.90
2023-09-24 21:47:43,689 [WARN] ThirdParty:871 - waiting for thirdparty lock release [close project]
2023-09-24 21:47:43,689 [INFO] ThirdParty:873 - entering critical section [close project]
2023-09-24 21:47:43,690 [INFO] ThirdParty:883 - exiting critical section [close project]
2023-09-24 21:47:43,691 [INFO] PinOutPanel:1499 - setPackage(No Configuration,No Configuration)
2023-09-24 21:47:43,694 [INFO] UtilMem:75 - Begin LoadConfig() Used Memory: 529119952 Bytes (825229312)
2023-09-24 21:47:43,695 [INFO] MicroXplorer:468 - Change Database Path : 
2023-09-24 21:47:43,695 [INFO] MicroXplorer:498 - Change Database Version : DB.6.0.90
2023-09-24 21:47:43,695 [INFO] OpenFileManager:308 - Change cursor
2023-09-24 21:47:43,727 [INFO] Mcu:1946 - Initializing MCU STM32F767ZITx STM32F767ZITx STM32F767ZIT6
2023-09-24 21:47:46,023 [INFO] Context:659 - Trying to add GPIOservice into a context  which must be forbidden
2023-09-24 21:47:46,485 [INFO] ImportTextPane:194 - (OptionalMessage_ERROR) Unable to find key (Mcu.ThirdPartyNb) in loaded IOC file
2023-09-24 21:47:46,485 [INFO] ImportTextPane:194 - (OptionalMessage_ERROR) Unable to find key (Mcu.PinsNb) in loaded IOC file
2023-09-24 21:47:46,485 [INFO] ImportTextPane:194 - (OptionalMessage_ERROR) Unable to find key (Mcu.IPNb) in loaded IOC file
2023-09-24 21:47:46,638 [INFO] RtosManager:555 - Registered RTOS mode: class=CMSIS, group=RTOS, mode=CMSIS_V1, owner=FREERTOS
2023-09-24 21:47:46,639 [INFO] RtosManager:555 - Registered RTOS mode: class=CMSIS, group=RTOS2, mode=CMSIS_V2, owner=FREERTOS
2023-09-24 21:47:46,639 [INFO] RtosManager:555 - Registered RTOS mode: class=RTOS, group=Core, mode=CMSIS_V1, owner=FREERTOS
2023-09-24 21:47:46,639 [INFO] RtosManager:555 - Registered RTOS mode: class=RTOS, group=Core, mode=CMSIS_V2, owner=FREERTOS
2023-09-24 21:47:46,639 [WARN] ModelIntegratedComponent:184 - Missing modes for component STMicroelectronics:FreeRTOS:0.0.1:STMicroelectronics:RTOS:FreeRTOS:Core:::10.2.0:
2023-09-24 21:47:46,649 [WARN] ModelIntegratedComponent:63 - No mode defined for component null
2023-09-24 21:47:46,649 [WARN] ModelIntegratedComponent:63 - No mode defined for component null
2023-09-24 21:47:46,649 [WARN] ModelIntegratedComponent:63 - No mode defined for component null
2023-09-24 21:47:46,649 [WARN] ModelIntegratedComponent:63 - No mode defined for component null
2023-09-24 21:47:46,649 [WARN] ModelIntegratedComponent:63 - No mode defined for component null
2023-09-24 21:47:46,649 [WARN] ModelIntegratedComponent:63 - No mode defined for component null
2023-09-24 21:47:46,649 [WARN] ModelIntegratedComponent:63 - No mode defined for component null
2023-09-24 21:47:46,649 [WARN] ModelIntegratedComponent:63 - No mode defined for component null
2023-09-24 21:47:46,649 [WARN] ModelIntegratedComponent:63 - No mode defined for component null
2023-09-24 21:47:46,649 [WARN] ModelIntegratedComponent:63 - No mode defined for component null
2023-09-24 21:47:46,649 [WARN] ModelIntegratedComponent:63 - No mode defined for component null
2023-09-24 21:47:46,650 [WARN] ModelIntegratedComponent:63 - No mode defined for component null
2023-09-24 21:47:46,650 [WARN] ModelIntegratedComponent:63 - No mode defined for component null
2023-09-24 21:47:46,650 [WARN] ModelIntegratedComponent:63 - No mode defined for component null
2023-09-24 21:47:46,650 [WARN] ModelIntegratedComponent:63 - No mode defined for component null
2023-09-24 21:47:46,650 [WARN] ModelIntegratedComponent:63 - No mode defined for component null
2023-09-24 21:47:46,650 [WARN] ModelIntegratedComponent:63 - No mode defined for component null
2023-09-24 21:47:46,650 [WARN] ModelIntegratedComponent:63 - No mode defined for component null
2023-09-24 21:47:46,650 [WARN] ModelIntegratedComponent:63 - No mode defined for component null
2023-09-24 21:47:46,650 [WARN] ModelIntegratedComponent:63 - No mode defined for component null
2023-09-24 21:47:46,650 [WARN] ModelIntegratedComponent:63 - No mode defined for component null
2023-09-24 21:47:46,650 [WARN] ModelIntegratedComponent:63 - No mode defined for component null
2023-09-24 21:47:46,650 [WARN] ModelIntegratedComponent:63 - No mode defined for component null
2023-09-24 21:47:46,650 [WARN] ModelIntegratedComponent:63 - No mode defined for component null
2023-09-24 21:47:46,650 [WARN] ModelIntegratedComponent:63 - No mode defined for component null
2023-09-24 21:47:46,650 [WARN] ModelIntegratedComponent:63 - No mode defined for component null
2023-09-24 21:47:46,650 [WARN] ModelIntegratedComponent:63 - No mode defined for component null
2023-09-24 21:47:46,650 [WARN] ModelIntegratedComponent:63 - No mode defined for component null
2023-09-24 21:47:46,650 [WARN] ModelIntegratedComponent:63 - No mode defined for component null
2023-09-24 21:47:46,650 [WARN] ModelIntegratedComponent:63 - No mode defined for component null
2023-09-24 21:47:46,650 [WARN] ModelIntegratedComponent:63 - No mode defined for component null
2023-09-24 21:47:46,650 [WARN] ModelIntegratedComponent:63 - No mode defined for component null
2023-09-24 21:47:46,650 [WARN] ModelIntegratedComponent:63 - No mode defined for component null
2023-09-24 21:47:46,672 [INFO] ThirdPartyModel:298 - Start build external matchings
2023-09-24 21:47:46,874 [INFO] ThirdPartyModel:316 - End build external matchings
2023-09-24 21:47:47,299 [INFO] UtilMem:75 - End LoadConfig() Used Memory: 699657136 Bytes (1073741824)
2023-09-24 21:47:47,348 [WARN] ThirdParty:833 - waiting for thirdparty lock release [change project]
2023-09-24 21:47:47,348 [INFO] ThirdParty:835 - entering critical section [change project]
2023-09-24 21:47:47,349 [INFO] ThirdParty:1030 - CMSIS Pack Vendor :STMicroelectronics X-CUBE-ISPU 1.1.0
2023-09-24 21:47:47,349 [INFO] ThirdParty:1030 - CMSIS Pack Vendor :STMicroelectronics USBPD 4.1
2023-09-24 21:47:47,349 [INFO] ThirdParty:1030 - CMSIS Pack Vendor :STMicroelectronics X-CUBE-GNSS1 6.0.0
2023-09-24 21:47:47,349 [INFO] ThirdParty:1030 - CMSIS Pack Vendor :STMicroelectronics USB_HOST 2.0.0
2023-09-24 21:47:47,349 [INFO] ThirdParty:1030 - CMSIS Pack Vendor :STMicroelectronics X-CUBE-AZRTOS-F4 1.1.0
2023-09-24 21:47:47,349 [INFO] ThirdParty:1030 - CMSIS Pack Vendor :STMicroelectronics LIBJPEG 8.0.0
2023-09-24 21:47:47,349 [INFO] ThirdParty:1030 - CMSIS Pack Vendor :wolfSSL I-CUBE-wolfSSL 5.6.3
2023-09-24 21:47:47,349 [INFO] ThirdParty:1030 - CMSIS Pack Vendor :STMicroelectronics X-CUBE-SMBUS 2.1.0
2023-09-24 21:47:47,349 [INFO] ThirdParty:1030 - CMSIS Pack Vendor :STMicroelectronics USB_DEVICE 3.0.0
2023-09-24 21:47:47,349 [INFO] ThirdParty:1030 - CMSIS Pack Vendor :STMicroelectronics X-CUBE-AZRTOS-WB 2.0.0
2023-09-24 21:47:47,349 [INFO] ThirdParty:1030 - CMSIS Pack Vendor :STMicroelectronics X-CUBE-FREERTOS 1.0.1
2023-09-24 21:47:47,349 [INFO] ThirdParty:1030 - CMSIS Pack Vendor :STMicroelectronics X-CUBE-AZRTOS-F7 1.1.0
2023-09-24 21:47:47,349 [INFO] ThirdParty:1030 - CMSIS Pack Vendor :STMicroelectronics X-CUBE-AZRTOS-L5 2.0.0
2023-09-24 21:47:47,349 [INFO] ThirdParty:1030 - CMSIS Pack Vendor :STMicroelectronics USB_DEVICE 2.0.0
2023-09-24 21:47:47,349 [INFO] ThirdParty:1030 - CMSIS Pack Vendor :STMicroelectronics X-CUBE-MEMS1 9.6.0
2023-09-24 21:47:47,349 [INFO] ThirdParty:1030 - CMSIS Pack Vendor :STMicroelectronics FP-SNS-MOTENV1 4.3.2
2023-09-24 21:47:47,349 [INFO] ThirdParty:1030 - CMSIS Pack Vendor :STMicroelectronics X-CUBE-ALGOBUILD 1.3.0
2023-09-24 21:47:47,349 [INFO] ThirdParty:1030 - CMSIS Pack Vendor :STMicroelectronics X-CUBE-BLE1 6.2.4
2023-09-24 21:47:47,349 [INFO] ThirdParty:1030 - CMSIS Pack Vendor :STMicroelectronics X-CUBE-AZRTOS-L5 1.1.0
2023-09-24 21:47:47,349 [INFO] ThirdParty:1030 - CMSIS Pack Vendor :STMicroelectronics FreeRTOS 0.0.1
2023-09-24 21:47:47,349 [INFO] ThirdParty:1030 - CMSIS Pack Vendor :STMicroelectronics X-CUBE-AZRTOS-G0 1.1.0
2023-09-24 21:47:47,349 [INFO] ThirdParty:1030 - CMSIS Pack Vendor :STMicroelectronics X-CUBE-BLEMGR 2.0.0
2023-09-24 21:47:47,349 [INFO] ThirdParty:1030 - CMSIS Pack Vendor :STMicroelectronics X-CUBE-NFC4 3.0.0
2023-09-24 21:47:47,349 [INFO] ThirdParty:1030 - CMSIS Pack Vendor :STMicroelectronics X-CUBE-SUBG2 5.0.0
2023-09-24 21:47:47,349 [INFO] ThirdParty:1030 - CMSIS Pack Vendor :STMicroelectronics STM32_WPAN 1.0.0
2023-09-24 21:47:47,349 [INFO] ThirdParty:1030 - CMSIS Pack Vendor :STMicroelectronics lwIP 2.0.3
2023-09-24 21:47:47,349 [INFO] ThirdParty:1030 - CMSIS Pack Vendor :STMicroelectronics FP-SNS-FLIGHT1 5.0.2
2023-09-24 21:47:47,349 [INFO] ThirdParty:1030 - CMSIS Pack Vendor :STMicroelectronics USB_HOST 1.0.0
2023-09-24 21:47:47,349 [INFO] ThirdParty:1030 - CMSIS Pack Vendor :STMicroelectronics X-CUBE-TOF1 3.3.1
2023-09-24 21:47:47,349 [INFO] ThirdParty:1030 - CMSIS Pack Vendor :STMicroelectronics X-CUBE-AZRTOS-G4 2.0.0
2023-09-24 21:47:47,349 [INFO] ThirdParty:1030 - CMSIS Pack Vendor :STMicroelectronics PDM2PCM 3.1.0
2023-09-24 21:47:47,349 [INFO] ThirdParty:1030 - CMSIS Pack Vendor :STMicroelectronics X-CUBE-AZRTOS-H7 3.1.0
2023-09-24 21:47:47,349 [INFO] ThirdParty:1030 - CMSIS Pack Vendor :STMicroelectronics PDM2PCM 3.3.0
2023-09-24 21:47:47,349 [INFO] ThirdParty:1030 - CMSIS Pack Vendor :STMicroelectronics X-CUBE-DISPLAY 3.0.0
2023-09-24 21:47:47,349 [INFO] ThirdParty:1030 - CMSIS Pack Vendor :STMicroelectronics X-CUBE-BLE1 7.0.0
2023-09-24 21:47:47,350 [INFO] ThirdParty:1030 - CMSIS Pack Vendor :STMicroelectronics FP-ATR-SIGFOX1 3.2.0
2023-09-24 21:47:47,350 [INFO] ThirdParty:1030 - CMSIS Pack Vendor :STMicroelectronics HAL Drivers 0.0.0
2023-09-24 21:47:47,350 [INFO] ThirdParty:1030 - CMSIS Pack Vendor :STMicroelectronics MBEDTLS 2.16.2
2023-09-24 21:47:47,350 [INFO] ThirdParty:1030 - CMSIS Pack Vendor :emotas I-CUBE-CANOPEN 1.3.0
2023-09-24 21:47:47,350 [INFO] ThirdParty:1030 - CMSIS Pack Vendor :STMicroelectronics X-CUBE-FREERTOS 1.1.0
2023-09-24 21:47:47,350 [INFO] ThirdParty:1030 - CMSIS Pack Vendor :STMicroelectronics X-CUBE-TOUCHGFX 4.22.0
2023-09-24 21:47:47,350 [INFO] ThirdParty:1030 - CMSIS Pack Vendor :STMicroelectronics X-CUBE-NFC7 1.0.1
2023-09-24 21:47:47,350 [INFO] ThirdParty:1030 - CMSIS Pack Vendor :STMicroelectronics MBEDTLS 2.14.1
2023-09-24 21:47:47,350 [INFO] ThirdParty:1030 - CMSIS Pack Vendor :STMicroelectronics X-CUBE-NFC6 3.0.0
2023-09-24 21:47:47,350 [INFO] ThirdParty:1030 - CMSIS Pack Vendor :STMicroelectronics X-CUBE-EEPRMA1 4.1.0
2023-09-24 21:47:47,350 [INFO] ThirdParty:1030 - CMSIS Pack Vendor :portGmbH I-Cube-SoM-uGOAL 1.1.0
2023-09-24 21:47:47,350 [INFO] ThirdParty:1030 - CMSIS Pack Vendor :STMicroelectronics X-CUBE-ALS 1.0.1
2023-09-24 21:47:47,350 [INFO] ThirdParty:1030 - CMSIS Pack Vendor :STMicroelectronics ThreadX 1.0.0
2023-09-24 21:47:47,350 [INFO] ThirdParty:1030 - CMSIS Pack Vendor :STMicroelectronics FP-SNS-SMARTAG2 1.2.0
2023-09-24 21:47:47,350 [INFO] ThirdParty:1030 - CMSIS Pack Vendor :STMicroelectronics X-CUBE-AZRTOS-WB 1.1.0
2023-09-24 21:47:47,350 [INFO] ThirdParty:1030 - CMSIS Pack Vendor :STMicroelectronics X-CUBE-AZRTOS-WL 2.0.0
2023-09-24 21:47:47,350 [INFO] ThirdParty:1030 - CMSIS Pack Vendor :SEGGER I-CUBE-embOS 1.3.1
2023-09-24 21:47:47,350 [INFO] ThirdParty:1030 - CMSIS Pack Vendor :STMicroelectronics USB_DEVICE 1.0.0
2023-09-24 21:47:47,350 [INFO] ThirdParty:1030 - CMSIS Pack Vendor :STMicroelectronics X-CUBE-AI 8.1.0
2023-09-24 21:47:47,350 [INFO] ThirdParty:1030 - CMSIS Pack Vendor :STMicroelectronics X-CUBE-AZRTOS-L4 2.0.0
2023-09-24 21:47:47,350 [INFO] ThirdParty:1030 - CMSIS Pack Vendor :STMicroelectronics ThreadX 0.0.2
2023-09-24 21:47:47,350 [INFO] ThirdParty:1030 - CMSIS Pack Vendor :WES I-CUBE-Cesium 1.3.0
2023-09-24 21:47:47,350 [INFO] ThirdParty:1030 - CMSIS Pack Vendor :STMicroelectronics FP-ATR-ASTRA1 2.0.0
2023-09-24 21:47:47,350 [INFO] ThirdParty:1030 - CMSIS Pack Vendor :STMicroelectronics lwIP 2.1.2
2023-09-24 21:47:47,350 [INFO] ThirdParty:1030 - CMSIS Pack Vendor :STMicroelectronics X-CUBE-SFXS2LP1 4.0.0
2023-09-24 21:47:47,350 [INFO] ThirdParty:1030 - CMSIS Pack Vendor :STMicroelectronics X-CUBE-BLE2 3.3.0
2023-09-24 21:47:47,350 [INFO] ThirdParty:1030 - CMSIS Pack Vendor :STMicroelectronics PDM2PCM 3.2.0
2023-09-24 21:47:47,350 [INFO] ThirdParty:841 - exiting critical section [change project]
2023-09-24 21:47:47,683 [INFO] PinOutPanel:1499 - setPackage(No Configuration,No Configuration)
2023-09-24 21:47:47,684 [INFO] PinOutPanel:1499 - setPackage(STM32F767ZITx,LQFP144)
2023-09-24 21:47:48,201 [INFO] UtilMem:75 - Before build in PCC Used Memory: 576406736 Bytes (1073741824)
2023-09-24 21:47:49,388 [INFO] UtilMem:75 - After build in PCC Used Memory: 640892112 Bytes (1073741824)
2023-09-24 21:47:49,422 [INFO] IPUIPlugin:80 - create IPUIPlugin
2023-09-24 21:47:49,422 [INFO] IPUIPlugin:80 - create IPUIPlugin
2023-09-24 21:47:49,422 [INFO] IPUIPlugin:80 - create IPUIPlugin
2023-09-24 21:47:49,422 [INFO] IPUIPlugin:80 - create IPUIPlugin
2023-09-24 21:47:49,423 [INFO] IPUIPlugin:80 - create IPUIPlugin
2023-09-24 21:47:49,423 [INFO] IPUIPlugin:80 - create IPUIPlugin
2023-09-24 21:47:49,423 [INFO] IPUIPlugin:80 - create IPUIPlugin
2023-09-24 21:47:49,423 [INFO] IPUIPlugin:80 - create IPUIPlugin
2023-09-24 21:47:49,423 [INFO] IPUIPlugin:80 - create IPUIPlugin
2023-09-24 21:47:49,423 [INFO] IPUIPlugin:80 - create IPUIPlugin
2023-09-24 21:47:49,423 [INFO] IPUIPlugin:80 - create IPUIPlugin
2023-09-24 21:47:49,423 [INFO] IPUIPlugin:80 - create IPUIPlugin
2023-09-24 21:47:49,423 [INFO] IPUIPlugin:80 - create IPUIPlugin
2023-09-24 21:47:49,424 [INFO] IPUIPlugin:80 - create IPUIPlugin
2023-09-24 21:47:49,424 [INFO] IPUIPlugin:80 - create IPUIPlugin
2023-09-24 21:47:49,424 [INFO] IPUIPlugin:80 - create IPUIPlugin
2023-09-24 21:47:49,424 [INFO] IPUIPlugin:80 - create IPUIPlugin
2023-09-24 21:47:49,424 [INFO] IPUIPlugin:80 - create IPUIPlugin
2023-09-24 21:47:49,424 [INFO] IPUIPlugin:80 - create IPUIPlugin
2023-09-24 21:47:49,424 [INFO] IPUIPlugin:80 - create IPUIPlugin
2023-09-24 21:47:49,424 [INFO] IPUIPlugin:80 - create IPUIPlugin
2023-09-24 21:47:49,424 [INFO] IPUIPlugin:80 - create IPUIPlugin
2023-09-24 21:47:49,424 [INFO] IPUIPlugin:80 - create IPUIPlugin
2023-09-24 21:47:49,424 [INFO] IPUIPlugin:80 - create IPUIPlugin
2023-09-24 21:47:49,424 [INFO] IPUIPlugin:80 - create IPUIPlugin
2023-09-24 21:47:49,424 [INFO] IPUIPlugin:80 - create IPUIPlugin
2023-09-24 21:47:49,425 [INFO] IPUIPlugin:80 - create IPUIPlugin
2023-09-24 21:47:49,425 [INFO] IPUIPlugin:80 - create IPUIPlugin
2023-09-24 21:47:49,425 [INFO] IPUIPlugin:80 - create IPUIPlugin
2023-09-24 21:47:49,425 [INFO] IPUIPlugin:80 - create IPUIPlugin
2023-09-24 21:47:49,425 [INFO] IPUIPlugin:80 - create IPUIPlugin
2023-09-24 21:47:49,425 [INFO] IPUIPlugin:80 - create IPUIPlugin
2023-09-24 21:47:49,425 [INFO] IPUIPlugin:80 - create IPUIPlugin
2023-09-24 21:47:49,426 [INFO] IPUIPlugin:80 - create IPUIPlugin
2023-09-24 21:47:49,426 [INFO] IPUIPlugin:80 - create IPUIPlugin
2023-09-24 21:47:49,426 [INFO] IPUIPlugin:80 - create IPUIPlugin
2023-09-24 21:47:49,426 [INFO] IPUIPlugin:80 - create IPUIPlugin
2023-09-24 21:47:49,427 [INFO] IPUIPlugin:80 - create IPUIPlugin
2023-09-24 21:47:49,427 [INFO] IPUIPlugin:80 - create IPUIPlugin
2023-09-24 21:47:49,427 [INFO] IPUIPlugin:80 - create IPUIPlugin
2023-09-24 21:47:49,428 [INFO] IPUIPlugin:80 - create IPUIPlugin
2023-09-24 21:47:49,428 [INFO] IPUIPlugin:80 - create IPUIPlugin
2023-09-24 21:47:49,428 [INFO] IPUIPlugin:80 - create IPUIPlugin
2023-09-24 21:47:49,428 [INFO] IPUIPlugin:80 - create IPUIPlugin
2023-09-24 21:47:49,428 [INFO] IPUIPlugin:80 - create IPUIPlugin
2023-09-24 21:47:49,429 [INFO] IPUIPlugin:80 - create IPUIPlugin
2023-09-24 21:47:49,429 [INFO] IPUIPlugin:80 - create IPUIPlugin
2023-09-24 21:47:49,429 [INFO] IPUIPlugin:80 - create IPUIPlugin
2023-09-24 21:47:49,429 [INFO] IPUIPlugin:80 - create IPUIPlugin
2023-09-24 21:47:49,429 [INFO] IPUIPlugin:80 - create IPUIPlugin
2023-09-24 21:47:49,430 [INFO] IPUIPlugin:80 - create IPUIPlugin
2023-09-24 21:47:49,430 [INFO] IPUIPlugin:80 - create IPUIPlugin
2023-09-24 21:47:49,430 [INFO] IPUIPlugin:80 - create IPUIPlugin
2023-09-24 21:47:49,430 [INFO] IPUIPlugin:80 - create IPUIPlugin
2023-09-24 21:47:49,430 [INFO] IPUIPlugin:80 - create IPUIPlugin
2023-09-24 21:47:49,430 [INFO] IPUIPlugin:80 - create IPUIPlugin
2023-09-24 21:47:49,431 [INFO] IPUIPlugin:80 - create IPUIPlugin
2023-09-24 21:47:49,431 [INFO] IPUIPlugin:80 - create IPUIPlugin
2023-09-24 21:47:49,431 [INFO] IPUIPlugin:80 - create IPUIPlugin
2023-09-24 21:47:49,431 [INFO] IPUIPlugin:80 - create IPUIPlugin
2023-09-24 21:47:49,431 [INFO] IPUIPlugin:80 - create IPUIPlugin
2023-09-24 21:47:49,432 [INFO] IPUIPlugin:80 - create IPUIPlugin
2023-09-24 21:47:49,432 [INFO] IPUIPlugin:80 - create IPUIPlugin
2023-09-24 21:47:49,432 [INFO] IPUIPlugin:80 - create IPUIPlugin
2023-09-24 21:47:49,432 [INFO] IPUIPlugin:80 - create IPUIPlugin
2023-09-24 21:47:49,432 [INFO] IPUIPlugin:80 - create IPUIPlugin
2023-09-24 21:47:49,432 [INFO] IPUIPlugin:80 - create IPUIPlugin
2023-09-24 21:47:49,433 [INFO] IPUIPlugin:80 - create IPUIPlugin
2023-09-24 21:47:49,433 [INFO] IPUIPlugin:80 - create IPUIPlugin
2023-09-24 21:47:49,433 [INFO] IPUIPlugin:80 - create IPUIPlugin
2023-09-24 21:47:49,433 [INFO] IPUIPlugin:80 - create IPUIPlugin
2023-09-24 21:47:49,434 [INFO] IPUIPlugin:80 - create IPUIPlugin
2023-09-24 21:47:49,434 [INFO] IPUIPlugin:80 - create IPUIPlugin
2023-09-24 21:47:49,434 [INFO] IPUIPlugin:80 - create IPUIPlugin
2023-09-24 21:47:49,434 [INFO] IPUIPlugin:80 - create IPUIPlugin
2023-09-24 21:47:49,435 [INFO] IPUIPlugin:80 - create IPUIPlugin
2023-09-24 21:47:49,435 [INFO] IPUIPlugin:80 - create IPUIPlugin
2023-09-24 21:47:49,435 [INFO] IPUIPlugin:80 - create IPUIPlugin
2023-09-24 21:47:49,436 [INFO] IPUIPlugin:80 - create IPUIPlugin
2023-09-24 21:47:49,776 [INFO] ApiDbMcu:507 - Load IP Config File for PDM2PCM
2023-09-24 21:47:49,980 [INFO] CADModel:165 - CPN selected for project levelSTM32F767ZIT6
2023-09-24 21:47:49,981 [INFO] CADModel:114 - Register for checkConnection events
2023-09-24 21:47:50,042 [INFO] OpenFileManager:328 - Restore cursor
2023-09-24 21:47:51,417 [INFO] UtilMem:75 - End SaveConfig() Used Memory: 848343592 Bytes (1073741824)
2023-09-24 21:47:51,482 [INFO] UtilMem:75 - End SaveConfig() Used Memory: 879771232 Bytes (1073741824)
2023-09-24 21:47:51,879 [INFO] BlockDiagram:2759 - set Specific Code input for plugin: RCC
2023-09-24 21:47:51,879 [INFO] BlockDiagram:2759 - set Specific Code input for plugin: NVIC
2023-09-24 21:47:51,879 [INFO] BlockDiagram:2759 - set Specific Code input for plugin: CORTEX_M7
2023-09-24 21:47:51,882 [INFO] CodeGenerator:799 - code generatio: config db path: C:\ST\STM32CubeIDE_1.13.0\STM32CubeIDE\plugins\com.st.stm32cube.common.mx_6.9.0.202307051724\\db\
2023-09-24 21:47:52,151 [INFO] CodeEngine:255 - oldGeneratedFile, C:\Users\honho\STM32CubeIDE\MAD_Lab\Lab7\MXTmpFiles\license.tmp_save
2023-09-24 21:47:52,433 [INFO] CodeEngine:279 - Generated code: C:\Users\honho\STM32CubeIDE\MAD_Lab\Lab7\MXTmpFiles\license.tmp
2023-09-24 21:47:52,563 [INFO] CodeEngine:255 - oldGeneratedFile, C:\Users\honho\STM32CubeIDE\MAD_Lab\Lab7\MXTmpFiles\cortex.tmp_save
2023-09-24 21:47:52,709 [INFO] CodeEngine:279 - Generated code: C:\Users\honho\STM32CubeIDE\MAD_Lab\Lab7\MXTmpFiles\cortex.tmp
2023-09-24 21:47:52,724 [INFO] CodeEngine:255 - oldGeneratedFile, C:\Users\honho\STM32CubeIDE\MAD_Lab\Lab7\Core\Src\stm32f7xx_it.c_save
2023-09-24 21:47:52,878 [INFO] CodeEngine:279 - Generated code: C:\Users\honho\STM32CubeIDE\MAD_Lab\Lab7\Core\Src\stm32f7xx_it.c
2023-09-24 21:47:52,888 [INFO] CodeEngine:255 - oldGeneratedFile, C:\Users\honho\STM32CubeIDE\MAD_Lab\Lab7\Core\Inc\stm32f7xx_it.h_save
2023-09-24 21:47:52,955 [INFO] CodeEngine:279 - Generated code: C:\Users\honho\STM32CubeIDE\MAD_Lab\Lab7\Core\Inc\stm32f7xx_it.h
2023-09-24 21:47:53,000 [INFO] CodeEngine:255 - oldGeneratedFile, C:\Users\honho\STM32CubeIDE\MAD_Lab\Lab7\Core\Src\stm32f7xx_hal_msp.c_save
2023-09-24 21:47:53,105 [INFO] CodeEngine:279 - Generated code: C:\Users\honho\STM32CubeIDE\MAD_Lab\Lab7\Core\Src\stm32f7xx_hal_msp.c
2023-09-24 21:47:53,115 [INFO] CodeEngine:255 - oldGeneratedFile, C:\Users\honho\STM32CubeIDE\MAD_Lab\Lab7\MXTmpFiles\system.tmp_save
2023-09-24 21:47:53,175 [INFO] CodeEngine:279 - Generated code: C:\Users\honho\STM32CubeIDE\MAD_Lab\Lab7\MXTmpFiles\system.tmp
2023-09-24 21:47:53,188 [INFO] CodeEngine:311 - oldGeneratedFile, C:\Users\honho\STM32CubeIDE\MAD_Lab\Lab7\Core\Inc\stm32f7xx_hal_conf.h_save
2023-09-24 21:47:53,272 [INFO] CodeEngine:335 - Generated code: C:\Users\honho\STM32CubeIDE\MAD_Lab\Lab7\Core\Inc\stm32f7xx_hal_conf.h
2023-09-24 21:47:53,328 [INFO] CodeEngine:255 - oldGeneratedFile, C:\Users\honho\STM32CubeIDE\MAD_Lab\Lab7\Core\Inc\main.h_save
2023-09-24 21:47:53,427 [INFO] CodeEngine:279 - Generated code: C:\Users\honho\STM32CubeIDE\MAD_Lab\Lab7\Core\Inc\main.h
2023-09-24 21:47:53,437 [INFO] CodeEngine:255 - oldGeneratedFile, C:\Users\honho\STM32CubeIDE\MAD_Lab\Lab7\Core\Src\main.c_save
2023-09-24 21:47:53,543 [INFO] CodeEngine:279 - Generated code: C:\Users\honho\STM32CubeIDE\MAD_Lab\Lab7\Core\Src\main.c
2023-09-24 21:47:54,013 [INFO] ProjectBuilder:3064 - Time for Copy HAL[1] : 128mS.
2023-09-24 21:47:54,023 [INFO] ProjectBuilder:4404 - Project Generator version: 4.1.0
2023-09-24 21:47:54,290 [INFO] ConfigFileManager:1457 - The Die is : DIE451
2023-09-24 21:47:54,316 [INFO] ApiDbMcu:507 - Load IP Config File for FATFS
2023-09-24 21:47:54,357 [INFO] ApiDbMcu:507 - Load IP Config File for FREERTOS
2023-09-24 21:47:54,375 [INFO] ApiDbMcu:507 - Load IP Config File for LIBJPEG
2023-09-24 21:47:54,395 [INFO] ApiDbMcu:507 - Load IP Config File for LWIP
2023-09-24 21:47:54,418 [INFO] ApiDbMcu:507 - Load IP Config File for MBEDTLS
2023-09-24 21:47:54,433 [INFO] ApiDbMcu:507 - Load IP Config File for USB_DEVICE
2023-09-24 21:47:54,443 [INFO] ApiDbMcu:507 - Load IP Config File for USB_HOST
2023-09-24 21:47:55,372 [INFO] LogOutputStream:77 - [STDOUT_REDIRECT] 
2023-09-24 21:47:57,596 [INFO] ProjectBuilder:4626 - Time for Generating toolchain IDE Files: 3573mS.
2023-09-24 21:47:57,598 [INFO] ProjectBuilder:2935 - Time for Copy CMSIS : 0mS.
2023-09-24 21:47:57,600 [INFO] ProjectBuilder:2935 - Time for Copy CMSIS : 0mS.
2023-09-24 21:47:58,608 [INFO] McuFinderGlobals:76 - Set McuFinderConnectedMode to true
2023-09-24 21:47:58,612 [INFO] ApiDb:448 - Save user favorites file C:\Users\honho/.stm32cubeide/favorites.mcus.txt: 0 item(s)
2023-09-24 21:47:58,612 [INFO] ApiDb:452 - User favorites MCUs=[]
2023-09-24 21:58:38,769 [INFO] NvicIntPanel:101 - NVIC parent = com.st.microxplorer.plugins.ip.nvic.MultiNvicIntPanel[,0,0,0x0,invalid,layout=javax.swing.BoxLayout,alignmentX=0.0,alignmentY=0.0,border=,flags=9,maximumSize=,minimumSize=,preferredSize=]
2023-09-24 21:58:51,796 [INFO] NvicIntPanel:101 - NVIC parent = com.st.microxplorer.plugins.ip.nvic.MultiNvicIntPanel[,0,0,0x0,invalid,layout=javax.swing.BoxLayout,alignmentX=0.0,alignmentY=0.0,border=,flags=9,maximumSize=,minimumSize=,preferredSize=]
2023-09-24 21:59:20,726 [INFO] NvicIntPanel:101 - NVIC parent = com.st.microxplorer.plugins.ip.nvic.MultiNvicIntPanel[,0,0,0x0,invalid,layout=javax.swing.BoxLayout,alignmentX=0.0,alignmentY=0.0,border=,flags=9,maximumSize=,minimumSize=,preferredSize=]
2023-09-24 21:59:21,674 [INFO] UtilMem:75 - End SaveConfig() Used Memory: 891494088 Bytes (1073741824)
2023-09-24 21:59:22,831 [INFO] UtilMem:75 - End SaveConfig() Used Memory: 927145672 Bytes (1073741824)
2023-09-24 21:59:27,570 [INFO] UtilMem:75 - End SaveConfig() Used Memory: 601470640 Bytes (1073741824)
2023-09-24 21:59:27,774 [INFO] BlockDiagram:2759 - set Specific Code input for plugin: TIM1_8F77
2023-09-24 21:59:27,774 [INFO] BlockDiagram:2759 - set Specific Code input for plugin: RCC
2023-09-24 21:59:27,774 [INFO] BlockDiagram:2759 - set Specific Code input for plugin: NVIC
2023-09-24 21:59:27,774 [INFO] BlockDiagram:2759 - set Specific Code input for plugin: USART
2023-09-24 21:59:27,774 [INFO] BlockDiagram:2759 - set Specific Code input for plugin: USART
2023-09-24 21:59:27,774 [INFO] BlockDiagram:2759 - set Specific Code input for plugin: CORTEX_M7
2023-09-24 21:59:27,774 [INFO] BlockDiagram:2759 - set Specific Code input for plugin: GPIO
2023-09-24 21:59:27,775 [INFO] CodeGenerator:799 - code generatio: config db path: C:\ST\STM32CubeIDE_1.13.0\STM32CubeIDE\plugins\com.st.stm32cube.common.mx_6.9.0.202307051724\\db\
2023-09-24 21:59:27,926 [INFO] CodeEngine:255 - oldGeneratedFile, C:\Users\honho\STM32CubeIDE\MAD_Lab\Lab7\MXTmpFiles\license.tmp_save
2023-09-24 21:59:28,011 [INFO] CodeEngine:279 - Generated code: C:\Users\honho\STM32CubeIDE\MAD_Lab\Lab7\MXTmpFiles\license.tmp
2023-09-24 21:59:28,053 [INFO] CodeEngine:255 - oldGeneratedFile, C:\Users\honho\STM32CubeIDE\MAD_Lab\Lab7\Core\Src\gpio.c_save
2023-09-24 21:59:28,133 [INFO] CodeEngine:279 - Generated code: C:\Users\honho\STM32CubeIDE\MAD_Lab\Lab7\Core\Src\gpio.c
2023-09-24 21:59:28,142 [INFO] CodeEngine:255 - oldGeneratedFile, C:\Users\honho\STM32CubeIDE\MAD_Lab\Lab7\Core\Inc\gpio.h_save
2023-09-24 21:59:28,210 [INFO] CodeEngine:279 - Generated code: C:\Users\honho\STM32CubeIDE\MAD_Lab\Lab7\Core\Inc\gpio.h
2023-09-24 21:59:28,377 [INFO] CodeEngine:255 - oldGeneratedFile, C:\Users\honho\STM32CubeIDE\MAD_Lab\Lab7\MXTmpFiles\cortex.tmp_save
2023-09-24 21:59:28,468 [INFO] CodeEngine:279 - Generated code: C:\Users\honho\STM32CubeIDE\MAD_Lab\Lab7\MXTmpFiles\cortex.tmp
2023-09-24 21:59:28,481 [INFO] CodeEngine:255 - oldGeneratedFile, C:\Users\honho\STM32CubeIDE\MAD_Lab\Lab7\Core\Src\tim.c_save
2023-09-24 21:59:28,640 [INFO] CodeEngine:279 - Generated code: C:\Users\honho\STM32CubeIDE\MAD_Lab\Lab7\Core\Src\tim.c
2023-09-24 21:59:28,649 [INFO] CodeEngine:255 - oldGeneratedFile, C:\Users\honho\STM32CubeIDE\MAD_Lab\Lab7\Core\Inc\tim.h_save
2023-09-24 21:59:28,707 [INFO] CodeEngine:279 - Generated code: C:\Users\honho\STM32CubeIDE\MAD_Lab\Lab7\Core\Inc\tim.h
2023-09-24 21:59:28,714 [INFO] CodeEngine:255 - oldGeneratedFile, C:\Users\honho\STM32CubeIDE\MAD_Lab\Lab7\Core\Src\usart.c_save
2023-09-24 21:59:28,799 [INFO] CodeEngine:279 - Generated code: C:\Users\honho\STM32CubeIDE\MAD_Lab\Lab7\Core\Src\usart.c
2023-09-24 21:59:28,803 [INFO] CodeEngine:255 - oldGeneratedFile, C:\Users\honho\STM32CubeIDE\MAD_Lab\Lab7\Core\Inc\usart.h_save
2023-09-24 21:59:28,861 [INFO] CodeEngine:279 - Generated code: C:\Users\honho\STM32CubeIDE\MAD_Lab\Lab7\Core\Inc\usart.h
2023-09-24 21:59:28,875 [INFO] CodeEngine:255 - oldGeneratedFile, C:\Users\honho\STM32CubeIDE\MAD_Lab\Lab7\Core\Src\stm32f7xx_it.c_save
2023-09-24 21:59:28,974 [INFO] CodeEngine:279 - Generated code: C:\Users\honho\STM32CubeIDE\MAD_Lab\Lab7\Core\Src\stm32f7xx_it.c
2023-09-24 21:59:28,984 [INFO] CodeEngine:255 - oldGeneratedFile, C:\Users\honho\STM32CubeIDE\MAD_Lab\Lab7\Core\Inc\stm32f7xx_it.h_save
2023-09-24 21:59:29,026 [INFO] CodeEngine:279 - Generated code: C:\Users\honho\STM32CubeIDE\MAD_Lab\Lab7\Core\Inc\stm32f7xx_it.h
2023-09-24 21:59:29,051 [INFO] CodeEngine:255 - oldGeneratedFile, C:\Users\honho\STM32CubeIDE\MAD_Lab\Lab7\Core\Src\stm32f7xx_hal_msp.c_save
2023-09-24 21:59:29,109 [INFO] CodeEngine:279 - Generated code: C:\Users\honho\STM32CubeIDE\MAD_Lab\Lab7\Core\Src\stm32f7xx_hal_msp.c
2023-09-24 21:59:29,112 [INFO] CodeEngine:255 - oldGeneratedFile, C:\Users\honho\STM32CubeIDE\MAD_Lab\Lab7\MXTmpFiles\system.tmp_save
2023-09-24 21:59:29,152 [INFO] CodeEngine:279 - Generated code: C:\Users\honho\STM32CubeIDE\MAD_Lab\Lab7\MXTmpFiles\system.tmp
2023-09-24 21:59:29,165 [INFO] CodeEngine:311 - oldGeneratedFile, C:\Users\honho\STM32CubeIDE\MAD_Lab\Lab7\Core\Inc\stm32f7xx_hal_conf.h_save
2023-09-24 21:59:29,236 [INFO] CodeEngine:335 - Generated code: C:\Users\honho\STM32CubeIDE\MAD_Lab\Lab7\Core\Inc\stm32f7xx_hal_conf.h
2023-09-24 21:59:29,267 [INFO] CodeEngine:255 - oldGeneratedFile, C:\Users\honho\STM32CubeIDE\MAD_Lab\Lab7\Core\Inc\main.h_save
2023-09-24 21:59:29,340 [INFO] CodeEngine:279 - Generated code: C:\Users\honho\STM32CubeIDE\MAD_Lab\Lab7\Core\Inc\main.h
2023-09-24 21:59:29,350 [INFO] CodeEngine:255 - oldGeneratedFile, C:\Users\honho\STM32CubeIDE\MAD_Lab\Lab7\Core\Src\main.c_save
2023-09-24 21:59:29,437 [INFO] CodeEngine:279 - Generated code: C:\Users\honho\STM32CubeIDE\MAD_Lab\Lab7\Core\Src\main.c
2023-09-24 21:59:29,697 [INFO] ProjectBuilder:3064 - Time for Copy HAL[2] : 21mS.
2023-09-24 21:59:29,701 [INFO] ProjectBuilder:4404 - Project Generator version: 4.1.0
2023-09-24 21:59:29,906 [INFO] ConfigFileManager:1457 - The Die is : DIE451
2023-09-24 21:59:31,327 [INFO] ProjectBuilder:4626 - Time for Generating toolchain IDE Files: 1626mS.
2023-09-24 21:59:31,329 [INFO] ProjectBuilder:2935 - Time for Copy CMSIS : 1mS.
2023-09-24 21:59:31,332 [INFO] ProjectBuilder:2935 - Time for Copy CMSIS : 1mS.
